2023-06-06T08:27:17+00:00 CRITICAL Allowed memory size of 134217728 bytes exhausted (tried to allocate 32768 bytes) en /var/www/html/caprichoslaser.com/wp-content/plugins/wordpress-seo/src/integrations/watchers/indexable-date-archive-watcher.php en la línea 1

2023-06-06T08:28:50+00:00 CRITICAL Allowed memory size of 134217728 bytes exhausted (tried to allocate 16384 bytes) en /var/www/html/caprichoslaser.com/wp-content/plugins/woocommerce/includes/abstracts/abstract-wc-settings-api.php en la línea 442

2023-06-06T08:28:50+00:00 CRITICAL Allowed memory size of 134217728 bytes exhausted (tried to allocate 32768 bytes) en /var/www/html/caprichoslaser.com/wp-content/plugins/woocommerce/includes/shipping/flat-rate/includes/settings-flat-rate.php en la línea 1

2023-06-06T08:28:50+00:00 CRITICAL Allowed memory size of 134217728 bytes exhausted (tried to allocate 20480 bytes) en /var/www/html/caprichoslaser.com/wp-includes/blocks.php en la línea 842

2023-06-06T08:28:50+00:00 CRITICAL Allowed memory size of 134217728 bytes exhausted (tried to allocate 20480 bytes) en /var/www/html/caprichoslaser.com/wp-includes/pomo/mo.php en la línea 328

2023-06-06T08:28:50+00:00 CRITICAL Allowed memory size of 134217728 bytes exhausted (tried to allocate 32768 bytes) en /var/www/html/caprichoslaser.com/wp-content/plugins/woocommerce/includes/shipping/flat-rate/includes/settings-flat-rate.php en la línea 1

2023-06-06T08:28:57+00:00 CRITICAL Allowed memory size of 134217728 bytes exhausted (tried to allocate 32768 bytes) en /var/www/html/caprichoslaser.com/wp-content/plugins/woocommerce/includes/shipping/flat-rate/includes/settings-flat-rate.php en la línea 1

2023-06-06T08:28:57+00:00 CRITICAL Allowed memory size of 134217728 bytes exhausted (tried to allocate 16384 bytes) en /var/www/html/caprichoslaser.com/wp-content/plugins/woocommerce/includes/abstracts/abstract-wc-settings-api.php en la línea 442

2023-06-06T08:30:00+00:00 CRITICAL Allowed memory size of 134217728 bytes exhausted (tried to allocate 32768 bytes) en /var/www/html/caprichoslaser.com/wp-content/plugins/woocommerce/includes/shipping/flat-rate/includes/settings-flat-rate.php en la línea 1

2023-06-06T08:30:03+00:00 CRITICAL Allowed memory size of 134217728 bytes exhausted (tried to allocate 32768 bytes) en /var/www/html/caprichoslaser.com/wp-content/plugins/woocommerce/includes/shipping/flat-rate/includes/settings-flat-rate.php en la línea 1

2023-06-06T08:30:05+00:00 CRITICAL Allowed memory size of 134217728 bytes exhausted (tried to allocate 32768 bytes) en /var/www/html/caprichoslaser.com/wp-admin/includes/media.php en la línea 2045

2023-06-06T08:30:06+00:00 CRITICAL Allowed memory size of 134217728 bytes exhausted (tried to allocate 20480 bytes) en /var/www/html/caprichoslaser.com/wp-includes/pomo/mo.php en la línea 328

2023-06-06T08:30:45+00:00 CRITICAL Allowed memory size of 134217728 bytes exhausted (tried to allocate 32768 bytes) en /var/www/html/caprichoslaser.com/wp-content/plugins/woocommerce/includes/shipping/flat-rate/includes/settings-flat-rate.php en la línea 1

2023-06-06T08:48:32+00:00 CRITICAL Allowed memory size of 134217728 bytes exhausted (tried to allocate 16384 bytes) en /var/www/html/caprichoslaser.com/wp-content/plugins/woocommerce/includes/abstracts/abstract-wc-settings-api.php en la línea 442

2023-06-06T08:48:32+00:00 CRITICAL Allowed memory size of 134217728 bytes exhausted (tried to allocate 16384 bytes) en /var/www/html/caprichoslaser.com/wp-content/plugins/woocommerce/includes/abstracts/abstract-wc-settings-api.php en la línea 442

2023-06-06T08:48:32+00:00 CRITICAL Allowed memory size of 134217728 bytes exhausted (tried to allocate 16384 bytes) en /var/www/html/caprichoslaser.com/wp-content/plugins/woocommerce/includes/abstracts/abstract-wc-settings-api.php en la línea 442

2023-06-06T08:48:32+00:00 CRITICAL Allowed memory size of 134217728 bytes exhausted (tried to allocate 16384 bytes) en /var/www/html/caprichoslaser.com/wp-content/plugins/woocommerce/includes/abstracts/abstract-wc-settings-api.php en la línea 442

2023-06-06T08:48:32+00:00 CRITICAL Allowed memory size of 134217728 bytes exhausted (tried to allocate 16384 bytes) en /var/www/html/caprichoslaser.com/wp-content/plugins/woocommerce/includes/abstracts/abstract-wc-settings-api.php en la línea 442

2023-06-06T08:48:36+00:00 CRITICAL Allowed memory size of 134217728 bytes exhausted (tried to allocate 32768 bytes) en /var/www/html/caprichoslaser.com/wp-content/plugins/woocommerce/includes/shipping/flat-rate/includes/settings-flat-rate.php en la línea 1

2023-06-06T09:10:25+00:00 CRITICAL Allowed memory size of 134217728 bytes exhausted (tried to allocate 1429504 bytes) en /var/www/html/caprichoslaser.com/wp-content/themes/astra/inc/builder/controllers/class-astra-builder-ui-controller.php en la línea 39

2023-06-06T09:17:55+00:00 CRITICAL Allowed memory size of 134217728 bytes exhausted (tried to allocate 32768 bytes) en /var/www/html/caprichoslaser.com/wp-content/plugins/woocommerce/includes/shipping/flat-rate/includes/settings-flat-rate.php en la línea 1

2023-06-06T11:08:26+00:00 CRITICAL Allowed memory size of 134217728 bytes exhausted (tried to allocate 32768 bytes) en /var/www/html/caprichoslaser.com/wp-content/plugins/wordpress-seo/src/integrations/watchers/indexable-date-archive-watcher.php en la línea 1

2023-06-06T12:01:15+00:00 CRITICAL Allowed memory size of 134217728 bytes exhausted (tried to allocate 8192 bytes) en /var/www/html/caprichoslaser.com/wp-admin/includes/media.php en la línea 2573

2023-06-06T12:35:18+00:00 CRITICAL Allowed memory size of 134217728 bytes exhausted (tried to allocate 32768 bytes) en /var/www/html/caprichoslaser.com/wp-content/plugins/wordpress-seo/src/integrations/watchers/indexable-date-archive-watcher.php en la línea 1

2023-06-06T13:35:36+00:00 CRITICAL Allowed memory size of 134217728 bytes exhausted (tried to allocate 32768 bytes) en /var/www/html/caprichoslaser.com/wp-content/plugins/wordpress-seo/src/integrations/watchers/indexable-date-archive-watcher.php en la línea 1

2023-06-06T13:39:19+00:00 CRITICAL Allowed memory size of 134217728 bytes exhausted (tried to allocate 32768 bytes) en /var/www/html/caprichoslaser.com/wp-content/plugins/wordpress-seo/src/integrations/watchers/indexable-date-archive-watcher.php en la línea 1

2023-06-06T13:39:19+00:00 CRITICAL Allowed memory size of 134217728 bytes exhausted (tried to allocate 32768 bytes) en /var/www/html/caprichoslaser.com/wp-content/plugins/woocommerce/includes/shipping/flat-rate/includes/settings-flat-rate.php en la línea 1

2023-06-06T13:39:20+00:00 CRITICAL Allowed memory size of 134217728 bytes exhausted (tried to allocate 16384 bytes) en /var/www/html/caprichoslaser.com/wp-content/plugins/woocommerce/includes/abstracts/abstract-wc-settings-api.php en la línea 442

2023-06-06T13:39:20+00:00 CRITICAL Allowed memory size of 134217728 bytes exhausted (tried to allocate 20480 bytes) en /var/www/html/caprichoslaser.com/wp-includes/pomo/mo.php en la línea 328

2023-06-06T13:39:20+00:00 CRITICAL Allowed memory size of 134217728 bytes exhausted (tried to allocate 32768 bytes) en /var/www/html/caprichoslaser.com/wp-content/plugins/woocommerce/includes/shipping/flat-rate/includes/settings-flat-rate.php en la línea 1

2023-06-06T13:39:26+00:00 CRITICAL Allowed memory size of 134217728 bytes exhausted (tried to allocate 32768 bytes) en /var/www/html/caprichoslaser.com/wp-content/plugins/woocommerce/includes/shipping/flat-rate/includes/settings-flat-rate.php en la línea 1

2023-06-06T13:39:41+00:00 CRITICAL Allowed memory size of 134217728 bytes exhausted (tried to allocate 32768 bytes) en /var/www/html/caprichoslaser.com/wp-content/plugins/woocommerce/includes/shipping/flat-rate/includes/settings-flat-rate.php en la línea 1

2023-06-06T13:39:56+00:00 CRITICAL Allowed memory size of 134217728 bytes exhausted (tried to allocate 32768 bytes) en /var/www/html/caprichoslaser.com/wp-admin/includes/media.php en la línea 1998

2023-06-06T13:40:06+00:00 CRITICAL Allowed memory size of 134217728 bytes exhausted (tried to allocate 20480 bytes) en /var/www/html/caprichoslaser.com/wp-includes/pomo/mo.php en la línea 328

2023-06-06T13:40:12+00:00 CRITICAL Allowed memory size of 134217728 bytes exhausted (tried to allocate 16384 bytes) en /var/www/html/caprichoslaser.com/wp-content/plugins/woocommerce/includes/abstracts/abstract-wc-settings-api.php en la línea 442

2023-06-06T13:40:26+00:00 CRITICAL Allowed memory size of 134217728 bytes exhausted (tried to allocate 16384 bytes) en /var/www/html/caprichoslaser.com/wp-content/plugins/woocommerce/includes/abstracts/abstract-wc-settings-api.php en la línea 442

2023-06-06T14:51:44+00:00 CRITICAL Allowed memory size of 134217728 bytes exhausted (tried to allocate 32768 bytes) en /var/www/html/caprichoslaser.com/wp-content/plugins/wordpress-seo/src/integrations/watchers/indexable-post-watcher.php en la línea 1

2023-06-06T14:56:31+00:00 CRITICAL Allowed memory size of 134217728 bytes exhausted (tried to allocate 32768 bytes) en /var/www/html/caprichoslaser.com/wp-content/plugins/wordpress-seo/src/integrations/watchers/indexable-date-archive-watcher.php en la línea 1

2023-06-06T22:36:09+00:00 CRITICAL Allowed memory size of 134217728 bytes exhausted (tried to allocate 163840 bytes) en /var/www/html/caprichoslaser.com/wp-includes/functions.php en la línea 649

2023-06-06T22:36:11+00:00 CRITICAL Allowed memory size of 134217728 bytes exhausted (tried to allocate 163840 bytes) en /var/www/html/caprichoslaser.com/wp-includes/functions.php en la línea 649

2023-06-06T22:37:38+00:00 CRITICAL Allowed memory size of 134217728 bytes exhausted (tried to allocate 163840 bytes) en /var/www/html/caprichoslaser.com/wp-includes/functions.php en la línea 649

2023-06-06T22:43:39+00:00 CRITICAL Allowed memory size of 134217728 bytes exhausted (tried to allocate 163840 bytes) en /var/www/html/caprichoslaser.com/wp-includes/functions.php en la línea 649

2023-06-06T22:50:06+00:00 CRITICAL Allowed memory size of 134217728 bytes exhausted (tried to allocate 163840 bytes) en /var/www/html/caprichoslaser.com/wp-includes/functions.php en la línea 649

2023-06-06T22:51:10+00:00 CRITICAL Allowed memory size of 134217728 bytes exhausted (tried to allocate 163840 bytes) en /var/www/html/caprichoslaser.com/wp-includes/functions.php en la línea 649

2023-06-06T22:51:15+00:00 CRITICAL Allowed memory size of 134217728 bytes exhausted (tried to allocate 163840 bytes) en /var/www/html/caprichoslaser.com/wp-includes/functions.php en la línea 649

2023-06-06T22:51:16+00:00 CRITICAL Allowed memory size of 134217728 bytes exhausted (tried to allocate 163840 bytes) en /var/www/html/caprichoslaser.com/wp-includes/functions.php en la línea 649

2023-06-06T22:55:17+00:00 CRITICAL Allowed memory size of 134217728 bytes exhausted (tried to allocate 163840 bytes) en /var/www/html/caprichoslaser.com/wp-includes/functions.php en la línea 649

2023-06-06T23:00:11+00:00 CRITICAL Allowed memory size of 134217728 bytes exhausted (tried to allocate 163840 bytes) en /var/www/html/caprichoslaser.com/wp-includes/functions.php en la línea 649

2023-06-06T23:01:15+00:00 CRITICAL Allowed memory size of 134217728 bytes exhausted (tried to allocate 4096 bytes) in /var/www/html/caprichoslaser.com/wp-includes/pomo/streams.php on line 127

2023-06-06T23:46:42+00:00 CRITICAL Allowed memory size of 134217728 bytes exhausted (tried to allocate 32768 bytes) en /var/www/html/caprichoslaser.com/wp-content/themes/astra/inc/core/builder/class-astra-builder-options.php en la línea 1897

2023-06-06T23:46:51+00:00 CRITICAL Allowed memory size of 134217728 bytes exhausted (tried to allocate 524288 bytes) en /var/www/html/caprichoslaser.com/wp-content/plugins/jetpack/jetpack_vendor/automattic/jetpack-compat/lib/locales.php en la línea 2253

2023-06-06T23:54:00+00:00 CRITICAL Allowed memory size of 134217728 bytes exhausted (tried to allocate 163840 bytes) en /var/www/html/caprichoslaser.com/wp-includes/functions.php en la línea 649

