2023-05-28T03:33:20+00:00 CRITICAL Allowed memory size of 134217728 bytes exhausted (tried to allocate 32768 bytes) en /var/www/html/caprichoslaser.com/wp-admin/includes/media.php en la línea 2798

2023-05-28T03:33:21+00:00 CRITICAL Allowed memory size of 134217728 bytes exhausted (tried to allocate 65536 bytes) en /var/www/html/caprichoslaser.com/wp-content/plugins/elementor/includes/controls/wysiwyg.php en la línea 67

2023-05-28T03:42:16+00:00 CRITICAL Allowed memory size of 134217728 bytes exhausted (tried to allocate 32768 bytes) en /var/www/html/caprichoslaser.com/wp-admin/includes/post.php en la línea 1548

2023-05-28T03:50:17+00:00 CRITICAL Allowed memory size of 134217728 bytes exhausted (tried to allocate 524288 bytes) en /var/www/html/caprichoslaser.com/wp-content/plugins/jetpack/jetpack_vendor/automattic/jetpack-compat/lib/locales.php en la línea 2253

2023-05-28T03:58:24+00:00 CRITICAL Allowed memory size of 134217728 bytes exhausted (tried to allocate 32768 bytes) en /var/www/html/caprichoslaser.com/wp-content/plugins/woocommerce-gateway-stripe/includes/admin/stripe-settings.php en la línea 120

2023-05-28T04:11:21+00:00 CRITICAL Allowed memory size of 134217728 bytes exhausted (tried to allocate 32768 bytes) en /var/www/html/caprichoslaser.com/wp-content/plugins/woocommerce/packages/woocommerce-blocks/src/BlockTypes/ProductButton.php en la línea 1

2023-05-28T04:11:54+00:00 CRITICAL Allowed memory size of 134217728 bytes exhausted (tried to allocate 20480 bytes) en /var/www/html/caprichoslaser.com/wp-content/plugins/wordpress-seo/src/integrations/admin/redirect-integration.php en la línea 48

2023-05-28T04:27:37+00:00 CRITICAL Allowed memory size of 134217728 bytes exhausted (tried to allocate 524288 bytes) en /var/www/html/caprichoslaser.com/wp-content/plugins/jetpack/jetpack_vendor/automattic/jetpack-compat/lib/locales.php en la línea 2253

2023-05-28T04:40:04+00:00 CRITICAL Allowed memory size of 134217728 bytes exhausted (tried to allocate 524288 bytes) en /var/www/html/caprichoslaser.com/wp-content/plugins/jetpack/jetpack_vendor/automattic/jetpack-compat/lib/locales.php en la línea 2253

2023-05-28T04:40:44+00:00 CRITICAL Allowed memory size of 134217728 bytes exhausted (tried to allocate 32768 bytes) en /var/www/html/caprichoslaser.com/wp-content/plugins/woocommerce-gateway-stripe/includes/admin/stripe-settings.php en la línea 120

2023-05-28T04:52:50+00:00 CRITICAL Allowed memory size of 134217728 bytes exhausted (tried to allocate 524288 bytes) en /var/www/html/caprichoslaser.com/wp-content/plugins/jetpack/jetpack_vendor/automattic/jetpack-compat/lib/locales.php en la línea 2253

2023-05-28T04:54:47+00:00 CRITICAL Allowed memory size of 134217728 bytes exhausted (tried to allocate 524288 bytes) en /var/www/html/caprichoslaser.com/wp-content/plugins/jetpack/jetpack_vendor/automattic/jetpack-compat/lib/locales.php en la línea 2253

2023-05-28T05:17:01+00:00 CRITICAL Allowed memory size of 134217728 bytes exhausted (tried to allocate 32768 bytes) en /var/www/html/caprichoslaser.com/wp-admin/includes/post.php en la línea 1548

2023-05-28T05:27:03+00:00 CRITICAL Allowed memory size of 134217728 bytes exhausted (tried to allocate 90112 bytes) en /var/www/html/caprichoslaser.com/wp-content/plugins/jetpack/class.jetpack.php en la línea 1268

2023-05-28T05:51:18+00:00 CRITICAL Allowed memory size of 134217728 bytes exhausted (tried to allocate 32768 bytes) en /var/www/html/caprichoslaser.com/wp-admin/includes/image.php en la línea 818

2023-05-28T06:01:20+00:00 CRITICAL Allowed memory size of 134217728 bytes exhausted (tried to allocate 20480 bytes) en /var/www/html/caprichoslaser.com/wp-content/plugins/woocommerce/includes/admin/class-wc-admin-notices.php en la línea 9

2023-05-28T06:09:25+00:00 CRITICAL Allowed memory size of 134217728 bytes exhausted (tried to allocate 114688 bytes) en /var/www/html/caprichoslaser.com/wp-includes/blocks.php en la línea 321

2023-05-28T06:11:25+00:00 CRITICAL Allowed memory size of 134217728 bytes exhausted (tried to allocate 90112 bytes) en /var/www/html/caprichoslaser.com/wp-content/plugins/jetpack/class.jetpack.php en la línea 1268

2023-05-28T06:15:46+00:00 CRITICAL Allowed memory size of 134217728 bytes exhausted (tried to allocate 20480 bytes) en /var/www/html/caprichoslaser.com/wp-includes/pomo/mo.php en la línea 328

2023-05-28T06:15:48+00:00 CRITICAL Allowed memory size of 134217728 bytes exhausted (tried to allocate 131072 bytes) en /var/www/html/caprichoslaser.com/wp-content/plugins/woocommerce/i18n/states.php en la línea 241

2023-05-28T06:21:33+00:00 CRITICAL Allowed memory size of 134217728 bytes exhausted (tried to allocate 1429504 bytes) en /var/www/html/caprichoslaser.com/wp-content/themes/astra/assets/svg/svgs.json en la línea 1

2023-05-28T06:21:46+00:00 CRITICAL Allowed memory size of 134217728 bytes exhausted (tried to allocate 32768 bytes) en /var/www/html/caprichoslaser.com/wp-content/themes/astra/inc/core/builder/class-astra-builder-options.php en la línea 796

2023-05-28T06:42:27+00:00 CRITICAL Allowed memory size of 134217728 bytes exhausted (tried to allocate 131072 bytes) en /var/www/html/caprichoslaser.com/wp-content/plugins/woocommerce/i18n/states.php en la línea 241

2023-05-28T06:47:44+00:00 CRITICAL Allowed memory size of 134217728 bytes exhausted (tried to allocate 20480 bytes) en /var/www/html/caprichoslaser.com/wp-includes/functions.php en la línea 6932

2023-05-28T06:50:00+00:00 CRITICAL Allowed memory size of 134217728 bytes exhausted (tried to allocate 1429504 bytes) en /var/www/html/caprichoslaser.com/wp-content/themes/astra/assets/svg/svgs.json en la línea 1

2023-05-28T06:51:05+00:00 CRITICAL Allowed memory size of 134217728 bytes exhausted (tried to allocate 655360 bytes) in /var/www/html/caprichoslaser.com/wp-includes/pomo/mo.php on line 302

2023-05-28T07:00:02+00:00 CRITICAL Allowed memory size of 134217728 bytes exhausted (tried to allocate 1429504 bytes) en /var/www/html/caprichoslaser.com/wp-content/themes/astra/inc/builder/controllers/class-astra-builder-ui-controller.php en la línea 39

2023-05-28T07:07:53+00:00 CRITICAL Allowed memory size of 134217728 bytes exhausted (tried to allocate 32768 bytes) en /var/www/html/caprichoslaser.com/wp-admin/includes/ajax-actions.php en la línea 3948

2023-05-28T07:09:53+00:00 CRITICAL Allowed memory size of 134217728 bytes exhausted (tried to allocate 200704 bytes) en /var/www/html/caprichoslaser.com/wp-includes/pomo/streams.php en la línea 229

2023-05-28T07:11:54+00:00 CRITICAL Allowed memory size of 134217728 bytes exhausted (tried to allocate 32768 bytes) en /var/www/html/caprichoslaser.com/wp-admin/includes/image.php en la línea 881

2023-05-28T07:26:00+00:00 CRITICAL Allowed memory size of 134217728 bytes exhausted (tried to allocate 200704 bytes) en /var/www/html/caprichoslaser.com/wp-includes/pomo/streams.php en la línea 229

2023-05-28T07:52:01+00:00 CRITICAL Allowed memory size of 134217728 bytes exhausted (tried to allocate 36864 bytes) en /var/www/html/caprichoslaser.com/wp-content/plugins/jetpack/vendor/jetpack-autoloader/class-php-autoloader.php en la línea 90

2023-05-28T07:52:06+00:00 CRITICAL Allowed memory size of 134217728 bytes exhausted (tried to allocate 32768 bytes) en /var/www/html/caprichoslaser.com/wp-content/themes/astra/inc/core/builder/class-astra-builder-options.php en la línea 796

2023-05-28T08:02:16+00:00 CRITICAL Allowed memory size of 134217728 bytes exhausted (tried to allocate 163840 bytes) en /var/www/html/caprichoslaser.com/wp-includes/functions.php en la línea 649

2023-05-28T08:04:16+00:00 CRITICAL Allowed memory size of 134217728 bytes exhausted (tried to allocate 163840 bytes) en /var/www/html/caprichoslaser.com/wp-includes/functions.php en la línea 649

2023-05-28T08:05:35+00:00 CRITICAL Allowed memory size of 134217728 bytes exhausted (tried to allocate 135168 bytes) en /var/www/html/caprichoslaser.com/wp-includes/pomo/streams.php en la línea 127

2023-05-28T08:06:22+00:00 CRITICAL Allowed memory size of 134217728 bytes exhausted (tried to allocate 32768 bytes) en /var/www/html/caprichoslaser.com/wp-content/themes/astra/inc/core/builder/class-astra-builder-options.php en la línea 796

2023-05-28T08:08:21+00:00 CRITICAL Allowed memory size of 134217728 bytes exhausted (tried to allocate 32768 bytes) en /var/www/html/caprichoslaser.com/wp-content/plugins/wordpress-seo/src/integrations/admin/integrations-page.php en la línea 193

2023-05-28T08:23:54+00:00 CRITICAL Allowed memory size of 134217728 bytes exhausted (tried to allocate 32768 bytes) en /var/www/html/caprichoslaser.com/wp-content/plugins/wordpress-seo/inc/class-wpseo-image-utils.php en la línea 1

2023-05-28T08:26:28+00:00 CRITICAL Allowed memory size of 134217728 bytes exhausted (tried to allocate 32768 bytes) en /var/www/html/caprichoslaser.com/wp-includes/blocks/blocks-json.php en la línea 1

2023-05-28T08:30:32+00:00 CRITICAL Allowed memory size of 134217728 bytes exhausted (tried to allocate 20480 bytes) en /var/www/html/caprichoslaser.com/wp-admin/includes/ajax-actions.php en la línea 216

2023-05-28T08:34:24+00:00 CRITICAL Allowed memory size of 134217728 bytes exhausted (tried to allocate 32768 bytes) en /var/www/html/caprichoslaser.com/wp-content/plugins/jetpack/jetpack_vendor/automattic/jetpack-videopress/src/class-block-editor-extensions.php en la línea 1

2023-05-28T08:44:38+00:00 CRITICAL Allowed memory size of 134217728 bytes exhausted (tried to allocate 65536 bytes) en /var/www/html/caprichoslaser.com/wp-content/plugins/wordpress-seo/src/integrations/admin/redirects-page-integration.php en la línea 19

2023-05-28T08:50:43+00:00 CRITICAL Allowed memory size of 134217728 bytes exhausted (tried to allocate 81920 bytes) en /var/www/html/caprichoslaser.com/wp-content/plugins/mailpoet/vendor/composer/ClassLoader.php en la línea 223

2023-05-28T08:55:23+00:00 CRITICAL Allowed memory size of 134217728 bytes exhausted (tried to allocate 32768 bytes) en /var/www/html/caprichoslaser.com/wp-content/themes/astra/inc/core/builder/class-astra-builder-options.php en la línea 796

2023-05-28T08:58:02+00:00 CRITICAL Allowed memory size of 134217728 bytes exhausted (tried to allocate 81920 bytes) en /var/www/html/caprichoslaser.com/wp-content/plugins/mailpoet/vendor/composer/ClassLoader.php en la línea 223

2023-05-28T09:04:48+00:00 CRITICAL Allowed memory size of 134217728 bytes exhausted (tried to allocate 32768 bytes) en /var/www/html/caprichoslaser.com/wp-content/plugins/woocommerce/includes/admin/class-wc-admin-assets.php en la línea 346

2023-05-28T09:12:50+00:00 CRITICAL Allowed memory size of 134217728 bytes exhausted (tried to allocate 32768 bytes) en /var/www/html/caprichoslaser.com/wp-includes/blocks/blocks-json.php en la línea 1

2023-05-28T09:16:52+00:00 CRITICAL Allowed memory size of 134217728 bytes exhausted (tried to allocate 81920 bytes) en /var/www/html/caprichoslaser.com/wp-content/plugins/mailpoet/vendor/composer/ClassLoader.php en la línea 223

2023-05-28T09:24:56+00:00 CRITICAL Allowed memory size of 134217728 bytes exhausted (tried to allocate 798720 bytes) in /var/www/html/caprichoslaser.com/wp-includes/pomo/streams.php on line 229

2023-05-28T09:35:02+00:00 CRITICAL Allowed memory size of 134217728 bytes exhausted (tried to allocate 90112 bytes) en /var/www/html/caprichoslaser.com/wp-content/plugins/jetpack/class.jetpack.php en la línea 1268

2023-05-28T09:43:05+00:00 CRITICAL Allowed memory size of 134217728 bytes exhausted (tried to allocate 32768 bytes) en /var/www/html/caprichoslaser.com/wp-content/plugins/wordpress-seo/src/integrations/admin/integrations-page.php en la línea 1

2023-05-28T09:45:06+00:00 CRITICAL Allowed memory size of 134217728 bytes exhausted (tried to allocate 90112 bytes) en /var/www/html/caprichoslaser.com/wp-content/plugins/jetpack/class.jetpack.php en la línea 1268

2023-05-28T09:45:12+00:00 CRITICAL Allowed memory size of 134217728 bytes exhausted (tried to allocate 32768 bytes) en /var/www/html/caprichoslaser.com/wp-content/themes/astra/inc/core/builder/class-astra-builder-options.php en la línea 796

2023-05-28T09:48:47+00:00 CRITICAL Allowed memory size of 134217728 bytes exhausted (tried to allocate 32768 bytes) en /var/www/html/caprichoslaser.com/wp-content/plugins/wordpress-seo/inc/class-wpseo-image-utils.php en la línea 499

2023-05-28T09:51:07+00:00 CRITICAL Allowed memory size of 134217728 bytes exhausted (tried to allocate 135168 bytes) en /var/www/html/caprichoslaser.com/wp-includes/pomo/streams.php en la línea 127

2023-05-28T10:25:47+00:00 CRITICAL Allowed memory size of 134217728 bytes exhausted (tried to allocate 1429504 bytes) en /var/www/html/caprichoslaser.com/wp-content/themes/astra/assets/svg/svgs.json en la línea 1

2023-05-28T10:35:20+00:00 CRITICAL Allowed memory size of 134217728 bytes exhausted (tried to allocate 32768 bytes) en /var/www/html/caprichoslaser.com/wp-content/plugins/woocommerce/packages/woocommerce-blocks/src/BlockTypes/CheckoutOrderSummaryBlock.php en la línea 1

2023-05-28T10:47:14+00:00 CRITICAL Allowed memory size of 134217728 bytes exhausted (tried to allocate 65536 bytes) en /var/www/html/caprichoslaser.com/wp-content/plugins/wordpress-seo/src/generators/breadcrumbs-generator.php en la línea 38

2023-05-28T11:03:19+00:00 CRITICAL Allowed memory size of 134217728 bytes exhausted (tried to allocate 1429504 bytes) en /var/www/html/caprichoslaser.com/wp-content/themes/astra/inc/builder/controllers/class-astra-builder-ui-controller.php en la línea 39

2023-05-28T11:05:52+00:00 CRITICAL Allowed memory size of 134217728 bytes exhausted (tried to allocate 32768 bytes) en /var/www/html/caprichoslaser.com/wp-content/themes/astra/inc/core/builder/class-astra-builder-options.php en la línea 796

2023-05-28T11:07:13+00:00 CRITICAL Allowed memory size of 134217728 bytes exhausted (tried to allocate 32768 bytes) en /var/www/html/caprichoslaser.com/wp-content/themes/astra/inc/core/builder/class-astra-builder-options.php en la línea 796

2023-05-28T11:07:24+00:00 CRITICAL Allowed memory size of 134217728 bytes exhausted (tried to allocate 32768 bytes) en /var/www/html/caprichoslaser.com/wp-content/themes/astra/inc/core/builder/class-astra-builder-options.php en la línea 796

2023-05-28T11:30:13+00:00 CRITICAL Allowed memory size of 134217728 bytes exhausted (tried to allocate 32768 bytes) en /var/www/html/caprichoslaser.com/wp-content/themes/astra/inc/core/builder/class-astra-builder-options.php en la línea 796

2023-05-28T11:31:16+00:00 CRITICAL Allowed memory size of 134217728 bytes exhausted (tried to allocate 32768 bytes) en /var/www/html/caprichoslaser.com/wp-content/themes/astra/inc/core/builder/class-astra-builder-options.php en la línea 796

2023-05-28T11:31:21+00:00 CRITICAL Allowed memory size of 134217728 bytes exhausted (tried to allocate 32768 bytes) en /var/www/html/caprichoslaser.com/wp-content/themes/astra/inc/core/builder/class-astra-builder-options.php en la línea 796

2023-05-28T11:31:23+00:00 CRITICAL Allowed memory size of 134217728 bytes exhausted (tried to allocate 32768 bytes) en /var/www/html/caprichoslaser.com/wp-content/themes/astra/inc/core/builder/class-astra-builder-options.php en la línea 796

2023-05-28T11:31:39+00:00 CRITICAL Allowed memory size of 134217728 bytes exhausted (tried to allocate 32768 bytes) en /var/www/html/caprichoslaser.com/wp-content/themes/astra/inc/core/builder/class-astra-builder-options.php en la línea 796

2023-05-28T11:36:28+00:00 CRITICAL Allowed memory size of 134217728 bytes exhausted (tried to allocate 20480 bytes) en /var/www/html/caprichoslaser.com/wp-content/plugins/wordpress-seo/inc/class-wpseo-image-utils.php en la línea 89

2023-05-28T11:58:03+00:00 CRITICAL Allowed memory size of 134217728 bytes exhausted (tried to allocate 32768 bytes) en /var/www/html/caprichoslaser.com/wp-content/themes/astra/inc/core/builder/class-astra-builder-options.php en la línea 796

2023-05-28T12:48:30+00:00 CRITICAL Allowed memory size of 134217728 bytes exhausted (tried to allocate 49152 bytes) en /var/www/html/caprichoslaser.com/wp-includes/functions.php en la línea 4256

2023-05-28T12:51:51+00:00 CRITICAL Allowed memory size of 134217728 bytes exhausted (tried to allocate 65536 bytes) en /var/www/html/caprichoslaser.com/wp-content/plugins/wordpress-seo/src/context/meta-tags-context.php en la línea 634

2023-05-28T12:52:35+00:00 CRITICAL Allowed memory size of 134217728 bytes exhausted (tried to allocate 32768 bytes) en /var/www/html/caprichoslaser.com/wp-content/themes/astra/inc/core/builder/class-astra-builder-options.php en la línea 796

2023-05-28T13:16:06+00:00 CRITICAL Allowed memory size of 134217728 bytes exhausted (tried to allocate 32768 bytes) en /var/www/html/caprichoslaser.com/wp-content/themes/astra/inc/core/builder/class-astra-builder-options.php en la línea 796

2023-05-28T13:51:09+00:00 CRITICAL Allowed memory size of 134217728 bytes exhausted (tried to allocate 32768 bytes) en /var/www/html/caprichoslaser.com/wp-content/themes/astra/inc/core/builder/class-astra-builder-options.php en la línea 796

2023-05-28T14:10:03+00:00 CRITICAL Allowed memory size of 134217728 bytes exhausted (tried to allocate 32768 bytes) en /var/www/html/caprichoslaser.com/wp-content/plugins/woocommerce/packages/woocommerce-blocks/src/BlockTypes/CheckoutOrderSummaryDiscountBlock.php en la línea 1

2023-05-28T14:17:41+00:00 CRITICAL Allowed memory size of 134217728 bytes exhausted (tried to allocate 32768 bytes) en /var/www/html/caprichoslaser.com/wp-content/plugins/wordpress-seo/inc/class-wpseo-image-utils.php en la línea 1

2023-05-28T14:18:31+00:00 CRITICAL Allowed memory size of 134217728 bytes exhausted (tried to allocate 32768 bytes) en /var/www/html/caprichoslaser.com/wp-content/themes/astra/inc/core/builder/class-astra-builder-options.php en la línea 796

2023-05-28T14:41:51+00:00 CRITICAL Allowed memory size of 134217728 bytes exhausted (tried to allocate 32768 bytes) en /var/www/html/caprichoslaser.com/wp-content/themes/astra/inc/core/builder/class-astra-builder-options.php en la línea 796

2023-05-28T14:44:29+00:00 CRITICAL Allowed memory size of 134217728 bytes exhausted (tried to allocate 20480 bytes) en /var/www/html/caprichoslaser.com/wp-includes/rest-api/class-wp-rest-server.php en la línea 916

2023-05-28T14:51:32+00:00 CRITICAL Allowed memory size of 134217728 bytes exhausted (tried to allocate 32768 bytes) en /var/www/html/caprichoslaser.com/wp-content/themes/astra/inc/core/builder/class-astra-builder-options.php en la línea 796

2023-05-28T14:51:36+00:00 CRITICAL Allowed memory size of 134217728 bytes exhausted (tried to allocate 32768 bytes) en /var/www/html/caprichoslaser.com/wp-content/themes/astra/inc/core/builder/class-astra-builder-options.php en la línea 796

2023-05-28T14:55:28+00:00 CRITICAL Allowed memory size of 134217728 bytes exhausted (tried to allocate 32768 bytes) en /var/www/html/caprichoslaser.com/wp-content/themes/astra/inc/core/builder/class-astra-builder-options.php en la línea 796

2023-05-28T14:55:29+00:00 CRITICAL Allowed memory size of 134217728 bytes exhausted (tried to allocate 32768 bytes) en /var/www/html/caprichoslaser.com/wp-content/themes/astra/inc/core/builder/class-astra-builder-options.php en la línea 796

2023-05-28T15:00:13+00:00 CRITICAL Allowed memory size of 134217728 bytes exhausted (tried to allocate 528384 bytes) in /var/www/html/caprichoslaser.com/wp-includes/pomo/streams.php on line 127

2023-05-28T15:14:24+00:00 CRITICAL Allowed memory size of 134217728 bytes exhausted (tried to allocate 32768 bytes) en /var/www/html/caprichoslaser.com/wp-content/plugins/wordpress-seo/src/generators/breadcrumbs-generator.php en la línea 349

2023-05-28T15:21:51+00:00 CRITICAL Allowed memory size of 134217728 bytes exhausted (tried to allocate 798720 bytes) in /var/www/html/caprichoslaser.com/wp-includes/pomo/streams.php on line 229

2023-05-28T15:27:03+00:00 CRITICAL Allowed memory size of 134217728 bytes exhausted (tried to allocate 20480 bytes) en /var/www/html/caprichoslaser.com/wp-includes/post.php en la línea 2060

2023-05-28T15:30:41+00:00 CRITICAL Allowed memory size of 134217728 bytes exhausted (tried to allocate 1052672 bytes) en /var/www/html/caprichoslaser.com/wp-includes/SimplePie/Parser.php en la línea 175

2023-05-28T15:34:21+00:00 CRITICAL Allowed memory size of 134217728 bytes exhausted (tried to allocate 163840 bytes) en /var/www/html/caprichoslaser.com/wp-includes/functions.php en la línea 649

2023-05-28T15:35:49+00:00 CRITICAL Allowed memory size of 134217728 bytes exhausted (tried to allocate 163840 bytes) en /var/www/html/caprichoslaser.com/wp-includes/functions.php en la línea 649

2023-05-28T15:38:11+00:00 CRITICAL Allowed memory size of 134217728 bytes exhausted (tried to allocate 32768 bytes) en /var/www/html/caprichoslaser.com/wp-content/themes/astra/inc/core/builder/class-astra-builder-options.php en la línea 796

2023-05-28T15:38:47+00:00 CRITICAL Allowed memory size of 134217728 bytes exhausted (tried to allocate 163840 bytes) en /var/www/html/caprichoslaser.com/wp-includes/functions.php en la línea 649

2023-05-28T15:42:43+00:00 CRITICAL Allowed memory size of 134217728 bytes exhausted (tried to allocate 163840 bytes) en /var/www/html/caprichoslaser.com/wp-includes/functions.php en la línea 649

2023-05-28T15:43:03+00:00 CRITICAL Allowed memory size of 134217728 bytes exhausted (tried to allocate 528384 bytes) in /var/www/html/caprichoslaser.com/wp-includes/pomo/streams.php on line 127

2023-05-28T15:44:09+00:00 CRITICAL Allowed memory size of 134217728 bytes exhausted (tried to allocate 32768 bytes) en /var/www/html/caprichoslaser.com/wp-content/themes/astra/inc/core/builder/class-astra-builder-options.php en la línea 796

2023-05-28T15:47:59+00:00 CRITICAL Allowed memory size of 134217728 bytes exhausted (tried to allocate 32768 bytes) en /var/www/html/caprichoslaser.com/wp-content/themes/astra/inc/core/builder/class-astra-builder-options.php en la línea 796

2023-05-28T15:48:46+00:00 CRITICAL Allowed memory size of 134217728 bytes exhausted (tried to allocate 32768 bytes) en /var/www/html/caprichoslaser.com/wp-content/themes/astra/inc/core/builder/class-astra-builder-options.php en la línea 796

2023-05-28T15:50:33+00:00 CRITICAL Allowed memory size of 134217728 bytes exhausted (tried to allocate 32768 bytes) en /var/www/html/caprichoslaser.com/wp-content/themes/astra/inc/core/builder/class-astra-builder-options.php en la línea 796

2023-05-28T15:57:20+00:00 CRITICAL Allowed memory size of 134217728 bytes exhausted (tried to allocate 131072 bytes) en /var/www/html/caprichoslaser.com/wp-content/themes/astra/inc/builder/type/header/woo-cart/dynamic-css/dynamic.css.php en la línea 428

2023-05-28T15:57:51+00:00 CRITICAL Allowed memory size of 134217728 bytes exhausted (tried to allocate 32768 bytes) en /var/www/html/caprichoslaser.com/wp-content/plugins/woocommerce/includes/wc-template-functions.php en la línea 1460

2023-05-28T16:00:15+00:00 CRITICAL Allowed memory size of 134217728 bytes exhausted (tried to allocate 57344 bytes) en /var/www/html/caprichoslaser.com/wp-content/plugins/google-site-kit/includes/loader.php en la línea 43

2023-05-28T16:00:16+00:00 CRITICAL Allowed memory size of 134217728 bytes exhausted (tried to allocate 32768 bytes) en /var/www/html/caprichoslaser.com/wp-content/plugins/google-site-kit/includes/Modules/Analytics.php en la línea 1206

2023-05-28T16:00:51+00:00 CRITICAL Allowed memory size of 134217728 bytes exhausted (tried to allocate 32768 bytes) en /var/www/html/caprichoslaser.com/wp-includes/blocks/blocks-json.php en la línea 1

2023-05-28T16:00:52+00:00 CRITICAL Allowed memory size of 134217728 bytes exhausted (tried to allocate 20480 bytes) en /var/www/html/caprichoslaser.com/wp-includes/option.php en la línea 210

2023-05-28T16:01:17+00:00 CRITICAL Allowed memory size of 134217728 bytes exhausted (tried to allocate 40960 bytes) en /var/www/html/caprichoslaser.com/wp-content/plugins/mailpoet/vendor/composer/ClassLoader.php en la línea 223

2023-05-28T16:01:19+00:00 CRITICAL Allowed memory size of 134217728 bytes exhausted (tried to allocate 32768 bytes) en /var/www/html/caprichoslaser.com/wp-content/plugins/google-site-kit/includes/Modules/Search_Console.php en la línea 326

2023-05-28T16:02:10+00:00 CRITICAL Allowed memory size of 134217728 bytes exhausted (tried to allocate 32768 bytes) en /var/www/html/caprichoslaser.com/wp-content/themes/astra/inc/core/builder/class-astra-builder-options.php en la línea 1162

2023-05-28T16:04:32+00:00 CRITICAL Allowed memory size of 134217728 bytes exhausted (tried to allocate 524288 bytes) en /var/www/html/caprichoslaser.com/wp-content/plugins/jetpack/jetpack_vendor/automattic/jetpack-compat/lib/locales.php en la línea 2253

2023-05-28T16:04:32+00:00 CRITICAL Allowed memory size of 134217728 bytes exhausted (tried to allocate 32768 bytes) en /var/www/html/caprichoslaser.com/wp-content/plugins/jetpack/jetpack_vendor/automattic/jetpack-licensing/src/class-endpoints.php en la línea 1

2023-05-28T16:04:39+00:00 CRITICAL Allowed memory size of 134217728 bytes exhausted (tried to allocate 45056 bytes) en /var/www/html/caprichoslaser.com/wp-content/themes/astra/inc/builder/type/header/woo-cart/class-astra-header-woo-cart-component.php en la línea 38

2023-05-28T16:07:02+00:00 CRITICAL Allowed memory size of 134217728 bytes exhausted (tried to allocate 45056 bytes) en /var/www/html/caprichoslaser.com/wp-content/themes/astra/inc/builder/type/header/woo-cart/class-astra-header-woo-cart-component.php en la línea 38

2023-05-28T16:07:03+00:00 CRITICAL Allowed memory size of 134217728 bytes exhausted (tried to allocate 65536 bytes) en /var/www/html/caprichoslaser.com/wp-content/themes/astra/inc/builder/type/header/below-header/class-astra-below-header-loader.php en la línea 23

2023-05-28T16:07:46+00:00 CRITICAL Allowed memory size of 134217728 bytes exhausted (tried to allocate 32768 bytes) en /var/www/html/caprichoslaser.com/wp-content/plugins/woocommerce/i18n/continents.php en la línea 1

2023-05-28T16:08:21+00:00 CRITICAL Allowed memory size of 134217728 bytes exhausted (tried to allocate 65536 bytes) en /var/www/html/caprichoslaser.com/wp-content/themes/astra/inc/builder/type/header/mobile-menu/class-astra-mobile-menu-component-loader.php en la línea 21

2023-05-28T16:08:54+00:00 CRITICAL Allowed memory size of 134217728 bytes exhausted (tried to allocate 45056 bytes) en /var/www/html/caprichoslaser.com/wp-content/themes/astra/inc/builder/type/header/woo-cart/class-astra-header-woo-cart-component.php en la línea 38

2023-05-28T16:14:42+00:00 CRITICAL Allowed memory size of 134217728 bytes exhausted (tried to allocate 65536 bytes) en /var/www/html/caprichoslaser.com/wp-content/themes/astra/inc/builder/type/header/mobile-menu/class-astra-mobile-menu-component-loader.php en la línea 21

2023-05-28T16:17:27+00:00 CRITICAL Allowed memory size of 134217728 bytes exhausted (tried to allocate 45056 bytes) en /var/www/html/caprichoslaser.com/wp-content/themes/astra/inc/builder/type/header/woo-cart/class-astra-header-woo-cart-component.php en la línea 38

2023-05-28T16:17:27+00:00 CRITICAL Allowed memory size of 134217728 bytes exhausted (tried to allocate 45056 bytes) en /var/www/html/caprichoslaser.com/wp-content/themes/astra/inc/builder/type/header/woo-cart/class-astra-header-woo-cart-component.php en la línea 38

2023-05-28T16:20:26+00:00 CRITICAL Allowed memory size of 134217728 bytes exhausted (tried to allocate 114688 bytes) en /var/www/html/caprichoslaser.com/wp-includes/blocks.php en la línea 321

2023-05-28T16:23:01+00:00 CRITICAL Allowed memory size of 134217728 bytes exhausted (tried to allocate 65536 bytes) en /var/www/html/caprichoslaser.com/wp-content/themes/astra/inc/builder/type/header/mobile-menu/class-astra-mobile-menu-component-loader.php en la línea 21

2023-05-28T16:23:06+00:00 CRITICAL Allowed memory size of 134217728 bytes exhausted (tried to allocate 45056 bytes) en /var/www/html/caprichoslaser.com/wp-content/themes/astra/inc/builder/type/header/woo-cart/class-astra-header-woo-cart-component.php en la línea 38

2023-05-28T16:25:56+00:00 CRITICAL Allowed memory size of 134217728 bytes exhausted (tried to allocate 20480 bytes) en /var/www/html/caprichoslaser.com/wp-content/plugins/wp-mail-smtp/src/Reports/Emails/Summary.php en la línea 144

2023-05-28T16:26:07+00:00 CRITICAL Allowed memory size of 134217728 bytes exhausted (tried to allocate 32768 bytes) en /var/www/html/caprichoslaser.com/wp-content/themes/astra/inc/builder/type/header/mobile-menu/dynamic-css/dynamic.css.php en la línea 1

2023-05-28T16:26:29+00:00 CRITICAL Allowed memory size of 134217728 bytes exhausted (tried to allocate 65536 bytes) en /var/www/html/caprichoslaser.com/wp-content/themes/astra/inc/builder/type/header/below-header/class-astra-below-header-loader.php en la línea 23

2023-05-28T16:30:46+00:00 CRITICAL Allowed memory size of 134217728 bytes exhausted (tried to allocate 45056 bytes) en /var/www/html/caprichoslaser.com/wp-content/themes/astra/inc/builder/type/header/woo-cart/class-astra-header-woo-cart-component.php en la línea 38

2023-05-28T16:30:46+00:00 CRITICAL Allowed memory size of 134217728 bytes exhausted (tried to allocate 45056 bytes) en /var/www/html/caprichoslaser.com/wp-content/themes/astra/inc/builder/type/header/woo-cart/class-astra-header-woo-cart-component.php en la línea 38

2023-05-28T16:31:10+00:00 CRITICAL Allowed memory size of 134217728 bytes exhausted (tried to allocate 45056 bytes) en /var/www/html/caprichoslaser.com/wp-content/themes/astra/inc/builder/type/header/woo-cart/class-astra-header-woo-cart-component.php en la línea 38

2023-05-28T16:31:10+00:00 CRITICAL Allowed memory size of 134217728 bytes exhausted (tried to allocate 32768 bytes) en /var/www/html/caprichoslaser.com/wp-content/themes/astra/inc/builder/type/header/woo-cart/dynamic-css/dynamic.css.php en la línea 227

2023-05-28T16:32:58+00:00 CRITICAL Allowed memory size of 134217728 bytes exhausted (tried to allocate 65536 bytes) en /var/www/html/caprichoslaser.com/wp-content/themes/astra/inc/builder/type/header/mobile-menu/class-astra-mobile-menu-component-loader.php en la línea 21

2023-05-28T16:52:24+00:00 CRITICAL Allowed memory size of 134217728 bytes exhausted (tried to allocate 65536 bytes) en /var/www/html/caprichoslaser.com/wp-content/themes/astra/inc/builder/type/header/mobile-menu/class-astra-mobile-menu-component-loader.php en la línea 21

2023-05-28T16:53:23+00:00 CRITICAL Allowed memory size of 134217728 bytes exhausted (tried to allocate 32768 bytes) en /var/www/html/caprichoslaser.com/wp-content/plugins/wordpress-seo/src/integrations/admin/integrations-page.php en la línea 193

2023-05-28T17:05:39+00:00 CRITICAL Allowed memory size of 134217728 bytes exhausted (tried to allocate 32768 bytes) en /var/www/html/caprichoslaser.com/wp-content/plugins/wordpress-seo/src/integrations/watchers/indexable-post-type-archive-watcher.php en la línea 1

2023-05-28T17:17:43+00:00 CRITICAL Allowed memory size of 134217728 bytes exhausted (tried to allocate 655360 bytes) in /var/www/html/caprichoslaser.com/wp-includes/pomo/mo.php on line 302

2023-05-28T17:25:47+00:00 CRITICAL Allowed memory size of 134217728 bytes exhausted (tried to allocate 32768 bytes) en /var/www/html/caprichoslaser.com/wp-content/plugins/woocommerce/includes/admin/class-wc-admin-post-types.php en la línea 560

2023-05-28T17:27:48+00:00 CRITICAL Allowed memory size of 134217728 bytes exhausted (tried to allocate 528384 bytes) in /var/www/html/caprichoslaser.com/wp-includes/pomo/streams.php on line 127

2023-05-28T17:29:52+00:00 CRITICAL Allowed memory size of 134217728 bytes exhausted (tried to allocate 151552 bytes) en /var/www/html/caprichoslaser.com/wp-admin/admin-ajax.php en la línea 39

2023-05-28T17:37:52+00:00 CRITICAL Allowed memory size of 134217728 bytes exhausted (tried to allocate 4096 bytes) en /var/www/html/caprichoslaser.com/wp-includes/pomo/entry.php en la línea 98

2023-05-28T17:39:26+00:00 CRITICAL Allowed memory size of 134217728 bytes exhausted (tried to allocate 528384 bytes) in /var/www/html/caprichoslaser.com/wp-includes/pomo/streams.php on line 127

2023-05-28T17:55:59+00:00 CRITICAL Allowed memory size of 134217728 bytes exhausted (tried to allocate 4096 bytes) en /var/www/html/caprichoslaser.com/wp-includes/pomo/entry.php en la línea 98

2023-05-28T17:58:03+00:00 CRITICAL Allowed memory size of 134217728 bytes exhausted (tried to allocate 32768 bytes) en /var/www/html/caprichoslaser.com/wp-content/plugins/woocommerce/includes/admin/class-wc-admin-post-types.php en la línea 1

2023-05-28T18:00:22+00:00 CRITICAL Allowed memory size of 134217728 bytes exhausted (tried to allocate 131072 bytes) en /var/www/html/caprichoslaser.com/wp-content/plugins/elementor/includes/fonts.php en la línea 658

2023-05-28T18:06:07+00:00 CRITICAL Allowed memory size of 134217728 bytes exhausted (tried to allocate 528384 bytes) in /var/www/html/caprichoslaser.com/wp-includes/pomo/streams.php on line 127

2023-05-28T18:10:06+00:00 CRITICAL Allowed memory size of 134217728 bytes exhausted (tried to allocate 655360 bytes) in /var/www/html/caprichoslaser.com/wp-includes/pomo/mo.php on line 302

2023-05-28T18:12:32+00:00 CRITICAL Allowed memory size of 134217728 bytes exhausted (tried to allocate 32768 bytes) en /var/www/html/caprichoslaser.com/wp-content/plugins/wordpress-seo/src/generators/breadcrumbs-generator.php en la línea 349

2023-05-28T18:14:11+00:00 CRITICAL Allowed memory size of 134217728 bytes exhausted (tried to allocate 151552 bytes) en /var/www/html/caprichoslaser.com/wp-admin/admin-ajax.php en la línea 39

2023-05-28T18:20:14+00:00 CRITICAL Allowed memory size of 134217728 bytes exhausted (tried to allocate 32768 bytes) en /var/www/html/caprichoslaser.com/wp-content/plugins/woocommerce/includes/admin/class-wc-admin-post-types.php en la línea 886

2023-05-28T18:22:14+00:00 CRITICAL Allowed memory size of 134217728 bytes exhausted (tried to allocate 57344 bytes) en /var/www/html/caprichoslaser.com/wp-content/plugins/google-site-kit/includes/loader.php en la línea 43

2023-05-28T18:36:19+00:00 CRITICAL Allowed memory size of 134217728 bytes exhausted (tried to allocate 16384 bytes) en /var/www/html/caprichoslaser.com/wp-content/plugins/woocommerce/includes/abstracts/abstract-wc-settings-api.php en la línea 442

2023-05-28T18:42:23+00:00 CRITICAL Allowed memory size of 134217728 bytes exhausted (tried to allocate 32768 bytes) en /var/www/html/caprichoslaser.com/wp-content/themes/astra/inc/builder/type/header/mobile-menu/dynamic-css/dynamic.css.php en la línea 1

2023-05-28T18:46:24+00:00 CRITICAL Allowed memory size of 134217728 bytes exhausted (tried to allocate 151552 bytes) en /var/www/html/caprichoslaser.com/wp-admin/admin-ajax.php en la línea 39

2023-05-28T18:58:31+00:00 CRITICAL Allowed memory size of 134217728 bytes exhausted (tried to allocate 32768 bytes) en /var/www/html/caprichoslaser.com/wp-content/themes/astra/inc/builder/type/header/mobile-menu/dynamic-css/dynamic.css.php en la línea 1

2023-05-28T19:00:31+00:00 CRITICAL Allowed memory size of 134217728 bytes exhausted (tried to allocate 8192 bytes) en /var/www/html/caprichoslaser.com/wp-content/plugins/wordpress-seo/inc/class-wpseo-replace-vars.php en la línea 305

2023-05-28T19:01:06+00:00 CRITICAL Allowed memory size of 134217728 bytes exhausted (tried to allocate 32768 bytes) en /var/www/html/caprichoslaser.com/wp-admin/includes/media.php en la línea 388

2023-05-28T19:05:29+00:00 CRITICAL Allowed memory size of 134217728 bytes exhausted (tried to allocate 32768 bytes) en /var/www/html/caprichoslaser.com/wp-content/themes/astra/inc/builder/type/header/mobile-menu/dynamic-css/dynamic.css.php en la línea 1

2023-05-28T19:05:50+00:00 CRITICAL Allowed memory size of 134217728 bytes exhausted (tried to allocate 32768 bytes) en /var/www/html/caprichoslaser.com/wp-content/plugins/woocommerce/packages/woocommerce-blocks/build/stock-filter.asset.php en la línea 1

2023-05-28T19:07:00+00:00 CRITICAL Allowed memory size of 134217728 bytes exhausted (tried to allocate 28672 bytes) en /var/www/html/caprichoslaser.com/wp-content/plugins/wordpress-seo/src/integrations/watchers/search-engines-discouraged-watcher.php en la línea 204

2023-05-28T19:09:56+00:00 CRITICAL Allowed memory size of 134217728 bytes exhausted (tried to allocate 32768 bytes) en /var/www/html/caprichoslaser.com/wp-admin/includes/update.php en la línea 757

2023-05-28T19:12:19+00:00 CRITICAL Allowed memory size of 134217728 bytes exhausted (tried to allocate 32768 bytes) en /var/www/html/caprichoslaser.com/wp-content/themes/astra/inc/builder/type/header/woo-cart/dynamic-css/dynamic.css.php en la línea 147

2023-05-28T19:13:44+00:00 CRITICAL Allowed memory size of 134217728 bytes exhausted (tried to allocate 1429504 bytes) en /var/www/html/caprichoslaser.com/wp-content/themes/astra/assets/svg/svgs.json en la línea 1

2023-05-28T19:15:02+00:00 CRITICAL Allowed memory size of 134217728 bytes exhausted (tried to allocate 32768 bytes) en /var/www/html/caprichoslaser.com/wp-content/themes/astra/inc/builder/type/header/mobile-menu/dynamic-css/dynamic.css.php en la línea 1

2023-05-28T19:16:38+00:00 CRITICAL Allowed memory size of 134217728 bytes exhausted (tried to allocate 4096 bytes) en /var/www/html/caprichoslaser.com/wp-includes/pomo/entry.php en la línea 98

2023-05-28T19:32:46+00:00 CRITICAL Allowed memory size of 134217728 bytes exhausted (tried to allocate 4096 bytes) en /var/www/html/caprichoslaser.com/wp-includes/pomo/entry.php en la línea 98

2023-05-28T19:32:52+00:00 CRITICAL Allowed memory size of 134217728 bytes exhausted (tried to allocate 798720 bytes) in /var/www/html/caprichoslaser.com/wp-includes/pomo/streams.php on line 229

2023-05-28T19:35:31+00:00 CRITICAL Allowed memory size of 134217728 bytes exhausted (tried to allocate 28672 bytes) en /var/www/html/caprichoslaser.com/wp-content/plugins/wordpress-seo/src/integrations/watchers/search-engines-discouraged-watcher.php en la línea 204

2023-05-28T19:44:52+00:00 CRITICAL Allowed memory size of 134217728 bytes exhausted (tried to allocate 4096 bytes) en /var/www/html/caprichoslaser.com/wp-includes/pomo/entry.php en la línea 98

2023-05-28T19:50:55+00:00 CRITICAL Allowed memory size of 134217728 bytes exhausted (tried to allocate 4096 bytes) en /var/www/html/caprichoslaser.com/wp-includes/pomo/entry.php en la línea 98

2023-05-28T19:52:58+00:00 CRITICAL Allowed memory size of 134217728 bytes exhausted (tried to allocate 32768 bytes) en /var/www/html/caprichoslaser.com/wp-content/plugins/google-site-kit/includes/Modules/Analytics.php en la línea 1206

2023-05-28T19:53:36+00:00 CRITICAL Allowed memory size of 134217728 bytes exhausted (tried to allocate 32768 bytes) en /var/www/html/caprichoslaser.com/wp-content/plugins/woocommerce/includes/shipping/flat-rate/includes/settings-flat-rate.php en la línea 1

2023-05-28T19:56:57+00:00 CRITICAL Allowed memory size of 134217728 bytes exhausted (tried to allocate 65536 bytes) en /var/www/html/caprichoslaser.com/wp-content/plugins/wordpress-seo/src/integrations/watchers/indexable-post-type-change-watcher.php en la línea 96

2023-05-28T19:59:42+00:00 CRITICAL Allowed memory size of 134217728 bytes exhausted (tried to allocate 32768 bytes) en /var/www/html/caprichoslaser.com/wp-content/plugins/wordpress-seo/src/presenters/admin/search-engines-discouraged-presenter.php en la línea 1

2023-05-28T20:09:03+00:00 CRITICAL Allowed memory size of 134217728 bytes exhausted (tried to allocate 32768 bytes) en /var/www/html/caprichoslaser.com/wp-content/plugins/woocommerce/includes/admin/class-wc-admin-post-types.php en la línea 886

2023-05-28T20:11:07+00:00 CRITICAL Allowed memory size of 134217728 bytes exhausted (tried to allocate 65536 bytes) en /var/www/html/caprichoslaser.com/wp-content/plugins/woocommerce/packages/woocommerce-blocks/src/Payments/Integrations/PayPal.php en la línea 12

2023-05-28T20:13:17+00:00 CRITICAL Allowed memory size of 134217728 bytes exhausted (tried to allocate 1429504 bytes) en /var/www/html/caprichoslaser.com/wp-content/themes/astra/assets/svg/svgs.json en la línea 1

2023-05-28T20:25:10+00:00 CRITICAL Allowed memory size of 134217728 bytes exhausted (tried to allocate 163840 bytes) en /var/www/html/caprichoslaser.com/wp-includes/functions.php en la línea 649

2023-05-28T20:32:54+00:00 CRITICAL Allowed memory size of 134217728 bytes exhausted (tried to allocate 32768 bytes) en /var/www/html/caprichoslaser.com/wp-content/plugins/elementor/includes/controls/groups/background.php en la línea 398

2023-05-28T20:39:17+00:00 CRITICAL Allowed memory size of 134217728 bytes exhausted (tried to allocate 4096 bytes) in /var/www/html/caprichoslaser.com/wp-includes/pomo/streams.php on line 127

2023-05-28T20:50:58+00:00 CRITICAL Allowed memory size of 134217728 bytes exhausted (tried to allocate 32768 bytes) en /var/www/html/caprichoslaser.com/wp-content/themes/astra/inc/builder/type/header/mobile-menu/dynamic-css/dynamic.css.php en la línea 1

2023-05-28T20:57:26+00:00 CRITICAL Allowed memory size of 134217728 bytes exhausted (tried to allocate 65536 bytes) en /var/www/html/caprichoslaser.com/wp-content/plugins/wordpress-seo/src/integrations/watchers/indexable-post-type-change-watcher.php en la línea 96

2023-05-28T21:01:30+00:00 CRITICAL Allowed memory size of 134217728 bytes exhausted (tried to allocate 32768 bytes) en /var/www/html/caprichoslaser.com/wp-content/plugins/woocommerce/includes/admin/class-wc-admin-post-types.php en la línea 560

2023-05-28T21:03:29+00:00 CRITICAL Allowed memory size of 134217728 bytes exhausted (tried to allocate 69632 bytes) en /var/www/html/caprichoslaser.com/wp-includes/pomo/streams.php en la línea 127

2023-05-28T21:05:30+00:00 CRITICAL Allowed memory size of 134217728 bytes exhausted (tried to allocate 16384 bytes) en /var/www/html/caprichoslaser.com/wp-content/plugins/woocommerce/includes/abstracts/abstract-wc-settings-api.php en la línea 442

2023-05-28T21:07:30+00:00 CRITICAL Allowed memory size of 134217728 bytes exhausted (tried to allocate 4096 bytes) en /var/www/html/caprichoslaser.com/wp-includes/pomo/entry.php en la línea 98

2023-05-28T21:20:05+00:00 CRITICAL Allowed memory size of 134217728 bytes exhausted (tried to allocate 32768 bytes) en /var/www/html/caprichoslaser.com/wp-content/themes/astra/inc/core/builder/class-astra-builder-options.php en la línea 665

2023-05-28T21:25:39+00:00 CRITICAL Allowed memory size of 134217728 bytes exhausted (tried to allocate 4096 bytes) in /var/www/html/caprichoslaser.com/wp-includes/pomo/streams.php on line 127

2023-05-28T21:27:40+00:00 CRITICAL Allowed memory size of 134217728 bytes exhausted (tried to allocate 4096 bytes) in /var/www/html/caprichoslaser.com/wp-includes/pomo/streams.php on line 127

2023-05-28T21:31:42+00:00 CRITICAL Allowed memory size of 134217728 bytes exhausted (tried to allocate 151552 bytes) en /var/www/html/caprichoslaser.com/wp-admin/admin-ajax.php en la línea 39

2023-05-28T21:34:42+00:00 CRITICAL Allowed memory size of 134217728 bytes exhausted (tried to allocate 65536 bytes) en /var/www/html/caprichoslaser.com/wp-content/plugins/wordpress-seo/src/integrations/admin/helpscout-beacon.php en la línea 397

2023-05-28T21:34:42+00:00 CRITICAL Allowed memory size of 134217728 bytes exhausted (tried to allocate 32768 bytes) en /var/www/html/caprichoslaser.com/wp-content/plugins/wordpress-seo/src/integrations/admin/integrations-page.php en la línea 193

2023-05-28T21:34:43+00:00 CRITICAL Allowed memory size of 134217728 bytes exhausted (tried to allocate 65536 bytes) en /var/www/html/caprichoslaser.com/wp-content/plugins/wordpress-seo/src/integrations/admin/helpscout-beacon.php en la línea 397

2023-05-28T21:34:43+00:00 CRITICAL Allowed memory size of 134217728 bytes exhausted (tried to allocate 32768 bytes) en /var/www/html/caprichoslaser.com/wp-content/plugins/wordpress-seo/src/integrations/admin/integrations-page.php en la línea 193

2023-05-28T21:34:43+00:00 CRITICAL Allowed memory size of 134217728 bytes exhausted (tried to allocate 32768 bytes) en /var/www/html/caprichoslaser.com/wp-content/plugins/wordpress-seo/src/integrations/admin/integrations-page.php en la línea 193

2023-05-28T21:34:44+00:00 CRITICAL Allowed memory size of 134217728 bytes exhausted (tried to allocate 32768 bytes) en /var/www/html/caprichoslaser.com/wp-content/themes/astra/inc/builder/type/header/mobile-menu/dynamic-css/dynamic.css.php en la línea 1

2023-05-28T21:35:46+00:00 CRITICAL Allowed memory size of 134217728 bytes exhausted (tried to allocate 20480 bytes) en /var/www/html/caprichoslaser.com/wp-content/plugins/woocommerce/includes/admin/wc-meta-box-functions.php en la línea 307

2023-05-28T21:37:40+00:00 CRITICAL Allowed memory size of 134217728 bytes exhausted (tried to allocate 32768 bytes) en /var/www/html/caprichoslaser.com/wp-content/plugins/wordpress-seo/src/integrations/admin/integrations-page.php en la línea 193

2023-05-28T21:42:21+00:00 CRITICAL Allowed memory size of 134217728 bytes exhausted (tried to allocate 69632 bytes) en /var/www/html/caprichoslaser.com/wp-includes/pomo/streams.php en la línea 127

2023-05-28T21:43:44+00:00 CRITICAL Allowed memory size of 134217728 bytes exhausted (tried to allocate 20480 bytes) en /var/www/html/caprichoslaser.com/wp-content/plugins/wordpress-seo/src/repositories/indexable-repository.php en la línea 489

2023-05-28T21:45:12+00:00 CRITICAL Allowed memory size of 134217728 bytes exhausted (tried to allocate 32768 bytes) en /var/www/html/caprichoslaser.com/wp-content/plugins/wordpress-seo/src/helpers/image-helper.php en la línea 1

2023-05-28T21:49:49+00:00 CRITICAL Allowed memory size of 134217728 bytes exhausted (tried to allocate 1429504 bytes) en /var/www/html/caprichoslaser.com/wp-content/themes/astra/assets/svg/svgs.json en la línea 1

2023-05-28T21:50:57+00:00 CRITICAL Allowed memory size of 134217728 bytes exhausted (tried to allocate 69632 bytes) en /var/www/html/caprichoslaser.com/wp-includes/pomo/streams.php en la línea 127

2023-05-28T21:52:30+00:00 CRITICAL Allowed memory size of 134217728 bytes exhausted (tried to allocate 1429504 bytes) en /var/www/html/caprichoslaser.com/wp-content/themes/astra/inc/builder/controllers/class-astra-builder-ui-controller.php en la línea 39

2023-05-28T21:53:28+00:00 CRITICAL Allowed memory size of 134217728 bytes exhausted (tried to allocate 32768 bytes) en /var/www/html/caprichoslaser.com/wp-content/plugins/wpforms-lite/includes/fields/class-checkbox.php en la línea 575

2023-05-28T21:55:11+00:00 CRITICAL Allowed memory size of 134217728 bytes exhausted (tried to allocate 32768 bytes) en /var/www/html/caprichoslaser.com/wp-content/plugins/wordpress-seo/src/helpers/image-helper.php en la línea 1

2023-05-28T22:10:13+00:00 CRITICAL Allowed memory size of 134217728 bytes exhausted (tried to allocate 20480 bytes) en /var/www/html/caprichoslaser.com/wp-includes/blocks/blocks-json.php en la línea 1

2023-05-28T22:11:20+00:00 CRITICAL Allowed memory size of 134217728 bytes exhausted (tried to allocate 8192 bytes) en /var/www/html/caprichoslaser.com/wp-content/plugins/wordpress-seo/src/actions/indexing/indexable-post-indexation-action.php en la línea 194

2023-05-28T22:20:09+00:00 CRITICAL Allowed memory size of 134217728 bytes exhausted (tried to allocate 655360 bytes) in /var/www/html/caprichoslaser.com/wp-includes/pomo/mo.php on line 302

2023-05-28T22:22:06+00:00 CRITICAL Allowed memory size of 134217728 bytes exhausted (tried to allocate 32768 bytes) en /var/www/html/caprichoslaser.com/wp-content/plugins/woocommerce/includes/admin/class-wc-admin-post-types.php en la línea 886

2023-05-28T22:24:05+00:00 CRITICAL Allowed memory size of 134217728 bytes exhausted (tried to allocate 20480 bytes) en /var/www/html/caprichoslaser.com/wp-includes/pomo/streams.php en la línea 97

2023-05-28T22:30:10+00:00 CRITICAL Allowed memory size of 134217728 bytes exhausted (tried to allocate 4096 bytes) in /var/www/html/caprichoslaser.com/wp-includes/pomo/streams.php on line 127

2023-05-28T22:32:11+00:00 CRITICAL Allowed memory size of 134217728 bytes exhausted (tried to allocate 32768 bytes) en /var/www/html/caprichoslaser.com/wp-content/themes/astra/inc/builder/type/header/mobile-menu/dynamic-css/dynamic.css.php en la línea 1

2023-05-28T22:32:33+00:00 CRITICAL Allowed memory size of 134217728 bytes exhausted (tried to allocate 32768 bytes) en /var/www/html/caprichoslaser.com/wp-content/plugins/wpforms-lite/includes/fields/class-checkbox.php en la línea 788

2023-05-28T22:40:17+00:00 CRITICAL Allowed memory size of 134217728 bytes exhausted (tried to allocate 32768 bytes) en /var/www/html/caprichoslaser.com/wp-content/plugins/woocommerce/includes/shipping/flat-rate/includes/settings-flat-rate.php en la línea 1

2023-05-28T23:04:27+00:00 CRITICAL Allowed memory size of 134217728 bytes exhausted (tried to allocate 65536 bytes) en /var/www/html/caprichoslaser.com/wp-content/plugins/woocommerce/packages/woocommerce-blocks/src/Payments/Integrations/PayPal.php en la línea 12

2023-05-28T23:06:25+00:00 CRITICAL Allowed memory size of 134217728 bytes exhausted (tried to allocate 49152 bytes) en /var/www/html/caprichoslaser.com/wp-content/themes/astra/inc/addons/breadcrumbs/class-astra-breadcrumbs.php en la línea 53

2023-05-28T23:07:54+00:00 CRITICAL Allowed memory size of 134217728 bytes exhausted (tried to allocate 163840 bytes) en /var/www/html/caprichoslaser.com/wp-includes/functions.php en la línea 649

2023-05-28T23:12:29+00:00 CRITICAL Allowed memory size of 134217728 bytes exhausted (tried to allocate 4096 bytes) in /var/www/html/caprichoslaser.com/wp-includes/pomo/streams.php on line 127

2023-05-28T23:14:31+00:00 CRITICAL Allowed memory size of 134217728 bytes exhausted (tried to allocate 32768 bytes) en /var/www/html/caprichoslaser.com/wp-content/themes/astra/inc/builder/type/header/mobile-menu/dynamic-css/dynamic.css.php en la línea 1

