2023-06-05T05:50:07+00:00 CRITICAL Allowed memory size of 134217728 bytes exhausted (tried to allocate 32768 bytes) en /var/www/html/caprichoslaser.com/wp-admin/includes/ajax-actions.php en la línea 4074

2023-06-05T07:25:15+00:00 CRITICAL Allowed memory size of 134217728 bytes exhausted (tried to allocate 32768 bytes) en /var/www/html/caprichoslaser.com/wp-content/plugins/woocommerce/includes/rest-api/Controllers/Version2/class-wc-rest-system-status-v2-controller.php en la línea 303

2023-06-05T07:29:12+00:00 CRITICAL Allowed memory size of 134217728 bytes exhausted (tried to allocate 217088 bytes) en /var/www/html/caprichoslaser.com/xmlrpc.php en la línea 66

2023-06-05T07:35:00+00:00 CRITICAL Allowed memory size of 134217728 bytes exhausted (tried to allocate 32768 bytes) en /var/www/html/caprichoslaser.com/wp-content/themes/astra/inc/core/builder/class-astra-builder-helper.php en la línea 588

2023-06-05T07:36:06+00:00 CRITICAL Allowed memory size of 134217728 bytes exhausted (tried to allocate 32768 bytes) en /var/www/html/caprichoslaser.com/wp-content/themes/astra/inc/core/builder/class-astra-builder-helper.php en la línea 588

2023-06-05T07:36:12+00:00 CRITICAL Allowed memory size of 134217728 bytes exhausted (tried to allocate 32768 bytes) en /var/www/html/caprichoslaser.com/wp-content/themes/astra/inc/core/builder/class-astra-builder-helper.php en la línea 588

2023-06-05T07:38:09+00:00 CRITICAL Allowed memory size of 134217728 bytes exhausted (tried to allocate 32768 bytes) en /var/www/html/caprichoslaser.com/wp-content/themes/astra/inc/core/builder/class-astra-builder-helper.php en la línea 588

2023-06-05T07:47:19+00:00 CRITICAL Allowed memory size of 134217728 bytes exhausted (tried to allocate 163840 bytes) en /var/www/html/caprichoslaser.com/wp-includes/functions.php en la línea 649

2023-06-05T08:10:05+00:00 CRITICAL Allowed memory size of 134217728 bytes exhausted (tried to allocate 32768 bytes) en /var/www/html/caprichoslaser.com/wp-content/plugins/wordpress-seo/src/integrations/exclude-oembed-cache-post-type.php en la línea 1

2023-06-05T08:11:58+00:00 CRITICAL Allowed memory size of 134217728 bytes exhausted (tried to allocate 32768 bytes) en /var/www/html/caprichoslaser.com/wp-content/themes/astra/inc/core/builder/class-astra-builder-options.php en la línea 796

2023-06-05T11:11:25+00:00 CRITICAL Uncaught Error: Call to a member function is_order_page() on bool in /var/www/html/caprichoslaser.com/wp-content/plugins/woocommerce-pdf-invoices-packing-slips/includes/class-wcpdf-assets.php:31
Stack trace:
#0 /var/www/html/caprichoslaser.com/wp-includes/class-wp-hook.php(308): WPO\WC\PDF_Invoices\Assets->backend_scripts_styles()
#1 /var/www/html/caprichoslaser.com/wp-includes/class-wp-hook.php(332): WP_Hook->apply_filters()
#2 /var/www/html/caprichoslaser.com/wp-includes/plugin.php(517): WP_Hook->do_action()
#3 /var/www/html/caprichoslaser.com/wp-admin/admin-header.php(118): do_action()
#4 /var/www/html/caprichoslaser.com/wp-admin/index.php(139): require_once('/var/www/html/c...')
#5 {main}
  thrown en /var/www/html/caprichoslaser.com/wp-content/plugins/woocommerce-pdf-invoices-packing-slips/includes/class-wcpdf-assets.php en la línea 31

2023-06-05T11:16:35+00:00 CRITICAL Uncaught Error: Call to a member function is_order_page() on bool in /var/www/html/caprichoslaser.com/wp-content/plugins/woocommerce-pdf-invoices-packing-slips/includes/class-wcpdf-assets.php:31
Stack trace:
#0 /var/www/html/caprichoslaser.com/wp-includes/class-wp-hook.php(308): WPO\WC\PDF_Invoices\Assets->backend_scripts_styles()
#1 /var/www/html/caprichoslaser.com/wp-includes/class-wp-hook.php(332): WP_Hook->apply_filters()
#2 /var/www/html/caprichoslaser.com/wp-includes/plugin.php(517): WP_Hook->do_action()
#3 /var/www/html/caprichoslaser.com/wp-admin/admin-header.php(118): do_action()
#4 /var/www/html/caprichoslaser.com/wp-admin/index.php(139): require_once('/var/www/html/c...')
#5 {main}
  thrown en /var/www/html/caprichoslaser.com/wp-content/plugins/woocommerce-pdf-invoices-packing-slips/includes/class-wcpdf-assets.php en la línea 31

2023-06-05T11:16:41+00:00 CRITICAL Uncaught Error: Call to a member function is_order_page() on bool in /var/www/html/caprichoslaser.com/wp-content/plugins/woocommerce-pdf-invoices-packing-slips/includes/class-wcpdf-assets.php:31
Stack trace:
#0 /var/www/html/caprichoslaser.com/wp-includes/class-wp-hook.php(308): WPO\WC\PDF_Invoices\Assets->backend_scripts_styles()
#1 /var/www/html/caprichoslaser.com/wp-includes/class-wp-hook.php(332): WP_Hook->apply_filters()
#2 /var/www/html/caprichoslaser.com/wp-includes/plugin.php(517): WP_Hook->do_action()
#3 /var/www/html/caprichoslaser.com/wp-admin/admin-header.php(118): do_action()
#4 /var/www/html/caprichoslaser.com/wp-admin/index.php(139): require_once('/var/www/html/c...')
#5 {main}
  thrown en /var/www/html/caprichoslaser.com/wp-content/plugins/woocommerce-pdf-invoices-packing-slips/includes/class-wcpdf-assets.php en la línea 31

2023-06-05T17:15:37+00:00 CRITICAL Uncaught Error: Call to a member function is_order_page() on bool in /var/www/html/caprichoslaser.com/wp-content/plugins/woocommerce-pdf-invoices-packing-slips/includes/class-wcpdf-assets.php:31
Stack trace:
#0 /var/www/html/caprichoslaser.com/wp-includes/class-wp-hook.php(308): WPO\WC\PDF_Invoices\Assets->backend_scripts_styles()
#1 /var/www/html/caprichoslaser.com/wp-includes/class-wp-hook.php(332): WP_Hook->apply_filters()
#2 /var/www/html/caprichoslaser.com/wp-includes/plugin.php(517): WP_Hook->do_action()
#3 /var/www/html/caprichoslaser.com/wp-admin/admin-header.php(118): do_action()
#4 /var/www/html/caprichoslaser.com/wp-admin/edit-form-advanced.php(425): require_once('/var/www/html/c...')
#5 /var/www/html/caprichoslaser.com/wp-admin/post.php(206): require('/var/www/html/c...')
#6 {main}
  thrown en /var/www/html/caprichoslaser.com/wp-content/plugins/woocommerce-pdf-invoices-packing-slips/includes/class-wcpdf-assets.php en la línea 31

2023-06-05T17:15:44+00:00 CRITICAL Uncaught Error: Call to a member function is_order_page() on bool in /var/www/html/caprichoslaser.com/wp-content/plugins/woocommerce-pdf-invoices-packing-slips/includes/class-wcpdf-assets.php:31
Stack trace:
#0 /var/www/html/caprichoslaser.com/wp-includes/class-wp-hook.php(308): WPO\WC\PDF_Invoices\Assets->backend_scripts_styles()
#1 /var/www/html/caprichoslaser.com/wp-includes/class-wp-hook.php(332): WP_Hook->apply_filters()
#2 /var/www/html/caprichoslaser.com/wp-includes/plugin.php(517): WP_Hook->do_action()
#3 /var/www/html/caprichoslaser.com/wp-admin/admin-header.php(118): do_action()
#4 /var/www/html/caprichoslaser.com/wp-admin/edit-form-advanced.php(425): require_once('/var/www/html/c...')
#5 /var/www/html/caprichoslaser.com/wp-admin/post.php(206): require('/var/www/html/c...')
#6 {main}
  thrown en /var/www/html/caprichoslaser.com/wp-content/plugins/woocommerce-pdf-invoices-packing-slips/includes/class-wcpdf-assets.php en la línea 31

2023-06-05T17:15:48+00:00 CRITICAL Uncaught Error: Call to a member function is_order_page() on bool in /var/www/html/caprichoslaser.com/wp-content/plugins/woocommerce-pdf-invoices-packing-slips/includes/class-wcpdf-assets.php:31
Stack trace:
#0 /var/www/html/caprichoslaser.com/wp-includes/class-wp-hook.php(308): WPO\WC\PDF_Invoices\Assets->backend_scripts_styles()
#1 /var/www/html/caprichoslaser.com/wp-includes/class-wp-hook.php(332): WP_Hook->apply_filters()
#2 /var/www/html/caprichoslaser.com/wp-includes/plugin.php(517): WP_Hook->do_action()
#3 /var/www/html/caprichoslaser.com/wp-admin/admin-header.php(118): do_action()
#4 /var/www/html/caprichoslaser.com/wp-admin/edit-form-advanced.php(425): require_once('/var/www/html/c...')
#5 /var/www/html/caprichoslaser.com/wp-admin/post.php(206): require('/var/www/html/c...')
#6 {main}
  thrown en /var/www/html/caprichoslaser.com/wp-content/plugins/woocommerce-pdf-invoices-packing-slips/includes/class-wcpdf-assets.php en la línea 31

2023-06-05T17:16:50+00:00 CRITICAL Uncaught Error: Call to a member function is_order_page() on bool in /var/www/html/caprichoslaser.com/wp-content/plugins/woocommerce-pdf-invoices-packing-slips/includes/class-wcpdf-assets.php:31
Stack trace:
#0 /var/www/html/caprichoslaser.com/wp-includes/class-wp-hook.php(308): WPO\WC\PDF_Invoices\Assets->backend_scripts_styles()
#1 /var/www/html/caprichoslaser.com/wp-includes/class-wp-hook.php(332): WP_Hook->apply_filters()
#2 /var/www/html/caprichoslaser.com/wp-includes/plugin.php(517): WP_Hook->do_action()
#3 /var/www/html/caprichoslaser.com/wp-admin/admin-header.php(118): do_action()
#4 /var/www/html/caprichoslaser.com/wp-admin/edit.php(407): require_once('/var/www/html/c...')
#5 {main}
  thrown en /var/www/html/caprichoslaser.com/wp-content/plugins/woocommerce-pdf-invoices-packing-slips/includes/class-wcpdf-assets.php en la línea 31

2023-06-05T17:16:54+00:00 CRITICAL Uncaught Error: Call to a member function is_order_page() on bool in /var/www/html/caprichoslaser.com/wp-content/plugins/woocommerce-pdf-invoices-packing-slips/includes/class-wcpdf-assets.php:31
Stack trace:
#0 /var/www/html/caprichoslaser.com/wp-includes/class-wp-hook.php(308): WPO\WC\PDF_Invoices\Assets->backend_scripts_styles()
#1 /var/www/html/caprichoslaser.com/wp-includes/class-wp-hook.php(332): WP_Hook->apply_filters()
#2 /var/www/html/caprichoslaser.com/wp-includes/plugin.php(517): WP_Hook->do_action()
#3 /var/www/html/caprichoslaser.com/wp-admin/admin-header.php(118): do_action()
#4 /var/www/html/caprichoslaser.com/wp-admin/edit.php(407): require_once('/var/www/html/c...')
#5 {main}
  thrown en /var/www/html/caprichoslaser.com/wp-content/plugins/woocommerce-pdf-invoices-packing-slips/includes/class-wcpdf-assets.php en la línea 31

2023-06-05T17:16:59+00:00 CRITICAL Uncaught Error: Call to a member function is_order_page() on bool in /var/www/html/caprichoslaser.com/wp-content/plugins/woocommerce-pdf-invoices-packing-slips/includes/class-wcpdf-assets.php:31
Stack trace:
#0 /var/www/html/caprichoslaser.com/wp-includes/class-wp-hook.php(308): WPO\WC\PDF_Invoices\Assets->backend_scripts_styles()
#1 /var/www/html/caprichoslaser.com/wp-includes/class-wp-hook.php(332): WP_Hook->apply_filters()
#2 /var/www/html/caprichoslaser.com/wp-includes/plugin.php(517): WP_Hook->do_action()
#3 /var/www/html/caprichoslaser.com/wp-admin/admin-header.php(118): do_action()
#4 /var/www/html/caprichoslaser.com/wp-admin/edit.php(407): require_once('/var/www/html/c...')
#5 {main}
  thrown en /var/www/html/caprichoslaser.com/wp-content/plugins/woocommerce-pdf-invoices-packing-slips/includes/class-wcpdf-assets.php en la línea 31

2023-06-05T17:17:09+00:00 CRITICAL Uncaught Error: Call to a member function is_order_page() on bool in /var/www/html/caprichoslaser.com/wp-content/plugins/woocommerce-pdf-invoices-packing-slips/includes/class-wcpdf-assets.php:31
Stack trace:
#0 /var/www/html/caprichoslaser.com/wp-includes/class-wp-hook.php(308): WPO\WC\PDF_Invoices\Assets->backend_scripts_styles()
#1 /var/www/html/caprichoslaser.com/wp-includes/class-wp-hook.php(332): WP_Hook->apply_filters()
#2 /var/www/html/caprichoslaser.com/wp-includes/plugin.php(517): WP_Hook->do_action()
#3 /var/www/html/caprichoslaser.com/wp-admin/admin-header.php(118): do_action()
#4 /var/www/html/caprichoslaser.com/wp-admin/index.php(139): require_once('/var/www/html/c...')
#5 {main}
  thrown en /var/www/html/caprichoslaser.com/wp-content/plugins/woocommerce-pdf-invoices-packing-slips/includes/class-wcpdf-assets.php en la línea 31

2023-06-05T17:17:18+00:00 CRITICAL Uncaught Error: Call to a member function is_order_page() on bool in /var/www/html/caprichoslaser.com/wp-content/plugins/woocommerce-pdf-invoices-packing-slips/includes/class-wcpdf-assets.php:31
Stack trace:
#0 /var/www/html/caprichoslaser.com/wp-includes/class-wp-hook.php(308): WPO\WC\PDF_Invoices\Assets->backend_scripts_styles()
#1 /var/www/html/caprichoslaser.com/wp-includes/class-wp-hook.php(332): WP_Hook->apply_filters()
#2 /var/www/html/caprichoslaser.com/wp-includes/plugin.php(517): WP_Hook->do_action()
#3 /var/www/html/caprichoslaser.com/wp-admin/admin-header.php(118): do_action()
#4 /var/www/html/caprichoslaser.com/wp-admin/index.php(139): require_once('/var/www/html/c...')
#5 {main}
  thrown en /var/www/html/caprichoslaser.com/wp-content/plugins/woocommerce-pdf-invoices-packing-slips/includes/class-wcpdf-assets.php en la línea 31

