2023-07-01T06:37:43+00:00 CRITICAL Uncaught Error: Call to a member function is_order_page() on bool in /var/www/html/caprichoslaser.com/wp-content/plugins/woocommerce-pdf-invoices-packing-slips/includes/class-wcpdf-assets.php:31
Stack trace:
#0 /var/www/html/caprichoslaser.com/wp-includes/class-wp-hook.php(308): WPO\WC\PDF_Invoices\Assets->backend_scripts_styles()
#1 /var/www/html/caprichoslaser.com/wp-includes/class-wp-hook.php(332): WP_Hook->apply_filters()
#2 /var/www/html/caprichoslaser.com/wp-includes/plugin.php(517): WP_Hook->do_action()
#3 /var/www/html/caprichoslaser.com/wp-admin/admin-header.php(118): do_action()
#4 /var/www/html/caprichoslaser.com/wp-admin/edit.php(407): require_once('/var/www/html/c...')
#5 {main}
  thrown en /var/www/html/caprichoslaser.com/wp-content/plugins/woocommerce-pdf-invoices-packing-slips/includes/class-wcpdf-assets.php en la línea 31

2023-07-01T06:37:47+00:00 CRITICAL Uncaught Error: Call to a member function is_order_page() on bool in /var/www/html/caprichoslaser.com/wp-content/plugins/woocommerce-pdf-invoices-packing-slips/includes/class-wcpdf-assets.php:31
Stack trace:
#0 /var/www/html/caprichoslaser.com/wp-includes/class-wp-hook.php(308): WPO\WC\PDF_Invoices\Assets->backend_scripts_styles()
#1 /var/www/html/caprichoslaser.com/wp-includes/class-wp-hook.php(332): WP_Hook->apply_filters()
#2 /var/www/html/caprichoslaser.com/wp-includes/plugin.php(517): WP_Hook->do_action()
#3 /var/www/html/caprichoslaser.com/wp-admin/admin-header.php(118): do_action()
#4 /var/www/html/caprichoslaser.com/wp-admin/edit.php(407): require_once('/var/www/html/c...')
#5 {main}
  thrown en /var/www/html/caprichoslaser.com/wp-content/plugins/woocommerce-pdf-invoices-packing-slips/includes/class-wcpdf-assets.php en la línea 31

2023-07-01T06:40:04+00:00 CRITICAL Uncaught Error: Call to a member function is_order_page() on bool in /var/www/html/caprichoslaser.com/wp-content/plugins/woocommerce-pdf-invoices-packing-slips/includes/class-wcpdf-assets.php:31
Stack trace:
#0 /var/www/html/caprichoslaser.com/wp-includes/class-wp-hook.php(308): WPO\WC\PDF_Invoices\Assets->backend_scripts_styles()
#1 /var/www/html/caprichoslaser.com/wp-includes/class-wp-hook.php(332): WP_Hook->apply_filters()
#2 /var/www/html/caprichoslaser.com/wp-includes/plugin.php(517): WP_Hook->do_action()
#3 /var/www/html/caprichoslaser.com/wp-admin/admin-header.php(118): do_action()
#4 /var/www/html/caprichoslaser.com/wp-admin/update-core.php(1026): require_once('/var/www/html/c...')
#5 {main}
  thrown en /var/www/html/caprichoslaser.com/wp-content/plugins/woocommerce-pdf-invoices-packing-slips/includes/class-wcpdf-assets.php en la línea 31

