2023-05-27T00:05:12+00:00 CRITICAL Allowed memory size of 134217728 bytes exhausted (tried to allocate 131072 bytes) en /var/www/html/caprichoslaser.com/wp-content/plugins/woocommerce/includes/rest-api/Controllers/Version1/class-wc-rest-products-v1-controller.php en la línea 1736

2023-05-27T03:35:09+00:00 CRITICAL Allowed memory size of 134217728 bytes exhausted (tried to allocate 114688 bytes) en /var/www/html/caprichoslaser.com/wp-includes/blocks.php en la línea 321

2023-05-27T03:36:20+00:00 CRITICAL Allowed memory size of 134217728 bytes exhausted (tried to allocate 798720 bytes) in /var/www/html/caprichoslaser.com/wp-includes/pomo/streams.php on line 229

2023-05-27T03:37:27+00:00 CRITICAL Allowed memory size of 134217728 bytes exhausted (tried to allocate 65536 bytes) en /var/www/html/caprichoslaser.com/wp-content/plugins/wordpress-seo/src/repositories/indexable-repository.php en la línea 101

2023-05-27T03:40:13+00:00 CRITICAL Allowed memory size of 134217728 bytes exhausted (tried to allocate 798720 bytes) in /var/www/html/caprichoslaser.com/wp-includes/pomo/streams.php on line 229

2023-05-27T03:45:13+00:00 CRITICAL Allowed memory size of 134217728 bytes exhausted (tried to allocate 65536 bytes) en /var/www/html/caprichoslaser.com/wp-content/plugins/wordpress-seo/src/integrations/blocks/structured-data-blocks.php en la línea 279

2023-05-27T03:50:11+00:00 CRITICAL Allowed memory size of 134217728 bytes exhausted (tried to allocate 524288 bytes) en /var/www/html/caprichoslaser.com/wp-content/plugins/jetpack/jetpack_vendor/automattic/jetpack-compat/lib/locales.php en la línea 2253

2023-05-27T04:05:11+00:00 CRITICAL Allowed memory size of 134217728 bytes exhausted (tried to allocate 65536 bytes) en /var/www/html/caprichoslaser.com/wp-content/plugins/wordpress-seo/src/repositories/indexable-repository.php en la línea 101

2023-05-27T04:12:10+00:00 CRITICAL Allowed memory size of 134217728 bytes exhausted (tried to allocate 40960 bytes) en /var/www/html/caprichoslaser.com/wp-includes/pomo/mo.php en la línea 302

2023-05-27T04:35:09+00:00 CRITICAL Allowed memory size of 134217728 bytes exhausted (tried to allocate 32768 bytes) en /var/www/html/caprichoslaser.com/wp-admin/includes/media.php en la línea 2930

2023-05-27T04:41:59+00:00 CRITICAL Allowed memory size of 134217728 bytes exhausted (tried to allocate 524288 bytes) en /var/www/html/caprichoslaser.com/wp-content/plugins/jetpack/jetpack_vendor/automattic/jetpack-compat/lib/locales.php en la línea 2253

2023-05-27T04:51:08+00:00 CRITICAL Allowed memory size of 134217728 bytes exhausted (tried to allocate 114688 bytes) en /var/www/html/caprichoslaser.com/wp-includes/blocks.php en la línea 321

2023-05-27T04:51:33+00:00 CRITICAL Allowed memory size of 134217728 bytes exhausted (tried to allocate 81920 bytes) en /var/www/html/caprichoslaser.com/wp-includes/pomo/mo.php en la línea 302

2023-05-27T04:56:15+00:00 CRITICAL Allowed memory size of 134217728 bytes exhausted (tried to allocate 122880 bytes) en /var/www/html/caprichoslaser.com/wp-content/plugins/woocommerce/includes/class-woocommerce.php en la línea 640

2023-05-27T05:10:44+00:00 CRITICAL Allowed memory size of 134217728 bytes exhausted (tried to allocate 8192 bytes) en /var/www/html/caprichoslaser.com/wp-content/plugins/woocommerce/includes/wccom-site/installation/class-wc-wccom-site-installation-state-storage.php en la línea 44

2023-05-27T05:10:52+00:00 CRITICAL Allowed memory size of 134217728 bytes exhausted (tried to allocate 524288 bytes) en /var/www/html/caprichoslaser.com/wp-content/plugins/jetpack/jetpack_vendor/automattic/jetpack-compat/lib/locales.php en la línea 2253

2023-05-27T05:20:02+00:00 CRITICAL Allowed memory size of 134217728 bytes exhausted (tried to allocate 122880 bytes) en /var/www/html/caprichoslaser.com/wp-content/plugins/woocommerce/includes/class-woocommerce.php en la línea 640

2023-05-27T05:30:13+00:00 CRITICAL Allowed memory size of 134217728 bytes exhausted (tried to allocate 122880 bytes) en /var/www/html/caprichoslaser.com/wp-content/plugins/woocommerce/includes/class-woocommerce.php en la línea 640

2023-05-27T05:44:40+00:00 CRITICAL Allowed memory size of 134217728 bytes exhausted (tried to allocate 32768 bytes) en /var/www/html/caprichoslaser.com/wp-content/plugins/woocommerce/packages/woocommerce-blocks/src/BlockTypes/ProductCategories.php en la línea 1

2023-05-27T05:45:08+00:00 CRITICAL Allowed memory size of 134217728 bytes exhausted (tried to allocate 32768 bytes) en /var/www/html/caprichoslaser.com/wp-content/plugins/wordpress-seo/src/integrations/admin/first-time-configuration-integration.php en la línea 1

2023-05-27T06:23:47+00:00 CRITICAL Allowed memory size of 134217728 bytes exhausted (tried to allocate 20480 bytes) en /var/www/html/caprichoslaser.com/wp-includes/functions.php en la línea 649

2023-05-27T06:26:38+00:00 CRITICAL Allowed memory size of 134217728 bytes exhausted (tried to allocate 163840 bytes) en /var/www/html/caprichoslaser.com/wp-includes/functions.php en la línea 649

2023-05-27T06:27:23+00:00 CRITICAL Allowed memory size of 134217728 bytes exhausted (tried to allocate 8192 bytes) en /var/www/html/caprichoslaser.com/wp-content/plugins/wordpress-seo/inc/class-wpseo-replace-vars.php en la línea 1448

2023-05-27T06:27:27+00:00 CRITICAL Allowed memory size of 134217728 bytes exhausted (tried to allocate 8192 bytes) en /var/www/html/caprichoslaser.com/wp-content/plugins/wordpress-seo/inc/class-wpseo-replace-vars.php en la línea 1448

2023-05-27T06:35:00+00:00 CRITICAL Allowed memory size of 134217728 bytes exhausted (tried to allocate 122880 bytes) en /var/www/html/caprichoslaser.com/wp-content/plugins/woocommerce/includes/class-woocommerce.php en la línea 640

2023-05-27T06:36:11+00:00 CRITICAL Allowed memory size of 134217728 bytes exhausted (tried to allocate 20480 bytes) en /var/www/html/caprichoslaser.com/wp-includes/blocks/blocks-json.php en la línea 1

2023-05-27T06:36:16+00:00 CRITICAL Allowed memory size of 134217728 bytes exhausted (tried to allocate 114688 bytes) en /var/www/html/caprichoslaser.com/wp-includes/blocks.php en la línea 321

2023-05-27T07:15:10+00:00 CRITICAL Allowed memory size of 134217728 bytes exhausted (tried to allocate 20480 bytes) en /var/www/html/caprichoslaser.com/wp-includes/functions.php en la línea 649

2023-05-27T07:21:23+00:00 CRITICAL Allowed memory size of 134217728 bytes exhausted (tried to allocate 32768 bytes) en /var/www/html/caprichoslaser.com/wp-content/plugins/woocommerce/packages/woocommerce-blocks/src/BlockTypes/MiniCartShoppingButtonBlock.php en la línea 1

2023-05-27T07:21:25+00:00 CRITICAL Allowed memory size of 134217728 bytes exhausted (tried to allocate 122880 bytes) en /var/www/html/caprichoslaser.com/wp-content/plugins/woocommerce/includes/class-woocommerce.php en la línea 640

2023-05-27T08:00:43+00:00 CRITICAL Allowed memory size of 134217728 bytes exhausted (tried to allocate 32768 bytes) en /var/www/html/caprichoslaser.com/wp-content/plugins/elementor/includes/fonts.php en la línea 1189

2023-05-27T08:34:21+00:00 CRITICAL Allowed memory size of 134217728 bytes exhausted (tried to allocate 217088 bytes) en /var/www/html/caprichoslaser.com/xmlrpc.php en la línea 66

2023-05-27T08:40:07+00:00 CRITICAL Allowed memory size of 134217728 bytes exhausted (tried to allocate 122880 bytes) en /var/www/html/caprichoslaser.com/wp-content/plugins/woocommerce/includes/class-woocommerce.php en la línea 640

2023-05-27T08:48:43+00:00 CRITICAL Allowed memory size of 134217728 bytes exhausted (tried to allocate 65536 bytes) en /var/www/html/caprichoslaser.com/wp-content/plugins/wordpress-seo/src/repositories/indexable-repository.php en la línea 101

2023-05-27T08:49:41+00:00 CRITICAL Allowed memory size of 134217728 bytes exhausted (tried to allocate 32768 bytes) en /var/www/html/caprichoslaser.com/wp-admin/includes/media.php en la línea 3294

2023-05-27T08:50:06+00:00 CRITICAL Allowed memory size of 134217728 bytes exhausted (tried to allocate 163840 bytes) en /var/www/html/caprichoslaser.com/wp-includes/functions.php en la línea 649

2023-05-27T08:50:39+00:00 CRITICAL Allowed memory size of 134217728 bytes exhausted (tried to allocate 4096 bytes) en /var/www/html/caprichoslaser.com/wp-includes/pomo/streams.php en la línea 97

2023-05-27T08:51:30+00:00 CRITICAL Allowed memory size of 134217728 bytes exhausted (tried to allocate 65536 bytes) en /var/www/html/caprichoslaser.com/wp-content/plugins/elementor/includes/controls/slider.php en la línea 92

2023-05-27T08:51:38+00:00 CRITICAL Allowed memory size of 134217728 bytes exhausted (tried to allocate 65536 bytes) en /var/www/html/caprichoslaser.com/wp-content/plugins/elementor/includes/controls/slider.php en la línea 92

2023-05-27T08:58:07+00:00 CRITICAL Allowed memory size of 134217728 bytes exhausted (tried to allocate 163840 bytes) en /var/www/html/caprichoslaser.com/wp-includes/functions.php en la línea 649

2023-05-27T09:11:54+00:00 CRITICAL Allowed memory size of 134217728 bytes exhausted (tried to allocate 65536 bytes) en /var/www/html/caprichoslaser.com/wp-includes/sitemaps/class-wp-sitemaps-renderer.php en la línea 49

2023-05-27T09:13:19+00:00 CRITICAL Allowed memory size of 134217728 bytes exhausted (tried to allocate 61440 bytes) en /var/www/html/caprichoslaser.com/wp-content/plugins/elementor/includes/autoloader.php en la línea 294

2023-05-27T09:25:03+00:00 CRITICAL Allowed memory size of 134217728 bytes exhausted (tried to allocate 20480 bytes) en /var/www/html/caprichoslaser.com/wp-includes/blocks/blocks-json.php en la línea 1

2023-05-27T10:05:10+00:00 CRITICAL Allowed memory size of 134217728 bytes exhausted (tried to allocate 32768 bytes) en /var/www/html/caprichoslaser.com/wp-content/themes/astra/inc/class-astra-dynamic-css.php en la línea 2315

2023-05-27T10:06:25+00:00 CRITICAL Allowed memory size of 134217728 bytes exhausted (tried to allocate 28672 bytes) en /var/www/html/caprichoslaser.com/wp-content/plugins/wordpress-seo/src/helpers/schema/image-helper.php en la línea 91

2023-05-27T10:06:41+00:00 CRITICAL Allowed memory size of 134217728 bytes exhausted (tried to allocate 1396736 bytes) en /var/www/html/caprichoslaser.com/wp-content/themes/astra/inc/builder/controllers/class-astra-builder-ui-controller.php en la línea 39

2023-05-27T10:09:56+00:00 CRITICAL Allowed memory size of 134217728 bytes exhausted (tried to allocate 114688 bytes) en /var/www/html/caprichoslaser.com/wp-includes/blocks.php en la línea 321

2023-05-27T10:10:14+00:00 CRITICAL Allowed memory size of 134217728 bytes exhausted (tried to allocate 122880 bytes) en /var/www/html/caprichoslaser.com/wp-content/plugins/woocommerce/includes/class-woocommerce.php en la línea 640

2023-05-27T10:15:06+00:00 CRITICAL Allowed memory size of 134217728 bytes exhausted (tried to allocate 122880 bytes) en /var/www/html/caprichoslaser.com/wp-content/plugins/woocommerce/includes/class-woocommerce.php en la línea 640

2023-05-27T10:15:09+00:00 CRITICAL Allowed memory size of 134217728 bytes exhausted (tried to allocate 1396736 bytes) en /var/www/html/caprichoslaser.com/wp-content/themes/astra/inc/builder/controllers/class-astra-builder-ui-controller.php en la línea 39

2023-05-27T10:31:36+00:00 CRITICAL Allowed memory size of 134217728 bytes exhausted (tried to allocate 20480 bytes) en /var/www/html/caprichoslaser.com/wp-includes/functions.php en la línea 649

2023-05-27T10:43:34+00:00 CRITICAL Allowed memory size of 134217728 bytes exhausted (tried to allocate 163840 bytes) en /var/www/html/caprichoslaser.com/wp-includes/functions.php en la línea 649

2023-05-27T10:49:34+00:00 CRITICAL Allowed memory size of 134217728 bytes exhausted (tried to allocate 12288 bytes) en /var/www/html/caprichoslaser.com/wp-content/plugins/woocommerce-pdf-invoices-packing-slips/includes/documents/class-wcpdf-invoice.php en la línea 269

2023-05-27T11:00:11+00:00 CRITICAL Allowed memory size of 134217728 bytes exhausted (tried to allocate 1396736 bytes) en /var/www/html/caprichoslaser.com/wp-content/themes/astra/assets/svg/svgs.json en la línea 1

2023-05-27T11:03:17+00:00 CRITICAL Allowed memory size of 134217728 bytes exhausted (tried to allocate 163840 bytes) en /var/www/html/caprichoslaser.com/wp-includes/functions.php en la línea 649

2023-05-27T11:09:24+00:00 CRITICAL Allowed memory size of 134217728 bytes exhausted (tried to allocate 1396736 bytes) en /var/www/html/caprichoslaser.com/wp-content/themes/astra/inc/builder/controllers/class-astra-builder-ui-controller.php en la línea 39

2023-05-27T11:09:44+00:00 CRITICAL Allowed memory size of 134217728 bytes exhausted (tried to allocate 20480 bytes) en /var/www/html/caprichoslaser.com/wp-includes/functions.php en la línea 649

2023-05-27T11:15:11+00:00 CRITICAL Allowed memory size of 134217728 bytes exhausted (tried to allocate 16384 bytes) en /var/www/html/caprichoslaser.com/wp-content/plugins/wordpress-seo/inc/class-wpseo-replace-vars.php en la línea 1134

2023-05-27T11:17:27+00:00 CRITICAL Allowed memory size of 134217728 bytes exhausted (tried to allocate 20480 bytes) en /var/www/html/caprichoslaser.com/wp-includes/functions.php en la línea 4550

2023-05-27T11:29:48+00:00 CRITICAL Allowed memory size of 134217728 bytes exhausted (tried to allocate 122880 bytes) en /var/www/html/caprichoslaser.com/wp-content/plugins/woocommerce/includes/class-woocommerce.php en la línea 640

2023-05-27T11:31:19+00:00 CRITICAL Allowed memory size of 134217728 bytes exhausted (tried to allocate 20480 bytes) en /var/www/html/caprichoslaser.com/wp-includes/blocks/blocks-json.php en la línea 1

2023-05-27T11:36:27+00:00 CRITICAL Allowed memory size of 134217728 bytes exhausted (tried to allocate 32768 bytes) en /var/www/html/caprichoslaser.com/wp-admin/includes/media.php en la línea 2798

2023-05-27T11:36:33+00:00 CRITICAL Allowed memory size of 134217728 bytes exhausted (tried to allocate 32768 bytes) en /var/www/html/caprichoslaser.com/wp-admin/includes/ajax-actions.php en la línea 5196

2023-05-27T11:40:10+00:00 CRITICAL Allowed memory size of 134217728 bytes exhausted (tried to allocate 122880 bytes) en /var/www/html/caprichoslaser.com/wp-content/plugins/woocommerce/includes/class-woocommerce.php en la línea 640

2023-05-27T11:42:39+00:00 CRITICAL Allowed memory size of 134217728 bytes exhausted (tried to allocate 122880 bytes) en /var/www/html/caprichoslaser.com/wp-content/plugins/woocommerce/includes/class-woocommerce.php en la línea 640

2023-05-27T11:42:40+00:00 CRITICAL Allowed memory size of 134217728 bytes exhausted (tried to allocate 122880 bytes) en /var/www/html/caprichoslaser.com/wp-content/plugins/woocommerce/includes/class-woocommerce.php en la línea 640

2023-05-27T11:42:40+00:00 CRITICAL Allowed memory size of 134217728 bytes exhausted (tried to allocate 122880 bytes) en /var/www/html/caprichoslaser.com/wp-content/plugins/woocommerce/includes/class-woocommerce.php en la línea 640

2023-05-27T11:43:31+00:00 CRITICAL Allowed memory size of 134217728 bytes exhausted (tried to allocate 122880 bytes) en /var/www/html/caprichoslaser.com/wp-content/plugins/woocommerce/includes/class-woocommerce.php en la línea 640

2023-05-27T11:43:57+00:00 CRITICAL Allowed memory size of 134217728 bytes exhausted (tried to allocate 114688 bytes) en /var/www/html/caprichoslaser.com/wp-includes/blocks.php en la línea 321

2023-05-27T11:51:49+00:00 CRITICAL Allowed memory size of 134217728 bytes exhausted (tried to allocate 1396736 bytes) en /var/www/html/caprichoslaser.com/wp-content/themes/astra/assets/svg/svgs.json en la línea 1

2023-05-27T11:52:51+00:00 CRITICAL Allowed memory size of 134217728 bytes exhausted (tried to allocate 20480 bytes) en /var/www/html/caprichoslaser.com/wp-includes/pomo/mo.php en la línea 328

2023-05-27T11:59:36+00:00 CRITICAL Allowed memory size of 134217728 bytes exhausted (tried to allocate 20480 bytes) en /var/www/html/caprichoslaser.com/wp-includes/pomo/mo.php en la línea 328

2023-05-27T12:17:36+00:00 CRITICAL Allowed memory size of 134217728 bytes exhausted (tried to allocate 32768 bytes) en /var/www/html/caprichoslaser.com/wp-admin/includes/media.php en la línea 3253

2023-05-27T12:23:37+00:00 CRITICAL Allowed memory size of 134217728 bytes exhausted (tried to allocate 20480 bytes) en /var/www/html/caprichoslaser.com/wp-admin/includes/media.php en la línea 1855

2023-05-27T12:29:06+00:00 CRITICAL Allowed memory size of 134217728 bytes exhausted (tried to allocate 20480 bytes) en /var/www/html/caprichoslaser.com/wp-admin/includes/template.php en la línea 1731

2023-05-27T12:50:22+00:00 CRITICAL Allowed memory size of 134217728 bytes exhausted (tried to allocate 20480 bytes) en /var/www/html/caprichoslaser.com/wp-admin/includes/media.php en la línea 1855

2023-05-27T12:51:51+00:00 CRITICAL Allowed memory size of 134217728 bytes exhausted (tried to allocate 798720 bytes) in /var/www/html/caprichoslaser.com/wp-includes/pomo/streams.php on line 229

2023-05-27T12:55:21+00:00 CRITICAL Allowed memory size of 134217728 bytes exhausted (tried to allocate 32768 bytes) en /var/www/html/caprichoslaser.com/wp-content/plugins/woocommerce/packages/woocommerce-blocks/src/BlockTypes/Checkout.php en la línea 341

2023-05-27T13:06:14+00:00 CRITICAL Allowed memory size of 134217728 bytes exhausted (tried to allocate 20480 bytes) en /var/www/html/caprichoslaser.com/wp-includes/class-wp-hook.php en la línea 79

2023-05-27T13:24:21+00:00 CRITICAL Allowed memory size of 134217728 bytes exhausted (tried to allocate 524288 bytes) en /var/www/html/caprichoslaser.com/wp-content/plugins/jetpack/jetpack_vendor/automattic/jetpack-compat/lib/locales.php en la línea 2253

2023-05-27T13:33:05+00:00 CRITICAL Allowed memory size of 134217728 bytes exhausted (tried to allocate 20480 bytes) en /var/www/html/caprichoslaser.com/wp-includes/pomo/mo.php en la línea 322

2023-05-27T13:40:27+00:00 CRITICAL Allowed memory size of 134217728 bytes exhausted (tried to allocate 32768 bytes) en /var/www/html/caprichoslaser.com/wp-content/plugins/wordpress-seo/src/repositories/indexable-cleanup-repository.php en la línea 1

2023-05-27T13:44:30+00:00 CRITICAL Allowed memory size of 134217728 bytes exhausted (tried to allocate 32768 bytes) en /var/www/html/caprichoslaser.com/wp-content/plugins/wordpress-seo/src/repositories/indexable-cleanup-repository.php en la línea 1

2023-05-27T14:02:38+00:00 CRITICAL Allowed memory size of 134217728 bytes exhausted (tried to allocate 28672 bytes) en /var/www/html/caprichoslaser.com/wp-content/plugins/woocommerce/packages/woocommerce-blocks/src/BlockTypes/Checkout.php en la línea 253

2023-05-27T14:09:16+00:00 CRITICAL Allowed memory size of 134217728 bytes exhausted (tried to allocate 65536 bytes) en /var/www/html/caprichoslaser.com/wp-includes/sitemaps/class-wp-sitemaps-renderer.php en la línea 49

2023-05-27T14:11:22+00:00 CRITICAL Allowed memory size of 134217728 bytes exhausted (tried to allocate 122880 bytes) en /var/www/html/caprichoslaser.com/wp-content/plugins/woocommerce/includes/class-woocommerce.php en la línea 640

2023-05-27T14:34:14+00:00 CRITICAL Allowed memory size of 134217728 bytes exhausted (tried to allocate 163840 bytes) en /var/www/html/caprichoslaser.com/wp-includes/functions.php en la línea 649

2023-05-27T14:34:52+00:00 CRITICAL Allowed memory size of 134217728 bytes exhausted (tried to allocate 32768 bytes) en /var/www/html/caprichoslaser.com/wp-content/plugins/woocommerce/packages/woocommerce-blocks/src/BlockTypes/Checkout.php en la línea 341

2023-05-27T14:36:33+00:00 CRITICAL Allowed memory size of 134217728 bytes exhausted (tried to allocate 20480 bytes) en /var/www/html/caprichoslaser.com/wp-includes/blocks/blocks-json.php en la línea 1

2023-05-27T14:38:55+00:00 CRITICAL Allowed memory size of 134217728 bytes exhausted (tried to allocate 8192 bytes) en /var/www/html/caprichoslaser.com/wp-content/plugins/wordpress-seo/inc/class-wpseo-replace-vars.php en la línea 1472

2023-05-27T14:53:35+00:00 CRITICAL Allowed memory size of 134217728 bytes exhausted (tried to allocate 65536 bytes) en /var/www/html/caprichoslaser.com/wp-includes/class-wp-block-pattern-categories-registry.php en la línea 178

2023-05-27T14:59:36+00:00 CRITICAL Allowed memory size of 134217728 bytes exhausted (tried to allocate 32768 bytes) en /var/www/html/caprichoslaser.com/wp-content/themes/astra/inc/class-astra-dynamic-css.php en la línea 1750

2023-05-27T14:59:37+00:00 CRITICAL Allowed memory size of 134217728 bytes exhausted (tried to allocate 32768 bytes) en /var/www/html/caprichoslaser.com/wp-content/themes/astra/inc/class-astra-dynamic-css.php en la línea 1750

2023-05-27T15:08:06+00:00 CRITICAL Allowed memory size of 134217728 bytes exhausted (tried to allocate 163840 bytes) en /var/www/html/caprichoslaser.com/wp-includes/functions.php en la línea 649

2023-05-27T15:15:09+00:00 CRITICAL Allowed memory size of 134217728 bytes exhausted (tried to allocate 524288 bytes) en /var/www/html/caprichoslaser.com/wp-content/plugins/jetpack/jetpack_vendor/automattic/jetpack-compat/lib/locales.php en la línea 2253

2023-05-27T15:17:11+00:00 CRITICAL Allowed memory size of 134217728 bytes exhausted (tried to allocate 28672 bytes) en /var/www/html/caprichoslaser.com/wp-content/plugins/woocommerce/packages/woocommerce-blocks/src/BlockTypes/Checkout.php en la línea 253

2023-05-27T15:19:12+00:00 CRITICAL Allowed memory size of 134217728 bytes exhausted (tried to allocate 32768 bytes) en /var/www/html/caprichoslaser.com/wp-content/plugins/wordpress-seo/src/repositories/indexable-cleanup-repository.php en la línea 1

2023-05-27T15:25:04+00:00 CRITICAL Allowed memory size of 134217728 bytes exhausted (tried to allocate 524288 bytes) en /var/www/html/caprichoslaser.com/wp-content/plugins/jetpack/jetpack_vendor/automattic/jetpack-compat/lib/locales.php en la línea 2253

2023-05-27T15:25:07+00:00 CRITICAL Allowed memory size of 134217728 bytes exhausted (tried to allocate 122880 bytes) en /var/www/html/caprichoslaser.com/wp-content/plugins/woocommerce/includes/class-woocommerce.php en la línea 640

2023-05-27T15:30:15+00:00 CRITICAL Allowed memory size of 134217728 bytes exhausted (tried to allocate 32768 bytes) en /var/www/html/caprichoslaser.com/wp-content/themes/astra/inc/class-astra-dynamic-css.php en la línea 2315

2023-05-27T15:39:15+00:00 CRITICAL Allowed memory size of 134217728 bytes exhausted (tried to allocate 143360 bytes) en /var/www/html/caprichoslaser.com/wp-content/plugins/woocommerce/packages/woocommerce-blocks/src/BlockTypes/MiniCart.php en la línea 296

2023-05-27T15:39:21+00:00 CRITICAL Allowed memory size of 134217728 bytes exhausted (tried to allocate 20480 bytes) en /var/www/html/caprichoslaser.com/wp-includes/functions.php en la línea 649

2023-05-27T15:40:40+00:00 CRITICAL Allowed memory size of 134217728 bytes exhausted (tried to allocate 1396736 bytes) en /var/www/html/caprichoslaser.com/wp-content/themes/astra/assets/svg/svgs.json en la línea 1

2023-05-27T15:40:52+00:00 CRITICAL Allowed memory size of 134217728 bytes exhausted (tried to allocate 1396736 bytes) en /var/www/html/caprichoslaser.com/wp-content/themes/astra/assets/svg/svgs.json en la línea 1

2023-05-27T15:48:13+00:00 CRITICAL Allowed memory size of 134217728 bytes exhausted (tried to allocate 20480 bytes) en /var/www/html/caprichoslaser.com/wp-includes/blocks/blocks-json.php en la línea 1

2023-05-27T15:48:54+00:00 CRITICAL Allowed memory size of 134217728 bytes exhausted (tried to allocate 32768 bytes) en /var/www/html/caprichoslaser.com/wp-content/plugins/woocommerce/src/Admin/API/Reports/Customers/Controller.php en la línea 605

2023-05-27T15:58:12+00:00 CRITICAL Allowed memory size of 134217728 bytes exhausted (tried to allocate 122880 bytes) en /var/www/html/caprichoslaser.com/wp-content/plugins/woocommerce/includes/class-woocommerce.php en la línea 640

2023-05-27T15:58:14+00:00 CRITICAL Allowed memory size of 134217728 bytes exhausted (tried to allocate 122880 bytes) en /var/www/html/caprichoslaser.com/wp-content/plugins/woocommerce/includes/class-woocommerce.php en la línea 640

2023-05-27T16:04:54+00:00 CRITICAL Allowed memory size of 134217728 bytes exhausted (tried to allocate 65536 bytes) en /var/www/html/caprichoslaser.com/wp-content/plugins/woocommerce/packages/woocommerce-blocks/src/BlockTypes/StoreNotices.php en la línea 10

2023-05-27T16:05:31+00:00 CRITICAL Allowed memory size of 134217728 bytes exhausted (tried to allocate 20480 bytes) en /var/www/html/caprichoslaser.com/wp-includes/functions.php en la línea 649

2023-05-27T16:20:10+00:00 CRITICAL Allowed memory size of 134217728 bytes exhausted (tried to allocate 122880 bytes) en /var/www/html/caprichoslaser.com/wp-content/plugins/woocommerce/includes/class-woocommerce.php en la línea 640

2023-05-27T16:45:52+00:00 CRITICAL Allowed memory size of 134217728 bytes exhausted (tried to allocate 524288 bytes) en /var/www/html/caprichoslaser.com/wp-content/plugins/jetpack/jetpack_vendor/automattic/jetpack-compat/lib/locales.php en la línea 2253

2023-05-27T16:51:56+00:00 CRITICAL Allowed memory size of 134217728 bytes exhausted (tried to allocate 32768 bytes) en /var/www/html/caprichoslaser.com/wp-includes/blocks/blocks-json.php en la línea 1

2023-05-27T16:56:12+00:00 CRITICAL Allowed memory size of 134217728 bytes exhausted (tried to allocate 20480 bytes) en /var/www/html/caprichoslaser.com/wp-includes/pomo/mo.php en la línea 328

2023-05-27T16:59:28+00:00 CRITICAL Allowed memory size of 134217728 bytes exhausted (tried to allocate 20480 bytes) en /var/www/html/caprichoslaser.com/wp-includes/pomo/mo.php en la línea 328

2023-05-27T17:01:05+00:00 CRITICAL Allowed memory size of 134217728 bytes exhausted (tried to allocate 217088 bytes) en /var/www/html/caprichoslaser.com/xmlrpc.php en la línea 66

2023-05-27T17:04:00+00:00 CRITICAL Allowed memory size of 134217728 bytes exhausted (tried to allocate 65536 bytes) en /var/www/html/caprichoslaser.com/wp-content/plugins/wordpress-seo/src/presenters/breadcrumbs-presenter.php en la línea 173

2023-05-27T17:04:08+00:00 CRITICAL Allowed memory size of 134217728 bytes exhausted (tried to allocate 122880 bytes) en /var/www/html/caprichoslaser.com/wp-content/plugins/woocommerce/includes/class-woocommerce.php en la línea 640

2023-05-27T17:04:18+00:00 CRITICAL Allowed memory size of 134217728 bytes exhausted (tried to allocate 32768 bytes) en /var/www/html/caprichoslaser.com/wp-content/themes/astra/inc/class-astra-dynamic-css.php en la línea 2941

2023-05-27T17:09:54+00:00 CRITICAL Allowed memory size of 134217728 bytes exhausted (tried to allocate 131072 bytes) en /var/www/html/caprichoslaser.com/wp-content/themes/astra/inc/builder/type/header/woo-cart/dynamic-css/dynamic.css.php en la línea 380

2023-05-27T17:11:05+00:00 CRITICAL Allowed memory size of 134217728 bytes exhausted (tried to allocate 32768 bytes) en /var/www/html/caprichoslaser.com/wp-content/themes/astra/inc/class-astra-dynamic-css.php en la línea 3220

