2023-07-16T11:37:14+00:00 CRITICAL Uncaught Error: Cannot use object of type Google\Site_Kit_Dependencies\GuzzleHttp\Psr7\Request as array in /var/www/html/caprichoslaser.com/wp-content/plugins/google-site-kit/includes/Core/Authentication/Clients/OAuth_Client.php:535
Stack trace:
#0 /var/www/html/caprichoslaser.com/wp-content/plugins/google-site-kit/includes/Core/Authentication/Authentication.php(423): Google\Site_Kit\Core\Authentication\Clients\OAuth_Client->refresh_profile_data()
#1 /var/www/html/caprichoslaser.com/wp-includes/class-wp-hook.php(308): Google\Site_Kit\Core\Authentication\Authentication->Google\Site_Kit\Core\Authentication\{closure}()
#2 /var/www/html/caprichoslaser.com/wp-includes/class-wp-hook.php(332): WP_Hook->apply_filters()
#3 /var/www/html/caprichoslaser.com/wp-includes/plugin.php(517): WP_Hook->do_action()
#4 /var/www/html/caprichoslaser.com/wp-content/plugins/google-site-kit/includes/Core/Authentication/Clients/Google_Site_Kit_Client.php(202): do_action()
#5 /var/www/html/caprichoslaser.com/wp-content/plugins/google-site-kit/includes/Core/Authentication/Clients/Google_Site_Kit_Client.php(109): Google\Site_Kit\Core\Authentication\Clients\Google_Site_Kit_Client->fetchAccessTokenWithRefreshToken()
#6 /var/www/html/caprichoslaser.com/wp-content/plugins/google-site-kit/third-party/google/apiclient/src/Client.php(732): Google\Site_Kit\Core\Authentication\Clients\Google_Site_Kit_Client->authorize()
#7 /var/www/html/caprichoslaser.com/wp-content/plugins/google-site-kit/includes/Core/Authentication/Clients/Google_Site_Kit_Client.php(220): Google\Site_Kit_Dependencies\Google\Client->execute()
#8 /var/www/html/caprichoslaser.com/wp-content/plugins/google-site-kit/includes/Core/Modules/Module.php(370): Google\Site_Kit\Core\Authentication\Clients\Google_Site_Kit_Client->execute()
#9 /var/www/html/caprichoslaser.com/wp-content/plugins/google-site-kit/includes/Core/Modules/Module.php(214): Google\Site_Kit\Core\Modules\Module->execute_data_request()
#10 /var/www/html/caprichoslaser.com/wp-content/plugins/google-site-kit/includes/Core/Modules/REST_Modules_Controller.php(538): Google\Site_Kit\Core\Modules\Module->get_data()
#11 /var/www/html/caprichoslaser.com/wp-includes/rest-api/class-wp-rest-server.php(1181): Google\Site_Kit\Core\Modules\REST_Modules_Controller->Google\Site_Kit\Core\Modules\{closure}()
#12 /var/www/html/caprichoslaser.com/wp-includes/rest-api/class-wp-rest-server.php(1028): WP_REST_Server->respond_to_request()
#13 /var/www/html/caprichoslaser.com/wp-includes/rest-api/class-wp-rest-server.php(442): WP_REST_Server->dispatch()
#14 /var/www/html/caprichoslaser.com/wp-includes/rest-api.php(410): WP_REST_Server->serve_request()
#15 /var/www/html/caprichoslaser.com/wp-includes/class-wp-hook.php(308): rest_api_loaded()
#16 /var/www/html/caprichoslaser.com/wp-includes/class-wp-hook.php(332): WP_Hook->apply_filters()
#17 /var/www/html/caprichoslaser.com/wp-includes/plugin.php(565): WP_Hook->do_action()
#18 /var/www/html/caprichoslaser.com/wp-includes/class-wp.php(399): do_action_ref_array()
#19 /var/www/html/caprichoslaser.com/wp-includes/class-wp.php(780): WP->parse_request()
#20 /var/www/html/caprichoslaser.com/wp-includes/functions.php(1334): WP->main()
#21 /var/www/html/caprichoslaser.com/wp-blog-header.php(16): wp()
#22 /var/www/html/caprichoslaser.com/index.php(17): require('...')
#23 {main}
  thrown en /var/www/html/caprichoslaser.com/wp-content/plugins/google-site-kit/includes/Core/Authentication/Clients/OAuth_Client.php en la línea 535

2023-07-16T11:37:14+00:00 CRITICAL Uncaught Error: Cannot use object of type Google\Site_Kit_Dependencies\GuzzleHttp\Psr7\Request as array in /var/www/html/caprichoslaser.com/wp-content/plugins/google-site-kit/includes/Core/Authentication/Clients/OAuth_Client.php:535
Stack trace:
#0 /var/www/html/caprichoslaser.com/wp-content/plugins/google-site-kit/includes/Core/Authentication/Authentication.php(423): Google\Site_Kit\Core\Authentication\Clients\OAuth_Client->refresh_profile_data()
#1 /var/www/html/caprichoslaser.com/wp-includes/class-wp-hook.php(308): Google\Site_Kit\Core\Authentication\Authentication->Google\Site_Kit\Core\Authentication\{closure}()
#2 /var/www/html/caprichoslaser.com/wp-includes/class-wp-hook.php(332): WP_Hook->apply_filters()
#3 /var/www/html/caprichoslaser.com/wp-includes/plugin.php(517): WP_Hook->do_action()
#4 /var/www/html/caprichoslaser.com/wp-content/plugins/google-site-kit/includes/Core/Authentication/Clients/Google_Site_Kit_Client.php(202): do_action()
#5 /var/www/html/caprichoslaser.com/wp-content/plugins/google-site-kit/includes/Core/Authentication/Clients/Google_Site_Kit_Client.php(109): Google\Site_Kit\Core\Authentication\Clients\Google_Site_Kit_Client->fetchAccessTokenWithRefreshToken()
#6 /var/www/html/caprichoslaser.com/wp-content/plugins/google-site-kit/third-party/google/apiclient/src/Client.php(732): Google\Site_Kit\Core\Authentication\Clients\Google_Site_Kit_Client->authorize()
#7 /var/www/html/caprichoslaser.com/wp-content/plugins/google-site-kit/includes/Core/Authentication/Clients/Google_Site_Kit_Client.php(220): Google\Site_Kit_Dependencies\Google\Client->execute()
#8 /var/www/html/caprichoslaser.com/wp-content/plugins/google-site-kit/includes/Core/Modules/Module.php(370): Google\Site_Kit\Core\Authentication\Clients\Google_Site_Kit_Client->execute()
#9 /var/www/html/caprichoslaser.com/wp-content/plugins/google-site-kit/includes/Core/Modules/Module.php(214): Google\Site_Kit\Core\Modules\Module->execute_data_request()
#10 /var/www/html/caprichoslaser.com/wp-content/plugins/google-site-kit/includes/Core/Modules/REST_Modules_Controller.php(538): Google\Site_Kit\Core\Modules\Module->get_data()
#11 /var/www/html/caprichoslaser.com/wp-includes/rest-api/class-wp-rest-server.php(1181): Google\Site_Kit\Core\Modules\REST_Modules_Controller->Google\Site_Kit\Core\Modules\{closure}()
#12 /var/www/html/caprichoslaser.com/wp-includes/rest-api/class-wp-rest-server.php(1028): WP_REST_Server->respond_to_request()
#13 /var/www/html/caprichoslaser.com/wp-includes/rest-api/class-wp-rest-server.php(442): WP_REST_Server->dispatch()
#14 /var/www/html/caprichoslaser.com/wp-includes/rest-api.php(410): WP_REST_Server->serve_request()
#15 /var/www/html/caprichoslaser.com/wp-includes/class-wp-hook.php(308): rest_api_loaded()
#16 /var/www/html/caprichoslaser.com/wp-includes/class-wp-hook.php(332): WP_Hook->apply_filters()
#17 /var/www/html/caprichoslaser.com/wp-includes/plugin.php(565): WP_Hook->do_action()
#18 /var/www/html/caprichoslaser.com/wp-includes/class-wp.php(399): do_action_ref_array()
#19 /var/www/html/caprichoslaser.com/wp-includes/class-wp.php(780): WP->parse_request()
#20 /var/www/html/caprichoslaser.com/wp-includes/functions.php(1334): WP->main()
#21 /var/www/html/caprichoslaser.com/wp-blog-header.php(16): wp()
#22 /var/www/html/caprichoslaser.com/index.php(17): require('...')
#23 {main}
  thrown en /var/www/html/caprichoslaser.com/wp-content/plugins/google-site-kit/includes/Core/Authentication/Clients/OAuth_Client.php en la línea 535

2023-07-16T11:37:14+00:00 CRITICAL Uncaught Error: Cannot use object of type Google\Site_Kit_Dependencies\GuzzleHttp\Psr7\Request as array in /var/www/html/caprichoslaser.com/wp-content/plugins/google-site-kit/includes/Core/Authentication/Clients/OAuth_Client.php:535
Stack trace:
#0 /var/www/html/caprichoslaser.com/wp-content/plugins/google-site-kit/includes/Core/Authentication/Authentication.php(423): Google\Site_Kit\Core\Authentication\Clients\OAuth_Client->refresh_profile_data()
#1 /var/www/html/caprichoslaser.com/wp-includes/class-wp-hook.php(308): Google\Site_Kit\Core\Authentication\Authentication->Google\Site_Kit\Core\Authentication\{closure}()
#2 /var/www/html/caprichoslaser.com/wp-includes/class-wp-hook.php(332): WP_Hook->apply_filters()
#3 /var/www/html/caprichoslaser.com/wp-includes/plugin.php(517): WP_Hook->do_action()
#4 /var/www/html/caprichoslaser.com/wp-content/plugins/google-site-kit/includes/Core/Authentication/Clients/Google_Site_Kit_Client.php(202): do_action()
#5 /var/www/html/caprichoslaser.com/wp-content/plugins/google-site-kit/includes/Core/Authentication/Clients/Google_Site_Kit_Client.php(109): Google\Site_Kit\Core\Authentication\Clients\Google_Site_Kit_Client->fetchAccessTokenWithRefreshToken()
#6 /var/www/html/caprichoslaser.com/wp-content/plugins/google-site-kit/third-party/google/apiclient/src/Client.php(732): Google\Site_Kit\Core\Authentication\Clients\Google_Site_Kit_Client->authorize()
#7 /var/www/html/caprichoslaser.com/wp-content/plugins/google-site-kit/includes/Core/Authentication/Clients/Google_Site_Kit_Client.php(220): Google\Site_Kit_Dependencies\Google\Client->execute()
#8 /var/www/html/caprichoslaser.com/wp-content/plugins/google-site-kit/includes/Core/Modules/Module.php(370): Google\Site_Kit\Core\Authentication\Clients\Google_Site_Kit_Client->execute()
#9 /var/www/html/caprichoslaser.com/wp-content/plugins/google-site-kit/includes/Core/Modules/Module.php(214): Google\Site_Kit\Core\Modules\Module->execute_data_request()
#10 /var/www/html/caprichoslaser.com/wp-content/plugins/google-site-kit/includes/Core/Modules/REST_Modules_Controller.php(538): Google\Site_Kit\Core\Modules\Module->get_data()
#11 /var/www/html/caprichoslaser.com/wp-includes/rest-api/class-wp-rest-server.php(1181): Google\Site_Kit\Core\Modules\REST_Modules_Controller->Google\Site_Kit\Core\Modules\{closure}()
#12 /var/www/html/caprichoslaser.com/wp-includes/rest-api/class-wp-rest-server.php(1028): WP_REST_Server->respond_to_request()
#13 /var/www/html/caprichoslaser.com/wp-includes/rest-api/class-wp-rest-server.php(442): WP_REST_Server->dispatch()
#14 /var/www/html/caprichoslaser.com/wp-includes/rest-api.php(410): WP_REST_Server->serve_request()
#15 /var/www/html/caprichoslaser.com/wp-includes/class-wp-hook.php(308): rest_api_loaded()
#16 /var/www/html/caprichoslaser.com/wp-includes/class-wp-hook.php(332): WP_Hook->apply_filters()
#17 /var/www/html/caprichoslaser.com/wp-includes/plugin.php(565): WP_Hook->do_action()
#18 /var/www/html/caprichoslaser.com/wp-includes/class-wp.php(399): do_action_ref_array()
#19 /var/www/html/caprichoslaser.com/wp-includes/class-wp.php(780): WP->parse_request()
#20 /var/www/html/caprichoslaser.com/wp-includes/functions.php(1334): WP->main()
#21 /var/www/html/caprichoslaser.com/wp-blog-header.php(16): wp()
#22 /var/www/html/caprichoslaser.com/index.php(17): require('...')
#23 {main}
  thrown en /var/www/html/caprichoslaser.com/wp-content/plugins/google-site-kit/includes/Core/Authentication/Clients/OAuth_Client.php en la línea 535

2023-07-16T11:37:14+00:00 CRITICAL Uncaught Error: Cannot use object of type Google\Site_Kit_Dependencies\GuzzleHttp\Psr7\Request as array in /var/www/html/caprichoslaser.com/wp-content/plugins/google-site-kit/includes/Core/Authentication/Clients/OAuth_Client.php:535
Stack trace:
#0 /var/www/html/caprichoslaser.com/wp-content/plugins/google-site-kit/includes/Core/Authentication/Authentication.php(423): Google\Site_Kit\Core\Authentication\Clients\OAuth_Client->refresh_profile_data()
#1 /var/www/html/caprichoslaser.com/wp-includes/class-wp-hook.php(308): Google\Site_Kit\Core\Authentication\Authentication->Google\Site_Kit\Core\Authentication\{closure}()
#2 /var/www/html/caprichoslaser.com/wp-includes/class-wp-hook.php(332): WP_Hook->apply_filters()
#3 /var/www/html/caprichoslaser.com/wp-includes/plugin.php(517): WP_Hook->do_action()
#4 /var/www/html/caprichoslaser.com/wp-content/plugins/google-site-kit/includes/Core/Authentication/Clients/Google_Site_Kit_Client.php(202): do_action()
#5 /var/www/html/caprichoslaser.com/wp-content/plugins/google-site-kit/includes/Core/Authentication/Clients/Google_Site_Kit_Client.php(109): Google\Site_Kit\Core\Authentication\Clients\Google_Site_Kit_Client->fetchAccessTokenWithRefreshToken()
#6 /var/www/html/caprichoslaser.com/wp-content/plugins/google-site-kit/third-party/google/apiclient/src/Client.php(732): Google\Site_Kit\Core\Authentication\Clients\Google_Site_Kit_Client->authorize()
#7 /var/www/html/caprichoslaser.com/wp-content/plugins/google-site-kit/includes/Core/Authentication/Clients/Google_Site_Kit_Client.php(220): Google\Site_Kit_Dependencies\Google\Client->execute()
#8 /var/www/html/caprichoslaser.com/wp-content/plugins/google-site-kit/includes/Core/Modules/Module.php(370): Google\Site_Kit\Core\Authentication\Clients\Google_Site_Kit_Client->execute()
#9 /var/www/html/caprichoslaser.com/wp-content/plugins/google-site-kit/includes/Core/Modules/Module.php(214): Google\Site_Kit\Core\Modules\Module->execute_data_request()
#10 /var/www/html/caprichoslaser.com/wp-content/plugins/google-site-kit/includes/Core/Modules/REST_Modules_Controller.php(538): Google\Site_Kit\Core\Modules\Module->get_data()
#11 /var/www/html/caprichoslaser.com/wp-includes/rest-api/class-wp-rest-server.php(1181): Google\Site_Kit\Core\Modules\REST_Modules_Controller->Google\Site_Kit\Core\Modules\{closure}()
#12 /var/www/html/caprichoslaser.com/wp-includes/rest-api/class-wp-rest-server.php(1028): WP_REST_Server->respond_to_request()
#13 /var/www/html/caprichoslaser.com/wp-includes/rest-api/class-wp-rest-server.php(442): WP_REST_Server->dispatch()
#14 /var/www/html/caprichoslaser.com/wp-includes/rest-api.php(410): WP_REST_Server->serve_request()
#15 /var/www/html/caprichoslaser.com/wp-includes/class-wp-hook.php(308): rest_api_loaded()
#16 /var/www/html/caprichoslaser.com/wp-includes/class-wp-hook.php(332): WP_Hook->apply_filters()
#17 /var/www/html/caprichoslaser.com/wp-includes/plugin.php(565): WP_Hook->do_action()
#18 /var/www/html/caprichoslaser.com/wp-includes/class-wp.php(399): do_action_ref_array()
#19 /var/www/html/caprichoslaser.com/wp-includes/class-wp.php(780): WP->parse_request()
#20 /var/www/html/caprichoslaser.com/wp-includes/functions.php(1334): WP->main()
#21 /var/www/html/caprichoslaser.com/wp-blog-header.php(16): wp()
#22 /var/www/html/caprichoslaser.com/index.php(17): require('...')
#23 {main}
  thrown en /var/www/html/caprichoslaser.com/wp-content/plugins/google-site-kit/includes/Core/Authentication/Clients/OAuth_Client.php en la línea 535

2023-07-16T11:37:46+00:00 CRITICAL Uncaught Error: Cannot use object of type Google\Site_Kit_Dependencies\GuzzleHttp\Psr7\Request as array in /var/www/html/caprichoslaser.com/wp-content/plugins/google-site-kit/includes/Core/Authentication/Clients/OAuth_Client.php:535
Stack trace:
#0 /var/www/html/caprichoslaser.com/wp-content/plugins/google-site-kit/includes/Core/Authentication/Authentication.php(423): Google\Site_Kit\Core\Authentication\Clients\OAuth_Client->refresh_profile_data()
#1 /var/www/html/caprichoslaser.com/wp-includes/class-wp-hook.php(308): Google\Site_Kit\Core\Authentication\Authentication->Google\Site_Kit\Core\Authentication\{closure}()
#2 /var/www/html/caprichoslaser.com/wp-includes/class-wp-hook.php(332): WP_Hook->apply_filters()
#3 /var/www/html/caprichoslaser.com/wp-includes/plugin.php(517): WP_Hook->do_action()
#4 /var/www/html/caprichoslaser.com/wp-content/plugins/google-site-kit/includes/Core/Authentication/Clients/Google_Site_Kit_Client.php(202): do_action()
#5 /var/www/html/caprichoslaser.com/wp-content/plugins/google-site-kit/includes/Core/Authentication/Clients/Google_Site_Kit_Client.php(109): Google\Site_Kit\Core\Authentication\Clients\Google_Site_Kit_Client->fetchAccessTokenWithRefreshToken()
#6 /var/www/html/caprichoslaser.com/wp-content/plugins/google-site-kit/third-party/google/apiclient/src/Client.php(732): Google\Site_Kit\Core\Authentication\Clients\Google_Site_Kit_Client->authorize()
#7 /var/www/html/caprichoslaser.com/wp-content/plugins/google-site-kit/includes/Core/Authentication/Clients/Google_Site_Kit_Client.php(220): Google\Site_Kit_Dependencies\Google\Client->execute()
#8 /var/www/html/caprichoslaser.com/wp-content/plugins/google-site-kit/includes/Core/Modules/Module.php(370): Google\Site_Kit\Core\Authentication\Clients\Google_Site_Kit_Client->execute()
#9 /var/www/html/caprichoslaser.com/wp-content/plugins/google-site-kit/includes/Core/Modules/Module.php(214): Google\Site_Kit\Core\Modules\Module->execute_data_request()
#10 /var/www/html/caprichoslaser.com/wp-content/plugins/google-site-kit/includes/Core/Modules/REST_Modules_Controller.php(538): Google\Site_Kit\Core\Modules\Module->get_data()
#11 /var/www/html/caprichoslaser.com/wp-includes/rest-api/class-wp-rest-server.php(1181): Google\Site_Kit\Core\Modules\REST_Modules_Controller->Google\Site_Kit\Core\Modules\{closure}()
#12 /var/www/html/caprichoslaser.com/wp-includes/rest-api/class-wp-rest-server.php(1028): WP_REST_Server->respond_to_request()
#13 /var/www/html/caprichoslaser.com/wp-includes/rest-api/class-wp-rest-server.php(442): WP_REST_Server->dispatch()
#14 /var/www/html/caprichoslaser.com/wp-includes/rest-api.php(410): WP_REST_Server->serve_request()
#15 /var/www/html/caprichoslaser.com/wp-includes/class-wp-hook.php(308): rest_api_loaded()
#16 /var/www/html/caprichoslaser.com/wp-includes/class-wp-hook.php(332): WP_Hook->apply_filters()
#17 /var/www/html/caprichoslaser.com/wp-includes/plugin.php(565): WP_Hook->do_action()
#18 /var/www/html/caprichoslaser.com/wp-includes/class-wp.php(399): do_action_ref_array()
#19 /var/www/html/caprichoslaser.com/wp-includes/class-wp.php(780): WP->parse_request()
#20 /var/www/html/caprichoslaser.com/wp-includes/functions.php(1334): WP->main()
#21 /var/www/html/caprichoslaser.com/wp-blog-header.php(16): wp()
#22 /var/www/html/caprichoslaser.com/index.php(17): require('...')
#23 {main}
  thrown en /var/www/html/caprichoslaser.com/wp-content/plugins/google-site-kit/includes/Core/Authentication/Clients/OAuth_Client.php en la línea 535

2023-07-16T11:37:46+00:00 CRITICAL Uncaught Error: Cannot use object of type Google\Site_Kit_Dependencies\GuzzleHttp\Psr7\Request as array in /var/www/html/caprichoslaser.com/wp-content/plugins/google-site-kit/includes/Core/Authentication/Clients/OAuth_Client.php:535
Stack trace:
#0 /var/www/html/caprichoslaser.com/wp-content/plugins/google-site-kit/includes/Core/Authentication/Authentication.php(423): Google\Site_Kit\Core\Authentication\Clients\OAuth_Client->refresh_profile_data()
#1 /var/www/html/caprichoslaser.com/wp-includes/class-wp-hook.php(308): Google\Site_Kit\Core\Authentication\Authentication->Google\Site_Kit\Core\Authentication\{closure}()
#2 /var/www/html/caprichoslaser.com/wp-includes/class-wp-hook.php(332): WP_Hook->apply_filters()
#3 /var/www/html/caprichoslaser.com/wp-includes/plugin.php(517): WP_Hook->do_action()
#4 /var/www/html/caprichoslaser.com/wp-content/plugins/google-site-kit/includes/Core/Authentication/Clients/Google_Site_Kit_Client.php(202): do_action()
#5 /var/www/html/caprichoslaser.com/wp-content/plugins/google-site-kit/includes/Core/Authentication/Clients/Google_Site_Kit_Client.php(109): Google\Site_Kit\Core\Authentication\Clients\Google_Site_Kit_Client->fetchAccessTokenWithRefreshToken()
#6 /var/www/html/caprichoslaser.com/wp-content/plugins/google-site-kit/third-party/google/apiclient/src/Client.php(732): Google\Site_Kit\Core\Authentication\Clients\Google_Site_Kit_Client->authorize()
#7 /var/www/html/caprichoslaser.com/wp-content/plugins/google-site-kit/includes/Core/Authentication/Clients/Google_Site_Kit_Client.php(220): Google\Site_Kit_Dependencies\Google\Client->execute()
#8 /var/www/html/caprichoslaser.com/wp-content/plugins/google-site-kit/includes/Core/Modules/Module.php(370): Google\Site_Kit\Core\Authentication\Clients\Google_Site_Kit_Client->execute()
#9 /var/www/html/caprichoslaser.com/wp-content/plugins/google-site-kit/includes/Core/Modules/Module.php(214): Google\Site_Kit\Core\Modules\Module->execute_data_request()
#10 /var/www/html/caprichoslaser.com/wp-content/plugins/google-site-kit/includes/Core/Modules/REST_Modules_Controller.php(538): Google\Site_Kit\Core\Modules\Module->get_data()
#11 /var/www/html/caprichoslaser.com/wp-includes/rest-api/class-wp-rest-server.php(1181): Google\Site_Kit\Core\Modules\REST_Modules_Controller->Google\Site_Kit\Core\Modules\{closure}()
#12 /var/www/html/caprichoslaser.com/wp-includes/rest-api/class-wp-rest-server.php(1028): WP_REST_Server->respond_to_request()
#13 /var/www/html/caprichoslaser.com/wp-includes/rest-api/class-wp-rest-server.php(442): WP_REST_Server->dispatch()
#14 /var/www/html/caprichoslaser.com/wp-includes/rest-api.php(410): WP_REST_Server->serve_request()
#15 /var/www/html/caprichoslaser.com/wp-includes/class-wp-hook.php(308): rest_api_loaded()
#16 /var/www/html/caprichoslaser.com/wp-includes/class-wp-hook.php(332): WP_Hook->apply_filters()
#17 /var/www/html/caprichoslaser.com/wp-includes/plugin.php(565): WP_Hook->do_action()
#18 /var/www/html/caprichoslaser.com/wp-includes/class-wp.php(399): do_action_ref_array()
#19 /var/www/html/caprichoslaser.com/wp-includes/class-wp.php(780): WP->parse_request()
#20 /var/www/html/caprichoslaser.com/wp-includes/functions.php(1334): WP->main()
#21 /var/www/html/caprichoslaser.com/wp-blog-header.php(16): wp()
#22 /var/www/html/caprichoslaser.com/index.php(17): require('...')
#23 {main}
  thrown en /var/www/html/caprichoslaser.com/wp-content/plugins/google-site-kit/includes/Core/Authentication/Clients/OAuth_Client.php en la línea 535

2023-07-16T11:37:46+00:00 CRITICAL Uncaught Error: Cannot use object of type Google\Site_Kit_Dependencies\GuzzleHttp\Psr7\Request as array in /var/www/html/caprichoslaser.com/wp-content/plugins/google-site-kit/includes/Core/Authentication/Clients/OAuth_Client.php:535
Stack trace:
#0 /var/www/html/caprichoslaser.com/wp-content/plugins/google-site-kit/includes/Core/Authentication/Authentication.php(423): Google\Site_Kit\Core\Authentication\Clients\OAuth_Client->refresh_profile_data()
#1 /var/www/html/caprichoslaser.com/wp-includes/class-wp-hook.php(308): Google\Site_Kit\Core\Authentication\Authentication->Google\Site_Kit\Core\Authentication\{closure}()
#2 /var/www/html/caprichoslaser.com/wp-includes/class-wp-hook.php(332): WP_Hook->apply_filters()
#3 /var/www/html/caprichoslaser.com/wp-includes/plugin.php(517): WP_Hook->do_action()
#4 /var/www/html/caprichoslaser.com/wp-content/plugins/google-site-kit/includes/Core/Authentication/Clients/Google_Site_Kit_Client.php(202): do_action()
#5 /var/www/html/caprichoslaser.com/wp-content/plugins/google-site-kit/includes/Core/Authentication/Clients/Google_Site_Kit_Client.php(109): Google\Site_Kit\Core\Authentication\Clients\Google_Site_Kit_Client->fetchAccessTokenWithRefreshToken()
#6 /var/www/html/caprichoslaser.com/wp-content/plugins/google-site-kit/third-party/google/apiclient/src/Client.php(732): Google\Site_Kit\Core\Authentication\Clients\Google_Site_Kit_Client->authorize()
#7 /var/www/html/caprichoslaser.com/wp-content/plugins/google-site-kit/includes/Core/Authentication/Clients/Google_Site_Kit_Client.php(220): Google\Site_Kit_Dependencies\Google\Client->execute()
#8 /var/www/html/caprichoslaser.com/wp-content/plugins/google-site-kit/includes/Core/Modules/Module.php(370): Google\Site_Kit\Core\Authentication\Clients\Google_Site_Kit_Client->execute()
#9 /var/www/html/caprichoslaser.com/wp-content/plugins/google-site-kit/includes/Core/Modules/Module.php(214): Google\Site_Kit\Core\Modules\Module->execute_data_request()
#10 /var/www/html/caprichoslaser.com/wp-content/plugins/google-site-kit/includes/Core/Modules/REST_Modules_Controller.php(538): Google\Site_Kit\Core\Modules\Module->get_data()
#11 /var/www/html/caprichoslaser.com/wp-includes/rest-api/class-wp-rest-server.php(1181): Google\Site_Kit\Core\Modules\REST_Modules_Controller->Google\Site_Kit\Core\Modules\{closure}()
#12 /var/www/html/caprichoslaser.com/wp-includes/rest-api/class-wp-rest-server.php(1028): WP_REST_Server->respond_to_request()
#13 /var/www/html/caprichoslaser.com/wp-includes/rest-api/class-wp-rest-server.php(442): WP_REST_Server->dispatch()
#14 /var/www/html/caprichoslaser.com/wp-includes/rest-api.php(410): WP_REST_Server->serve_request()
#15 /var/www/html/caprichoslaser.com/wp-includes/class-wp-hook.php(308): rest_api_loaded()
#16 /var/www/html/caprichoslaser.com/wp-includes/class-wp-hook.php(332): WP_Hook->apply_filters()
#17 /var/www/html/caprichoslaser.com/wp-includes/plugin.php(565): WP_Hook->do_action()
#18 /var/www/html/caprichoslaser.com/wp-includes/class-wp.php(399): do_action_ref_array()
#19 /var/www/html/caprichoslaser.com/wp-includes/class-wp.php(780): WP->parse_request()
#20 /var/www/html/caprichoslaser.com/wp-includes/functions.php(1334): WP->main()
#21 /var/www/html/caprichoslaser.com/wp-blog-header.php(16): wp()
#22 /var/www/html/caprichoslaser.com/index.php(17): require('...')
#23 {main}
  thrown en /var/www/html/caprichoslaser.com/wp-content/plugins/google-site-kit/includes/Core/Authentication/Clients/OAuth_Client.php en la línea 535

2023-07-16T11:43:02+00:00 CRITICAL Uncaught Error: Cannot use object of type Google\Site_Kit_Dependencies\GuzzleHttp\Psr7\Request as array in /var/www/html/caprichoslaser.com/wp-content/plugins/google-site-kit/includes/Core/Authentication/Clients/OAuth_Client.php:535
Stack trace:
#0 /var/www/html/caprichoslaser.com/wp-content/plugins/google-site-kit/includes/Core/Authentication/Authentication.php(423): Google\Site_Kit\Core\Authentication\Clients\OAuth_Client->refresh_profile_data()
#1 /var/www/html/caprichoslaser.com/wp-includes/class-wp-hook.php(308): Google\Site_Kit\Core\Authentication\Authentication->Google\Site_Kit\Core\Authentication\{closure}()
#2 /var/www/html/caprichoslaser.com/wp-includes/class-wp-hook.php(332): WP_Hook->apply_filters()
#3 /var/www/html/caprichoslaser.com/wp-includes/plugin.php(517): WP_Hook->do_action()
#4 /var/www/html/caprichoslaser.com/wp-content/plugins/google-site-kit/includes/Core/Authentication/Clients/Google_Site_Kit_Client.php(202): do_action()
#5 /var/www/html/caprichoslaser.com/wp-content/plugins/google-site-kit/includes/Core/Authentication/Clients/Google_Site_Kit_Client.php(109): Google\Site_Kit\Core\Authentication\Clients\Google_Site_Kit_Client->fetchAccessTokenWithRefreshToken()
#6 /var/www/html/caprichoslaser.com/wp-content/plugins/google-site-kit/third-party/google/apiclient/src/Client.php(732): Google\Site_Kit\Core\Authentication\Clients\Google_Site_Kit_Client->authorize()
#7 /var/www/html/caprichoslaser.com/wp-content/plugins/google-site-kit/includes/Core/Authentication/Clients/Google_Site_Kit_Client.php(220): Google\Site_Kit_Dependencies\Google\Client->execute()
#8 /var/www/html/caprichoslaser.com/wp-content/plugins/google-site-kit/includes/Core/Modules/Module.php(370): Google\Site_Kit\Core\Authentication\Clients\Google_Site_Kit_Client->execute()
#9 /var/www/html/caprichoslaser.com/wp-content/plugins/google-site-kit/includes/Core/Modules/Module.php(214): Google\Site_Kit\Core\Modules\Module->execute_data_request()
#10 /var/www/html/caprichoslaser.com/wp-content/plugins/google-site-kit/includes/Core/Modules/REST_Modules_Controller.php(538): Google\Site_Kit\Core\Modules\Module->get_data()
#11 /var/www/html/caprichoslaser.com/wp-includes/rest-api/class-wp-rest-server.php(1181): Google\Site_Kit\Core\Modules\REST_Modules_Controller->Google\Site_Kit\Core\Modules\{closure}()
#12 /var/www/html/caprichoslaser.com/wp-includes/rest-api/class-wp-rest-server.php(1028): WP_REST_Server->respond_to_request()
#13 /var/www/html/caprichoslaser.com/wp-includes/rest-api/class-wp-rest-server.php(442): WP_REST_Server->dispatch()
#14 /var/www/html/caprichoslaser.com/wp-includes/rest-api.php(410): WP_REST_Server->serve_request()
#15 /var/www/html/caprichoslaser.com/wp-includes/class-wp-hook.php(308): rest_api_loaded()
#16 /var/www/html/caprichoslaser.com/wp-includes/class-wp-hook.php(332): WP_Hook->apply_filters()
#17 /var/www/html/caprichoslaser.com/wp-includes/plugin.php(565): WP_Hook->do_action()
#18 /var/www/html/caprichoslaser.com/wp-includes/class-wp.php(399): do_action_ref_array()
#19 /var/www/html/caprichoslaser.com/wp-includes/class-wp.php(780): WP->parse_request()
#20 /var/www/html/caprichoslaser.com/wp-includes/functions.php(1334): WP->main()
#21 /var/www/html/caprichoslaser.com/wp-blog-header.php(16): wp()
#22 /var/www/html/caprichoslaser.com/index.php(17): require('...')
#23 {main}
  thrown en /var/www/html/caprichoslaser.com/wp-content/plugins/google-site-kit/includes/Core/Authentication/Clients/OAuth_Client.php en la línea 535

2023-07-16T11:43:02+00:00 CRITICAL Uncaught Error: Cannot use object of type Google\Site_Kit_Dependencies\GuzzleHttp\Psr7\Request as array in /var/www/html/caprichoslaser.com/wp-content/plugins/google-site-kit/includes/Core/Authentication/Clients/OAuth_Client.php:535
Stack trace:
#0 /var/www/html/caprichoslaser.com/wp-content/plugins/google-site-kit/includes/Core/Authentication/Authentication.php(423): Google\Site_Kit\Core\Authentication\Clients\OAuth_Client->refresh_profile_data()
#1 /var/www/html/caprichoslaser.com/wp-includes/class-wp-hook.php(308): Google\Site_Kit\Core\Authentication\Authentication->Google\Site_Kit\Core\Authentication\{closure}()
#2 /var/www/html/caprichoslaser.com/wp-includes/class-wp-hook.php(332): WP_Hook->apply_filters()
#3 /var/www/html/caprichoslaser.com/wp-includes/plugin.php(517): WP_Hook->do_action()
#4 /var/www/html/caprichoslaser.com/wp-content/plugins/google-site-kit/includes/Core/Authentication/Clients/Google_Site_Kit_Client.php(202): do_action()
#5 /var/www/html/caprichoslaser.com/wp-content/plugins/google-site-kit/includes/Core/Authentication/Clients/Google_Site_Kit_Client.php(109): Google\Site_Kit\Core\Authentication\Clients\Google_Site_Kit_Client->fetchAccessTokenWithRefreshToken()
#6 /var/www/html/caprichoslaser.com/wp-content/plugins/google-site-kit/third-party/google/apiclient/src/Client.php(732): Google\Site_Kit\Core\Authentication\Clients\Google_Site_Kit_Client->authorize()
#7 /var/www/html/caprichoslaser.com/wp-content/plugins/google-site-kit/includes/Core/Authentication/Clients/Google_Site_Kit_Client.php(220): Google\Site_Kit_Dependencies\Google\Client->execute()
#8 /var/www/html/caprichoslaser.com/wp-content/plugins/google-site-kit/includes/Core/Modules/Module.php(370): Google\Site_Kit\Core\Authentication\Clients\Google_Site_Kit_Client->execute()
#9 /var/www/html/caprichoslaser.com/wp-content/plugins/google-site-kit/includes/Core/Modules/Module.php(214): Google\Site_Kit\Core\Modules\Module->execute_data_request()
#10 /var/www/html/caprichoslaser.com/wp-content/plugins/google-site-kit/includes/Core/Modules/REST_Modules_Controller.php(538): Google\Site_Kit\Core\Modules\Module->get_data()
#11 /var/www/html/caprichoslaser.com/wp-includes/rest-api/class-wp-rest-server.php(1181): Google\Site_Kit\Core\Modules\REST_Modules_Controller->Google\Site_Kit\Core\Modules\{closure}()
#12 /var/www/html/caprichoslaser.com/wp-includes/rest-api/class-wp-rest-server.php(1028): WP_REST_Server->respond_to_request()
#13 /var/www/html/caprichoslaser.com/wp-includes/rest-api/class-wp-rest-server.php(442): WP_REST_Server->dispatch()
#14 /var/www/html/caprichoslaser.com/wp-includes/rest-api.php(410): WP_REST_Server->serve_request()
#15 /var/www/html/caprichoslaser.com/wp-includes/class-wp-hook.php(308): rest_api_loaded()
#16 /var/www/html/caprichoslaser.com/wp-includes/class-wp-hook.php(332): WP_Hook->apply_filters()
#17 /var/www/html/caprichoslaser.com/wp-includes/plugin.php(565): WP_Hook->do_action()
#18 /var/www/html/caprichoslaser.com/wp-includes/class-wp.php(399): do_action_ref_array()
#19 /var/www/html/caprichoslaser.com/wp-includes/class-wp.php(780): WP->parse_request()
#20 /var/www/html/caprichoslaser.com/wp-includes/functions.php(1334): WP->main()
#21 /var/www/html/caprichoslaser.com/wp-blog-header.php(16): wp()
#22 /var/www/html/caprichoslaser.com/index.php(17): require('...')
#23 {main}
  thrown en /var/www/html/caprichoslaser.com/wp-content/plugins/google-site-kit/includes/Core/Authentication/Clients/OAuth_Client.php en la línea 535

2023-07-16T11:43:03+00:00 CRITICAL Uncaught Error: Cannot use object of type Google\Site_Kit_Dependencies\GuzzleHttp\Psr7\Request as array in /var/www/html/caprichoslaser.com/wp-content/plugins/google-site-kit/includes/Core/Authentication/Clients/OAuth_Client.php:535
Stack trace:
#0 /var/www/html/caprichoslaser.com/wp-content/plugins/google-site-kit/includes/Core/Authentication/Authentication.php(423): Google\Site_Kit\Core\Authentication\Clients\OAuth_Client->refresh_profile_data()
#1 /var/www/html/caprichoslaser.com/wp-includes/class-wp-hook.php(308): Google\Site_Kit\Core\Authentication\Authentication->Google\Site_Kit\Core\Authentication\{closure}()
#2 /var/www/html/caprichoslaser.com/wp-includes/class-wp-hook.php(332): WP_Hook->apply_filters()
#3 /var/www/html/caprichoslaser.com/wp-includes/plugin.php(517): WP_Hook->do_action()
#4 /var/www/html/caprichoslaser.com/wp-content/plugins/google-site-kit/includes/Core/Authentication/Clients/Google_Site_Kit_Client.php(202): do_action()
#5 /var/www/html/caprichoslaser.com/wp-content/plugins/google-site-kit/includes/Core/Authentication/Clients/Google_Site_Kit_Client.php(109): Google\Site_Kit\Core\Authentication\Clients\Google_Site_Kit_Client->fetchAccessTokenWithRefreshToken()
#6 /var/www/html/caprichoslaser.com/wp-content/plugins/google-site-kit/third-party/google/apiclient/src/Client.php(732): Google\Site_Kit\Core\Authentication\Clients\Google_Site_Kit_Client->authorize()
#7 /var/www/html/caprichoslaser.com/wp-content/plugins/google-site-kit/includes/Core/Authentication/Clients/Google_Site_Kit_Client.php(220): Google\Site_Kit_Dependencies\Google\Client->execute()
#8 /var/www/html/caprichoslaser.com/wp-content/plugins/google-site-kit/includes/Core/Modules/Module.php(370): Google\Site_Kit\Core\Authentication\Clients\Google_Site_Kit_Client->execute()
#9 /var/www/html/caprichoslaser.com/wp-content/plugins/google-site-kit/includes/Core/Modules/Module.php(214): Google\Site_Kit\Core\Modules\Module->execute_data_request()
#10 /var/www/html/caprichoslaser.com/wp-content/plugins/google-site-kit/includes/Core/Modules/REST_Modules_Controller.php(538): Google\Site_Kit\Core\Modules\Module->get_data()
#11 /var/www/html/caprichoslaser.com/wp-includes/rest-api/class-wp-rest-server.php(1181): Google\Site_Kit\Core\Modules\REST_Modules_Controller->Google\Site_Kit\Core\Modules\{closure}()
#12 /var/www/html/caprichoslaser.com/wp-includes/rest-api/class-wp-rest-server.php(1028): WP_REST_Server->respond_to_request()
#13 /var/www/html/caprichoslaser.com/wp-includes/rest-api/class-wp-rest-server.php(442): WP_REST_Server->dispatch()
#14 /var/www/html/caprichoslaser.com/wp-includes/rest-api.php(410): WP_REST_Server->serve_request()
#15 /var/www/html/caprichoslaser.com/wp-includes/class-wp-hook.php(308): rest_api_loaded()
#16 /var/www/html/caprichoslaser.com/wp-includes/class-wp-hook.php(332): WP_Hook->apply_filters()
#17 /var/www/html/caprichoslaser.com/wp-includes/plugin.php(565): WP_Hook->do_action()
#18 /var/www/html/caprichoslaser.com/wp-includes/class-wp.php(399): do_action_ref_array()
#19 /var/www/html/caprichoslaser.com/wp-includes/class-wp.php(780): WP->parse_request()
#20 /var/www/html/caprichoslaser.com/wp-includes/functions.php(1334): WP->main()
#21 /var/www/html/caprichoslaser.com/wp-blog-header.php(16): wp()
#22 /var/www/html/caprichoslaser.com/index.php(17): require('...')
#23 {main}
  thrown en /var/www/html/caprichoslaser.com/wp-content/plugins/google-site-kit/includes/Core/Authentication/Clients/OAuth_Client.php en la línea 535

2023-07-16T11:45:17+00:00 CRITICAL Uncaught Error: Cannot use object of type Google\Site_Kit_Dependencies\GuzzleHttp\Psr7\Request as array in /var/www/html/caprichoslaser.com/wp-content/plugins/google-site-kit/includes/Core/Authentication/Clients/OAuth_Client.php:535
Stack trace:
#0 /var/www/html/caprichoslaser.com/wp-content/plugins/google-site-kit/includes/Core/Authentication/Authentication.php(423): Google\Site_Kit\Core\Authentication\Clients\OAuth_Client->refresh_profile_data()
#1 /var/www/html/caprichoslaser.com/wp-includes/class-wp-hook.php(308): Google\Site_Kit\Core\Authentication\Authentication->Google\Site_Kit\Core\Authentication\{closure}()
#2 /var/www/html/caprichoslaser.com/wp-includes/class-wp-hook.php(332): WP_Hook->apply_filters()
#3 /var/www/html/caprichoslaser.com/wp-includes/plugin.php(517): WP_Hook->do_action()
#4 /var/www/html/caprichoslaser.com/wp-content/plugins/google-site-kit/includes/Core/Authentication/Clients/Google_Site_Kit_Client.php(202): do_action()
#5 /var/www/html/caprichoslaser.com/wp-content/plugins/google-site-kit/includes/Core/Authentication/Clients/Google_Site_Kit_Client.php(109): Google\Site_Kit\Core\Authentication\Clients\Google_Site_Kit_Client->fetchAccessTokenWithRefreshToken()
#6 /var/www/html/caprichoslaser.com/wp-content/plugins/google-site-kit/third-party/google/apiclient/src/Client.php(732): Google\Site_Kit\Core\Authentication\Clients\Google_Site_Kit_Client->authorize()
#7 /var/www/html/caprichoslaser.com/wp-content/plugins/google-site-kit/includes/Core/Authentication/Clients/Google_Site_Kit_Client.php(220): Google\Site_Kit_Dependencies\Google\Client->execute()
#8 /var/www/html/caprichoslaser.com/wp-content/plugins/google-site-kit/includes/Core/Modules/Module.php(370): Google\Site_Kit\Core\Authentication\Clients\Google_Site_Kit_Client->execute()
#9 /var/www/html/caprichoslaser.com/wp-content/plugins/google-site-kit/includes/Core/Modules/Module.php(214): Google\Site_Kit\Core\Modules\Module->execute_data_request()
#10 /var/www/html/caprichoslaser.com/wp-content/plugins/google-site-kit/includes/Core/Modules/REST_Modules_Controller.php(538): Google\Site_Kit\Core\Modules\Module->get_data()
#11 /var/www/html/caprichoslaser.com/wp-includes/rest-api/class-wp-rest-server.php(1181): Google\Site_Kit\Core\Modules\REST_Modules_Controller->Google\Site_Kit\Core\Modules\{closure}()
#12 /var/www/html/caprichoslaser.com/wp-includes/rest-api/class-wp-rest-server.php(1028): WP_REST_Server->respond_to_request()
#13 /var/www/html/caprichoslaser.com/wp-includes/rest-api/class-wp-rest-server.php(442): WP_REST_Server->dispatch()
#14 /var/www/html/caprichoslaser.com/wp-includes/rest-api.php(410): WP_REST_Server->serve_request()
#15 /var/www/html/caprichoslaser.com/wp-includes/class-wp-hook.php(308): rest_api_loaded()
#16 /var/www/html/caprichoslaser.com/wp-includes/class-wp-hook.php(332): WP_Hook->apply_filters()
#17 /var/www/html/caprichoslaser.com/wp-includes/plugin.php(565): WP_Hook->do_action()
#18 /var/www/html/caprichoslaser.com/wp-includes/class-wp.php(399): do_action_ref_array()
#19 /var/www/html/caprichoslaser.com/wp-includes/class-wp.php(780): WP->parse_request()
#20 /var/www/html/caprichoslaser.com/wp-includes/functions.php(1334): WP->main()
#21 /var/www/html/caprichoslaser.com/wp-blog-header.php(16): wp()
#22 /var/www/html/caprichoslaser.com/index.php(17): require('...')
#23 {main}
  thrown en /var/www/html/caprichoslaser.com/wp-content/plugins/google-site-kit/includes/Core/Authentication/Clients/OAuth_Client.php en la línea 535

2023-07-16T11:45:17+00:00 CRITICAL Uncaught Error: Cannot use object of type Google\Site_Kit_Dependencies\GuzzleHttp\Psr7\Request as array in /var/www/html/caprichoslaser.com/wp-content/plugins/google-site-kit/includes/Core/Authentication/Clients/OAuth_Client.php:535
Stack trace:
#0 /var/www/html/caprichoslaser.com/wp-content/plugins/google-site-kit/includes/Core/Authentication/Authentication.php(423): Google\Site_Kit\Core\Authentication\Clients\OAuth_Client->refresh_profile_data()
#1 /var/www/html/caprichoslaser.com/wp-includes/class-wp-hook.php(308): Google\Site_Kit\Core\Authentication\Authentication->Google\Site_Kit\Core\Authentication\{closure}()
#2 /var/www/html/caprichoslaser.com/wp-includes/class-wp-hook.php(332): WP_Hook->apply_filters()
#3 /var/www/html/caprichoslaser.com/wp-includes/plugin.php(517): WP_Hook->do_action()
#4 /var/www/html/caprichoslaser.com/wp-content/plugins/google-site-kit/includes/Core/Authentication/Clients/Google_Site_Kit_Client.php(202): do_action()
#5 /var/www/html/caprichoslaser.com/wp-content/plugins/google-site-kit/includes/Core/Authentication/Clients/Google_Site_Kit_Client.php(109): Google\Site_Kit\Core\Authentication\Clients\Google_Site_Kit_Client->fetchAccessTokenWithRefreshToken()
#6 /var/www/html/caprichoslaser.com/wp-content/plugins/google-site-kit/third-party/google/apiclient/src/Client.php(732): Google\Site_Kit\Core\Authentication\Clients\Google_Site_Kit_Client->authorize()
#7 /var/www/html/caprichoslaser.com/wp-content/plugins/google-site-kit/includes/Core/Authentication/Clients/Google_Site_Kit_Client.php(220): Google\Site_Kit_Dependencies\Google\Client->execute()
#8 /var/www/html/caprichoslaser.com/wp-content/plugins/google-site-kit/includes/Core/Modules/Module.php(370): Google\Site_Kit\Core\Authentication\Clients\Google_Site_Kit_Client->execute()
#9 /var/www/html/caprichoslaser.com/wp-content/plugins/google-site-kit/includes/Core/Modules/Module.php(214): Google\Site_Kit\Core\Modules\Module->execute_data_request()
#10 /var/www/html/caprichoslaser.com/wp-content/plugins/google-site-kit/includes/Core/Modules/REST_Modules_Controller.php(538): Google\Site_Kit\Core\Modules\Module->get_data()
#11 /var/www/html/caprichoslaser.com/wp-includes/rest-api/class-wp-rest-server.php(1181): Google\Site_Kit\Core\Modules\REST_Modules_Controller->Google\Site_Kit\Core\Modules\{closure}()
#12 /var/www/html/caprichoslaser.com/wp-includes/rest-api/class-wp-rest-server.php(1028): WP_REST_Server->respond_to_request()
#13 /var/www/html/caprichoslaser.com/wp-includes/rest-api/class-wp-rest-server.php(442): WP_REST_Server->dispatch()
#14 /var/www/html/caprichoslaser.com/wp-includes/rest-api.php(410): WP_REST_Server->serve_request()
#15 /var/www/html/caprichoslaser.com/wp-includes/class-wp-hook.php(308): rest_api_loaded()
#16 /var/www/html/caprichoslaser.com/wp-includes/class-wp-hook.php(332): WP_Hook->apply_filters()
#17 /var/www/html/caprichoslaser.com/wp-includes/plugin.php(565): WP_Hook->do_action()
#18 /var/www/html/caprichoslaser.com/wp-includes/class-wp.php(399): do_action_ref_array()
#19 /var/www/html/caprichoslaser.com/wp-includes/class-wp.php(780): WP->parse_request()
#20 /var/www/html/caprichoslaser.com/wp-includes/functions.php(1334): WP->main()
#21 /var/www/html/caprichoslaser.com/wp-blog-header.php(16): wp()
#22 /var/www/html/caprichoslaser.com/index.php(17): require('...')
#23 {main}
  thrown en /var/www/html/caprichoslaser.com/wp-content/plugins/google-site-kit/includes/Core/Authentication/Clients/OAuth_Client.php en la línea 535

2023-07-16T11:45:18+00:00 CRITICAL Uncaught Error: Cannot use object of type Google\Site_Kit_Dependencies\GuzzleHttp\Psr7\Request as array in /var/www/html/caprichoslaser.com/wp-content/plugins/google-site-kit/includes/Core/Authentication/Clients/OAuth_Client.php:535
Stack trace:
#0 /var/www/html/caprichoslaser.com/wp-content/plugins/google-site-kit/includes/Core/Authentication/Authentication.php(423): Google\Site_Kit\Core\Authentication\Clients\OAuth_Client->refresh_profile_data()
#1 /var/www/html/caprichoslaser.com/wp-includes/class-wp-hook.php(308): Google\Site_Kit\Core\Authentication\Authentication->Google\Site_Kit\Core\Authentication\{closure}()
#2 /var/www/html/caprichoslaser.com/wp-includes/class-wp-hook.php(332): WP_Hook->apply_filters()
#3 /var/www/html/caprichoslaser.com/wp-includes/plugin.php(517): WP_Hook->do_action()
#4 /var/www/html/caprichoslaser.com/wp-content/plugins/google-site-kit/includes/Core/Authentication/Clients/Google_Site_Kit_Client.php(202): do_action()
#5 /var/www/html/caprichoslaser.com/wp-content/plugins/google-site-kit/includes/Core/Authentication/Clients/Google_Site_Kit_Client.php(109): Google\Site_Kit\Core\Authentication\Clients\Google_Site_Kit_Client->fetchAccessTokenWithRefreshToken()
#6 /var/www/html/caprichoslaser.com/wp-content/plugins/google-site-kit/third-party/google/apiclient/src/Client.php(732): Google\Site_Kit\Core\Authentication\Clients\Google_Site_Kit_Client->authorize()
#7 /var/www/html/caprichoslaser.com/wp-content/plugins/google-site-kit/includes/Core/Authentication/Clients/Google_Site_Kit_Client.php(220): Google\Site_Kit_Dependencies\Google\Client->execute()
#8 /var/www/html/caprichoslaser.com/wp-content/plugins/google-site-kit/includes/Core/Modules/Module.php(370): Google\Site_Kit\Core\Authentication\Clients\Google_Site_Kit_Client->execute()
#9 /var/www/html/caprichoslaser.com/wp-content/plugins/google-site-kit/includes/Core/Modules/Module.php(214): Google\Site_Kit\Core\Modules\Module->execute_data_request()
#10 /var/www/html/caprichoslaser.com/wp-content/plugins/google-site-kit/includes/Core/Modules/REST_Modules_Controller.php(538): Google\Site_Kit\Core\Modules\Module->get_data()
#11 /var/www/html/caprichoslaser.com/wp-includes/rest-api/class-wp-rest-server.php(1181): Google\Site_Kit\Core\Modules\REST_Modules_Controller->Google\Site_Kit\Core\Modules\{closure}()
#12 /var/www/html/caprichoslaser.com/wp-includes/rest-api/class-wp-rest-server.php(1028): WP_REST_Server->respond_to_request()
#13 /var/www/html/caprichoslaser.com/wp-includes/rest-api/class-wp-rest-server.php(442): WP_REST_Server->dispatch()
#14 /var/www/html/caprichoslaser.com/wp-includes/rest-api.php(410): WP_REST_Server->serve_request()
#15 /var/www/html/caprichoslaser.com/wp-includes/class-wp-hook.php(308): rest_api_loaded()
#16 /var/www/html/caprichoslaser.com/wp-includes/class-wp-hook.php(332): WP_Hook->apply_filters()
#17 /var/www/html/caprichoslaser.com/wp-includes/plugin.php(565): WP_Hook->do_action()
#18 /var/www/html/caprichoslaser.com/wp-includes/class-wp.php(399): do_action_ref_array()
#19 /var/www/html/caprichoslaser.com/wp-includes/class-wp.php(780): WP->parse_request()
#20 /var/www/html/caprichoslaser.com/wp-includes/functions.php(1334): WP->main()
#21 /var/www/html/caprichoslaser.com/wp-blog-header.php(16): wp()
#22 /var/www/html/caprichoslaser.com/index.php(17): require('...')
#23 {main}
  thrown en /var/www/html/caprichoslaser.com/wp-content/plugins/google-site-kit/includes/Core/Authentication/Clients/OAuth_Client.php en la línea 535

2023-07-16T11:49:06+00:00 CRITICAL Uncaught Error: Cannot use object of type Google\Site_Kit_Dependencies\GuzzleHttp\Psr7\Request as array in /var/www/html/caprichoslaser.com/wp-content/plugins/google-site-kit/includes/Core/Authentication/Clients/OAuth_Client.php:535
Stack trace:
#0 /var/www/html/caprichoslaser.com/wp-content/plugins/google-site-kit/includes/Core/Authentication/Authentication.php(423): Google\Site_Kit\Core\Authentication\Clients\OAuth_Client->refresh_profile_data()
#1 /var/www/html/caprichoslaser.com/wp-includes/class-wp-hook.php(308): Google\Site_Kit\Core\Authentication\Authentication->Google\Site_Kit\Core\Authentication\{closure}()
#2 /var/www/html/caprichoslaser.com/wp-includes/class-wp-hook.php(332): WP_Hook->apply_filters()
#3 /var/www/html/caprichoslaser.com/wp-includes/plugin.php(517): WP_Hook->do_action()
#4 /var/www/html/caprichoslaser.com/wp-content/plugins/google-site-kit/includes/Core/Authentication/Clients/Google_Site_Kit_Client.php(202): do_action()
#5 /var/www/html/caprichoslaser.com/wp-content/plugins/google-site-kit/includes/Core/Authentication/Clients/Google_Site_Kit_Client.php(109): Google\Site_Kit\Core\Authentication\Clients\Google_Site_Kit_Client->fetchAccessTokenWithRefreshToken()
#6 /var/www/html/caprichoslaser.com/wp-content/plugins/google-site-kit/third-party/google/apiclient/src/Client.php(732): Google\Site_Kit\Core\Authentication\Clients\Google_Site_Kit_Client->authorize()
#7 /var/www/html/caprichoslaser.com/wp-content/plugins/google-site-kit/includes/Core/Authentication/Clients/Google_Site_Kit_Client.php(220): Google\Site_Kit_Dependencies\Google\Client->execute()
#8 /var/www/html/caprichoslaser.com/wp-content/plugins/google-site-kit/includes/Core/Modules/Module.php(370): Google\Site_Kit\Core\Authentication\Clients\Google_Site_Kit_Client->execute()
#9 /var/www/html/caprichoslaser.com/wp-content/plugins/google-site-kit/includes/Core/Modules/Module.php(214): Google\Site_Kit\Core\Modules\Module->execute_data_request()
#10 /var/www/html/caprichoslaser.com/wp-content/plugins/google-site-kit/includes/Core/Modules/REST_Modules_Controller.php(538): Google\Site_Kit\Core\Modules\Module->get_data()
#11 /var/www/html/caprichoslaser.com/wp-includes/rest-api/class-wp-rest-server.php(1181): Google\Site_Kit\Core\Modules\REST_Modules_Controller->Google\Site_Kit\Core\Modules\{closure}()
#12 /var/www/html/caprichoslaser.com/wp-includes/rest-api/class-wp-rest-server.php(1028): WP_REST_Server->respond_to_request()
#13 /var/www/html/caprichoslaser.com/wp-includes/rest-api/class-wp-rest-server.php(442): WP_REST_Server->dispatch()
#14 /var/www/html/caprichoslaser.com/wp-includes/rest-api.php(410): WP_REST_Server->serve_request()
#15 /var/www/html/caprichoslaser.com/wp-includes/class-wp-hook.php(308): rest_api_loaded()
#16 /var/www/html/caprichoslaser.com/wp-includes/class-wp-hook.php(332): WP_Hook->apply_filters()
#17 /var/www/html/caprichoslaser.com/wp-includes/plugin.php(565): WP_Hook->do_action()
#18 /var/www/html/caprichoslaser.com/wp-includes/class-wp.php(399): do_action_ref_array()
#19 /var/www/html/caprichoslaser.com/wp-includes/class-wp.php(780): WP->parse_request()
#20 /var/www/html/caprichoslaser.com/wp-includes/functions.php(1334): WP->main()
#21 /var/www/html/caprichoslaser.com/wp-blog-header.php(16): wp()
#22 /var/www/html/caprichoslaser.com/index.php(17): require('...')
#23 {main}
  thrown en /var/www/html/caprichoslaser.com/wp-content/plugins/google-site-kit/includes/Core/Authentication/Clients/OAuth_Client.php en la línea 535

2023-07-16T11:49:06+00:00 CRITICAL Uncaught Error: Cannot use object of type Google\Site_Kit_Dependencies\GuzzleHttp\Psr7\Request as array in /var/www/html/caprichoslaser.com/wp-content/plugins/google-site-kit/includes/Core/Authentication/Clients/OAuth_Client.php:535
Stack trace:
#0 /var/www/html/caprichoslaser.com/wp-content/plugins/google-site-kit/includes/Core/Authentication/Authentication.php(423): Google\Site_Kit\Core\Authentication\Clients\OAuth_Client->refresh_profile_data()
#1 /var/www/html/caprichoslaser.com/wp-includes/class-wp-hook.php(308): Google\Site_Kit\Core\Authentication\Authentication->Google\Site_Kit\Core\Authentication\{closure}()
#2 /var/www/html/caprichoslaser.com/wp-includes/class-wp-hook.php(332): WP_Hook->apply_filters()
#3 /var/www/html/caprichoslaser.com/wp-includes/plugin.php(517): WP_Hook->do_action()
#4 /var/www/html/caprichoslaser.com/wp-content/plugins/google-site-kit/includes/Core/Authentication/Clients/Google_Site_Kit_Client.php(202): do_action()
#5 /var/www/html/caprichoslaser.com/wp-content/plugins/google-site-kit/includes/Core/Authentication/Clients/Google_Site_Kit_Client.php(109): Google\Site_Kit\Core\Authentication\Clients\Google_Site_Kit_Client->fetchAccessTokenWithRefreshToken()
#6 /var/www/html/caprichoslaser.com/wp-content/plugins/google-site-kit/third-party/google/apiclient/src/Client.php(732): Google\Site_Kit\Core\Authentication\Clients\Google_Site_Kit_Client->authorize()
#7 /var/www/html/caprichoslaser.com/wp-content/plugins/google-site-kit/includes/Core/Authentication/Clients/Google_Site_Kit_Client.php(220): Google\Site_Kit_Dependencies\Google\Client->execute()
#8 /var/www/html/caprichoslaser.com/wp-content/plugins/google-site-kit/includes/Core/Modules/Module.php(370): Google\Site_Kit\Core\Authentication\Clients\Google_Site_Kit_Client->execute()
#9 /var/www/html/caprichoslaser.com/wp-content/plugins/google-site-kit/includes/Core/Modules/Module.php(214): Google\Site_Kit\Core\Modules\Module->execute_data_request()
#10 /var/www/html/caprichoslaser.com/wp-content/plugins/google-site-kit/includes/Core/Modules/REST_Modules_Controller.php(538): Google\Site_Kit\Core\Modules\Module->get_data()
#11 /var/www/html/caprichoslaser.com/wp-includes/rest-api/class-wp-rest-server.php(1181): Google\Site_Kit\Core\Modules\REST_Modules_Controller->Google\Site_Kit\Core\Modules\{closure}()
#12 /var/www/html/caprichoslaser.com/wp-includes/rest-api/class-wp-rest-server.php(1028): WP_REST_Server->respond_to_request()
#13 /var/www/html/caprichoslaser.com/wp-includes/rest-api/class-wp-rest-server.php(442): WP_REST_Server->dispatch()
#14 /var/www/html/caprichoslaser.com/wp-includes/rest-api.php(410): WP_REST_Server->serve_request()
#15 /var/www/html/caprichoslaser.com/wp-includes/class-wp-hook.php(308): rest_api_loaded()
#16 /var/www/html/caprichoslaser.com/wp-includes/class-wp-hook.php(332): WP_Hook->apply_filters()
#17 /var/www/html/caprichoslaser.com/wp-includes/plugin.php(565): WP_Hook->do_action()
#18 /var/www/html/caprichoslaser.com/wp-includes/class-wp.php(399): do_action_ref_array()
#19 /var/www/html/caprichoslaser.com/wp-includes/class-wp.php(780): WP->parse_request()
#20 /var/www/html/caprichoslaser.com/wp-includes/functions.php(1334): WP->main()
#21 /var/www/html/caprichoslaser.com/wp-blog-header.php(16): wp()
#22 /var/www/html/caprichoslaser.com/index.php(17): require('...')
#23 {main}
  thrown en /var/www/html/caprichoslaser.com/wp-content/plugins/google-site-kit/includes/Core/Authentication/Clients/OAuth_Client.php en la línea 535

2023-07-16T11:49:06+00:00 CRITICAL Uncaught Error: Cannot use object of type Google\Site_Kit_Dependencies\GuzzleHttp\Psr7\Request as array in /var/www/html/caprichoslaser.com/wp-content/plugins/google-site-kit/includes/Core/Authentication/Clients/OAuth_Client.php:535
Stack trace:
#0 /var/www/html/caprichoslaser.com/wp-content/plugins/google-site-kit/includes/Core/Authentication/Authentication.php(423): Google\Site_Kit\Core\Authentication\Clients\OAuth_Client->refresh_profile_data()
#1 /var/www/html/caprichoslaser.com/wp-includes/class-wp-hook.php(308): Google\Site_Kit\Core\Authentication\Authentication->Google\Site_Kit\Core\Authentication\{closure}()
#2 /var/www/html/caprichoslaser.com/wp-includes/class-wp-hook.php(332): WP_Hook->apply_filters()
#3 /var/www/html/caprichoslaser.com/wp-includes/plugin.php(517): WP_Hook->do_action()
#4 /var/www/html/caprichoslaser.com/wp-content/plugins/google-site-kit/includes/Core/Authentication/Clients/Google_Site_Kit_Client.php(202): do_action()
#5 /var/www/html/caprichoslaser.com/wp-content/plugins/google-site-kit/includes/Core/Authentication/Clients/Google_Site_Kit_Client.php(109): Google\Site_Kit\Core\Authentication\Clients\Google_Site_Kit_Client->fetchAccessTokenWithRefreshToken()
#6 /var/www/html/caprichoslaser.com/wp-content/plugins/google-site-kit/third-party/google/apiclient/src/Client.php(732): Google\Site_Kit\Core\Authentication\Clients\Google_Site_Kit_Client->authorize()
#7 /var/www/html/caprichoslaser.com/wp-content/plugins/google-site-kit/includes/Core/Authentication/Clients/Google_Site_Kit_Client.php(220): Google\Site_Kit_Dependencies\Google\Client->execute()
#8 /var/www/html/caprichoslaser.com/wp-content/plugins/google-site-kit/includes/Core/Modules/Module.php(370): Google\Site_Kit\Core\Authentication\Clients\Google_Site_Kit_Client->execute()
#9 /var/www/html/caprichoslaser.com/wp-content/plugins/google-site-kit/includes/Core/Modules/Module.php(214): Google\Site_Kit\Core\Modules\Module->execute_data_request()
#10 /var/www/html/caprichoslaser.com/wp-content/plugins/google-site-kit/includes/Core/Modules/REST_Modules_Controller.php(538): Google\Site_Kit\Core\Modules\Module->get_data()
#11 /var/www/html/caprichoslaser.com/wp-includes/rest-api/class-wp-rest-server.php(1181): Google\Site_Kit\Core\Modules\REST_Modules_Controller->Google\Site_Kit\Core\Modules\{closure}()
#12 /var/www/html/caprichoslaser.com/wp-includes/rest-api/class-wp-rest-server.php(1028): WP_REST_Server->respond_to_request()
#13 /var/www/html/caprichoslaser.com/wp-includes/rest-api/class-wp-rest-server.php(442): WP_REST_Server->dispatch()
#14 /var/www/html/caprichoslaser.com/wp-includes/rest-api.php(410): WP_REST_Server->serve_request()
#15 /var/www/html/caprichoslaser.com/wp-includes/class-wp-hook.php(308): rest_api_loaded()
#16 /var/www/html/caprichoslaser.com/wp-includes/class-wp-hook.php(332): WP_Hook->apply_filters()
#17 /var/www/html/caprichoslaser.com/wp-includes/plugin.php(565): WP_Hook->do_action()
#18 /var/www/html/caprichoslaser.com/wp-includes/class-wp.php(399): do_action_ref_array()
#19 /var/www/html/caprichoslaser.com/wp-includes/class-wp.php(780): WP->parse_request()
#20 /var/www/html/caprichoslaser.com/wp-includes/functions.php(1334): WP->main()
#21 /var/www/html/caprichoslaser.com/wp-blog-header.php(16): wp()
#22 /var/www/html/caprichoslaser.com/index.php(17): require('...')
#23 {main}
  thrown en /var/www/html/caprichoslaser.com/wp-content/plugins/google-site-kit/includes/Core/Authentication/Clients/OAuth_Client.php en la línea 535

2023-07-16T11:50:01+00:00 CRITICAL Uncaught Error: Cannot use object of type Google\Site_Kit_Dependencies\GuzzleHttp\Psr7\Request as array in /var/www/html/caprichoslaser.com/wp-content/plugins/google-site-kit/includes/Core/Authentication/Clients/OAuth_Client.php:535
Stack trace:
#0 /var/www/html/caprichoslaser.com/wp-content/plugins/google-site-kit/includes/Core/Authentication/Authentication.php(423): Google\Site_Kit\Core\Authentication\Clients\OAuth_Client->refresh_profile_data()
#1 /var/www/html/caprichoslaser.com/wp-includes/class-wp-hook.php(308): Google\Site_Kit\Core\Authentication\Authentication->Google\Site_Kit\Core\Authentication\{closure}()
#2 /var/www/html/caprichoslaser.com/wp-includes/class-wp-hook.php(332): WP_Hook->apply_filters()
#3 /var/www/html/caprichoslaser.com/wp-includes/plugin.php(517): WP_Hook->do_action()
#4 /var/www/html/caprichoslaser.com/wp-content/plugins/google-site-kit/includes/Core/Authentication/Clients/Google_Site_Kit_Client.php(202): do_action()
#5 /var/www/html/caprichoslaser.com/wp-content/plugins/google-site-kit/includes/Core/Authentication/Clients/Google_Site_Kit_Client.php(109): Google\Site_Kit\Core\Authentication\Clients\Google_Site_Kit_Client->fetchAccessTokenWithRefreshToken()
#6 /var/www/html/caprichoslaser.com/wp-content/plugins/google-site-kit/third-party/google/apiclient/src/Client.php(732): Google\Site_Kit\Core\Authentication\Clients\Google_Site_Kit_Client->authorize()
#7 /var/www/html/caprichoslaser.com/wp-content/plugins/google-site-kit/includes/Core/Authentication/Clients/Google_Site_Kit_Client.php(220): Google\Site_Kit_Dependencies\Google\Client->execute()
#8 /var/www/html/caprichoslaser.com/wp-content/plugins/google-site-kit/includes/Core/Modules/Module.php(370): Google\Site_Kit\Core\Authentication\Clients\Google_Site_Kit_Client->execute()
#9 /var/www/html/caprichoslaser.com/wp-content/plugins/google-site-kit/includes/Core/Modules/Module.php(214): Google\Site_Kit\Core\Modules\Module->execute_data_request()
#10 /var/www/html/caprichoslaser.com/wp-content/plugins/google-site-kit/includes/Core/Modules/REST_Modules_Controller.php(538): Google\Site_Kit\Core\Modules\Module->get_data()
#11 /var/www/html/caprichoslaser.com/wp-includes/rest-api/class-wp-rest-server.php(1181): Google\Site_Kit\Core\Modules\REST_Modules_Controller->Google\Site_Kit\Core\Modules\{closure}()
#12 /var/www/html/caprichoslaser.com/wp-includes/rest-api/class-wp-rest-server.php(1028): WP_REST_Server->respond_to_request()
#13 /var/www/html/caprichoslaser.com/wp-includes/rest-api/class-wp-rest-server.php(442): WP_REST_Server->dispatch()
#14 /var/www/html/caprichoslaser.com/wp-includes/rest-api.php(410): WP_REST_Server->serve_request()
#15 /var/www/html/caprichoslaser.com/wp-includes/class-wp-hook.php(308): rest_api_loaded()
#16 /var/www/html/caprichoslaser.com/wp-includes/class-wp-hook.php(332): WP_Hook->apply_filters()
#17 /var/www/html/caprichoslaser.com/wp-includes/plugin.php(565): WP_Hook->do_action()
#18 /var/www/html/caprichoslaser.com/wp-includes/class-wp.php(399): do_action_ref_array()
#19 /var/www/html/caprichoslaser.com/wp-includes/class-wp.php(780): WP->parse_request()
#20 /var/www/html/caprichoslaser.com/wp-includes/functions.php(1334): WP->main()
#21 /var/www/html/caprichoslaser.com/wp-blog-header.php(16): wp()
#22 /var/www/html/caprichoslaser.com/index.php(17): require('...')
#23 {main}
  thrown en /var/www/html/caprichoslaser.com/wp-content/plugins/google-site-kit/includes/Core/Authentication/Clients/OAuth_Client.php en la línea 535

2023-07-16T11:50:01+00:00 CRITICAL Uncaught Error: Cannot use object of type Google\Site_Kit_Dependencies\GuzzleHttp\Psr7\Request as array in /var/www/html/caprichoslaser.com/wp-content/plugins/google-site-kit/includes/Core/Authentication/Clients/OAuth_Client.php:535
Stack trace:
#0 /var/www/html/caprichoslaser.com/wp-content/plugins/google-site-kit/includes/Core/Authentication/Authentication.php(423): Google\Site_Kit\Core\Authentication\Clients\OAuth_Client->refresh_profile_data()
#1 /var/www/html/caprichoslaser.com/wp-includes/class-wp-hook.php(308): Google\Site_Kit\Core\Authentication\Authentication->Google\Site_Kit\Core\Authentication\{closure}()
#2 /var/www/html/caprichoslaser.com/wp-includes/class-wp-hook.php(332): WP_Hook->apply_filters()
#3 /var/www/html/caprichoslaser.com/wp-includes/plugin.php(517): WP_Hook->do_action()
#4 /var/www/html/caprichoslaser.com/wp-content/plugins/google-site-kit/includes/Core/Authentication/Clients/Google_Site_Kit_Client.php(202): do_action()
#5 /var/www/html/caprichoslaser.com/wp-content/plugins/google-site-kit/includes/Core/Authentication/Clients/Google_Site_Kit_Client.php(109): Google\Site_Kit\Core\Authentication\Clients\Google_Site_Kit_Client->fetchAccessTokenWithRefreshToken()
#6 /var/www/html/caprichoslaser.com/wp-content/plugins/google-site-kit/third-party/google/apiclient/src/Client.php(732): Google\Site_Kit\Core\Authentication\Clients\Google_Site_Kit_Client->authorize()
#7 /var/www/html/caprichoslaser.com/wp-content/plugins/google-site-kit/includes/Core/Authentication/Clients/Google_Site_Kit_Client.php(220): Google\Site_Kit_Dependencies\Google\Client->execute()
#8 /var/www/html/caprichoslaser.com/wp-content/plugins/google-site-kit/includes/Core/Modules/Module.php(370): Google\Site_Kit\Core\Authentication\Clients\Google_Site_Kit_Client->execute()
#9 /var/www/html/caprichoslaser.com/wp-content/plugins/google-site-kit/includes/Core/Modules/Module.php(214): Google\Site_Kit\Core\Modules\Module->execute_data_request()
#10 /var/www/html/caprichoslaser.com/wp-content/plugins/google-site-kit/includes/Core/Modules/REST_Modules_Controller.php(538): Google\Site_Kit\Core\Modules\Module->get_data()
#11 /var/www/html/caprichoslaser.com/wp-includes/rest-api/class-wp-rest-server.php(1181): Google\Site_Kit\Core\Modules\REST_Modules_Controller->Google\Site_Kit\Core\Modules\{closure}()
#12 /var/www/html/caprichoslaser.com/wp-includes/rest-api/class-wp-rest-server.php(1028): WP_REST_Server->respond_to_request()
#13 /var/www/html/caprichoslaser.com/wp-includes/rest-api/class-wp-rest-server.php(442): WP_REST_Server->dispatch()
#14 /var/www/html/caprichoslaser.com/wp-includes/rest-api.php(410): WP_REST_Server->serve_request()
#15 /var/www/html/caprichoslaser.com/wp-includes/class-wp-hook.php(308): rest_api_loaded()
#16 /var/www/html/caprichoslaser.com/wp-includes/class-wp-hook.php(332): WP_Hook->apply_filters()
#17 /var/www/html/caprichoslaser.com/wp-includes/plugin.php(565): WP_Hook->do_action()
#18 /var/www/html/caprichoslaser.com/wp-includes/class-wp.php(399): do_action_ref_array()
#19 /var/www/html/caprichoslaser.com/wp-includes/class-wp.php(780): WP->parse_request()
#20 /var/www/html/caprichoslaser.com/wp-includes/functions.php(1334): WP->main()
#21 /var/www/html/caprichoslaser.com/wp-blog-header.php(16): wp()
#22 /var/www/html/caprichoslaser.com/index.php(17): require('...')
#23 {main}
  thrown en /var/www/html/caprichoslaser.com/wp-content/plugins/google-site-kit/includes/Core/Authentication/Clients/OAuth_Client.php en la línea 535

2023-07-16T11:50:01+00:00 CRITICAL Uncaught Error: Cannot use object of type Google\Site_Kit_Dependencies\GuzzleHttp\Psr7\Request as array in /var/www/html/caprichoslaser.com/wp-content/plugins/google-site-kit/includes/Core/Authentication/Clients/OAuth_Client.php:535
Stack trace:
#0 /var/www/html/caprichoslaser.com/wp-content/plugins/google-site-kit/includes/Core/Authentication/Authentication.php(423): Google\Site_Kit\Core\Authentication\Clients\OAuth_Client->refresh_profile_data()
#1 /var/www/html/caprichoslaser.com/wp-includes/class-wp-hook.php(308): Google\Site_Kit\Core\Authentication\Authentication->Google\Site_Kit\Core\Authentication\{closure}()
#2 /var/www/html/caprichoslaser.com/wp-includes/class-wp-hook.php(332): WP_Hook->apply_filters()
#3 /var/www/html/caprichoslaser.com/wp-includes/plugin.php(517): WP_Hook->do_action()
#4 /var/www/html/caprichoslaser.com/wp-content/plugins/google-site-kit/includes/Core/Authentication/Clients/Google_Site_Kit_Client.php(202): do_action()
#5 /var/www/html/caprichoslaser.com/wp-content/plugins/google-site-kit/includes/Core/Authentication/Clients/Google_Site_Kit_Client.php(109): Google\Site_Kit\Core\Authentication\Clients\Google_Site_Kit_Client->fetchAccessTokenWithRefreshToken()
#6 /var/www/html/caprichoslaser.com/wp-content/plugins/google-site-kit/third-party/google/apiclient/src/Client.php(732): Google\Site_Kit\Core\Authentication\Clients\Google_Site_Kit_Client->authorize()
#7 /var/www/html/caprichoslaser.com/wp-content/plugins/google-site-kit/includes/Core/Authentication/Clients/Google_Site_Kit_Client.php(220): Google\Site_Kit_Dependencies\Google\Client->execute()
#8 /var/www/html/caprichoslaser.com/wp-content/plugins/google-site-kit/includes/Core/Modules/Module.php(370): Google\Site_Kit\Core\Authentication\Clients\Google_Site_Kit_Client->execute()
#9 /var/www/html/caprichoslaser.com/wp-content/plugins/google-site-kit/includes/Core/Modules/Module.php(214): Google\Site_Kit\Core\Modules\Module->execute_data_request()
#10 /var/www/html/caprichoslaser.com/wp-content/plugins/google-site-kit/includes/Core/Modules/REST_Modules_Controller.php(538): Google\Site_Kit\Core\Modules\Module->get_data()
#11 /var/www/html/caprichoslaser.com/wp-includes/rest-api/class-wp-rest-server.php(1181): Google\Site_Kit\Core\Modules\REST_Modules_Controller->Google\Site_Kit\Core\Modules\{closure}()
#12 /var/www/html/caprichoslaser.com/wp-includes/rest-api/class-wp-rest-server.php(1028): WP_REST_Server->respond_to_request()
#13 /var/www/html/caprichoslaser.com/wp-includes/rest-api/class-wp-rest-server.php(442): WP_REST_Server->dispatch()
#14 /var/www/html/caprichoslaser.com/wp-includes/rest-api.php(410): WP_REST_Server->serve_request()
#15 /var/www/html/caprichoslaser.com/wp-includes/class-wp-hook.php(308): rest_api_loaded()
#16 /var/www/html/caprichoslaser.com/wp-includes/class-wp-hook.php(332): WP_Hook->apply_filters()
#17 /var/www/html/caprichoslaser.com/wp-includes/plugin.php(565): WP_Hook->do_action()
#18 /var/www/html/caprichoslaser.com/wp-includes/class-wp.php(399): do_action_ref_array()
#19 /var/www/html/caprichoslaser.com/wp-includes/class-wp.php(780): WP->parse_request()
#20 /var/www/html/caprichoslaser.com/wp-includes/functions.php(1334): WP->main()
#21 /var/www/html/caprichoslaser.com/wp-blog-header.php(16): wp()
#22 /var/www/html/caprichoslaser.com/index.php(17): require('...')
#23 {main}
  thrown en /var/www/html/caprichoslaser.com/wp-content/plugins/google-site-kit/includes/Core/Authentication/Clients/OAuth_Client.php en la línea 535

2023-07-16T11:50:19+00:00 CRITICAL Uncaught Error: Cannot use object of type Google\Site_Kit_Dependencies\GuzzleHttp\Psr7\Request as array in /var/www/html/caprichoslaser.com/wp-content/plugins/google-site-kit/includes/Core/Authentication/Clients/OAuth_Client.php:535
Stack trace:
#0 /var/www/html/caprichoslaser.com/wp-content/plugins/google-site-kit/includes/Core/Authentication/Authentication.php(423): Google\Site_Kit\Core\Authentication\Clients\OAuth_Client->refresh_profile_data()
#1 /var/www/html/caprichoslaser.com/wp-includes/class-wp-hook.php(308): Google\Site_Kit\Core\Authentication\Authentication->Google\Site_Kit\Core\Authentication\{closure}()
#2 /var/www/html/caprichoslaser.com/wp-includes/class-wp-hook.php(332): WP_Hook->apply_filters()
#3 /var/www/html/caprichoslaser.com/wp-includes/plugin.php(517): WP_Hook->do_action()
#4 /var/www/html/caprichoslaser.com/wp-content/plugins/google-site-kit/includes/Core/Authentication/Clients/Google_Site_Kit_Client.php(202): do_action()
#5 /var/www/html/caprichoslaser.com/wp-content/plugins/google-site-kit/includes/Core/Authentication/Clients/Google_Site_Kit_Client.php(109): Google\Site_Kit\Core\Authentication\Clients\Google_Site_Kit_Client->fetchAccessTokenWithRefreshToken()
#6 /var/www/html/caprichoslaser.com/wp-content/plugins/google-site-kit/third-party/google/apiclient/src/Client.php(732): Google\Site_Kit\Core\Authentication\Clients\Google_Site_Kit_Client->authorize()
#7 /var/www/html/caprichoslaser.com/wp-content/plugins/google-site-kit/includes/Core/Authentication/Clients/Google_Site_Kit_Client.php(220): Google\Site_Kit_Dependencies\Google\Client->execute()
#8 /var/www/html/caprichoslaser.com/wp-content/plugins/google-site-kit/includes/Core/Modules/Module.php(370): Google\Site_Kit\Core\Authentication\Clients\Google_Site_Kit_Client->execute()
#9 /var/www/html/caprichoslaser.com/wp-content/plugins/google-site-kit/includes/Core/Modules/Module.php(214): Google\Site_Kit\Core\Modules\Module->execute_data_request()
#10 /var/www/html/caprichoslaser.com/wp-content/plugins/google-site-kit/includes/Core/Modules/REST_Modules_Controller.php(538): Google\Site_Kit\Core\Modules\Module->get_data()
#11 /var/www/html/caprichoslaser.com/wp-includes/rest-api/class-wp-rest-server.php(1181): Google\Site_Kit\Core\Modules\REST_Modules_Controller->Google\Site_Kit\Core\Modules\{closure}()
#12 /var/www/html/caprichoslaser.com/wp-includes/rest-api/class-wp-rest-server.php(1028): WP_REST_Server->respond_to_request()
#13 /var/www/html/caprichoslaser.com/wp-includes/rest-api/class-wp-rest-server.php(442): WP_REST_Server->dispatch()
#14 /var/www/html/caprichoslaser.com/wp-includes/rest-api.php(410): WP_REST_Server->serve_request()
#15 /var/www/html/caprichoslaser.com/wp-includes/class-wp-hook.php(308): rest_api_loaded()
#16 /var/www/html/caprichoslaser.com/wp-includes/class-wp-hook.php(332): WP_Hook->apply_filters()
#17 /var/www/html/caprichoslaser.com/wp-includes/plugin.php(565): WP_Hook->do_action()
#18 /var/www/html/caprichoslaser.com/wp-includes/class-wp.php(399): do_action_ref_array()
#19 /var/www/html/caprichoslaser.com/wp-includes/class-wp.php(780): WP->parse_request()
#20 /var/www/html/caprichoslaser.com/wp-includes/functions.php(1334): WP->main()
#21 /var/www/html/caprichoslaser.com/wp-blog-header.php(16): wp()
#22 /var/www/html/caprichoslaser.com/index.php(17): require('...')
#23 {main}
  thrown en /var/www/html/caprichoslaser.com/wp-content/plugins/google-site-kit/includes/Core/Authentication/Clients/OAuth_Client.php en la línea 535

2023-07-16T11:50:19+00:00 CRITICAL Uncaught Error: Cannot use object of type Google\Site_Kit_Dependencies\GuzzleHttp\Psr7\Request as array in /var/www/html/caprichoslaser.com/wp-content/plugins/google-site-kit/includes/Core/Authentication/Clients/OAuth_Client.php:535
Stack trace:
#0 /var/www/html/caprichoslaser.com/wp-content/plugins/google-site-kit/includes/Core/Authentication/Authentication.php(423): Google\Site_Kit\Core\Authentication\Clients\OAuth_Client->refresh_profile_data()
#1 /var/www/html/caprichoslaser.com/wp-includes/class-wp-hook.php(308): Google\Site_Kit\Core\Authentication\Authentication->Google\Site_Kit\Core\Authentication\{closure}()
#2 /var/www/html/caprichoslaser.com/wp-includes/class-wp-hook.php(332): WP_Hook->apply_filters()
#3 /var/www/html/caprichoslaser.com/wp-includes/plugin.php(517): WP_Hook->do_action()
#4 /var/www/html/caprichoslaser.com/wp-content/plugins/google-site-kit/includes/Core/Authentication/Clients/Google_Site_Kit_Client.php(202): do_action()
#5 /var/www/html/caprichoslaser.com/wp-content/plugins/google-site-kit/includes/Core/Authentication/Clients/Google_Site_Kit_Client.php(109): Google\Site_Kit\Core\Authentication\Clients\Google_Site_Kit_Client->fetchAccessTokenWithRefreshToken()
#6 /var/www/html/caprichoslaser.com/wp-content/plugins/google-site-kit/third-party/google/apiclient/src/Client.php(732): Google\Site_Kit\Core\Authentication\Clients\Google_Site_Kit_Client->authorize()
#7 /var/www/html/caprichoslaser.com/wp-content/plugins/google-site-kit/includes/Core/Authentication/Clients/Google_Site_Kit_Client.php(220): Google\Site_Kit_Dependencies\Google\Client->execute()
#8 /var/www/html/caprichoslaser.com/wp-content/plugins/google-site-kit/includes/Core/Modules/Module.php(370): Google\Site_Kit\Core\Authentication\Clients\Google_Site_Kit_Client->execute()
#9 /var/www/html/caprichoslaser.com/wp-content/plugins/google-site-kit/includes/Core/Modules/Module.php(214): Google\Site_Kit\Core\Modules\Module->execute_data_request()
#10 /var/www/html/caprichoslaser.com/wp-content/plugins/google-site-kit/includes/Core/Modules/REST_Modules_Controller.php(538): Google\Site_Kit\Core\Modules\Module->get_data()
#11 /var/www/html/caprichoslaser.com/wp-includes/rest-api/class-wp-rest-server.php(1181): Google\Site_Kit\Core\Modules\REST_Modules_Controller->Google\Site_Kit\Core\Modules\{closure}()
#12 /var/www/html/caprichoslaser.com/wp-includes/rest-api/class-wp-rest-server.php(1028): WP_REST_Server->respond_to_request()
#13 /var/www/html/caprichoslaser.com/wp-includes/rest-api/class-wp-rest-server.php(442): WP_REST_Server->dispatch()
#14 /var/www/html/caprichoslaser.com/wp-includes/rest-api.php(410): WP_REST_Server->serve_request()
#15 /var/www/html/caprichoslaser.com/wp-includes/class-wp-hook.php(308): rest_api_loaded()
#16 /var/www/html/caprichoslaser.com/wp-includes/class-wp-hook.php(332): WP_Hook->apply_filters()
#17 /var/www/html/caprichoslaser.com/wp-includes/plugin.php(565): WP_Hook->do_action()
#18 /var/www/html/caprichoslaser.com/wp-includes/class-wp.php(399): do_action_ref_array()
#19 /var/www/html/caprichoslaser.com/wp-includes/class-wp.php(780): WP->parse_request()
#20 /var/www/html/caprichoslaser.com/wp-includes/functions.php(1334): WP->main()
#21 /var/www/html/caprichoslaser.com/wp-blog-header.php(16): wp()
#22 /var/www/html/caprichoslaser.com/index.php(17): require('...')
#23 {main}
  thrown en /var/www/html/caprichoslaser.com/wp-content/plugins/google-site-kit/includes/Core/Authentication/Clients/OAuth_Client.php en la línea 535

2023-07-16T11:50:19+00:00 CRITICAL Uncaught Error: Cannot use object of type Google\Site_Kit_Dependencies\GuzzleHttp\Psr7\Request as array in /var/www/html/caprichoslaser.com/wp-content/plugins/google-site-kit/includes/Core/Authentication/Clients/OAuth_Client.php:535
Stack trace:
#0 /var/www/html/caprichoslaser.com/wp-content/plugins/google-site-kit/includes/Core/Authentication/Authentication.php(423): Google\Site_Kit\Core\Authentication\Clients\OAuth_Client->refresh_profile_data()
#1 /var/www/html/caprichoslaser.com/wp-includes/class-wp-hook.php(308): Google\Site_Kit\Core\Authentication\Authentication->Google\Site_Kit\Core\Authentication\{closure}()
#2 /var/www/html/caprichoslaser.com/wp-includes/class-wp-hook.php(332): WP_Hook->apply_filters()
#3 /var/www/html/caprichoslaser.com/wp-includes/plugin.php(517): WP_Hook->do_action()
#4 /var/www/html/caprichoslaser.com/wp-content/plugins/google-site-kit/includes/Core/Authentication/Clients/Google_Site_Kit_Client.php(202): do_action()
#5 /var/www/html/caprichoslaser.com/wp-content/plugins/google-site-kit/includes/Core/Authentication/Clients/Google_Site_Kit_Client.php(109): Google\Site_Kit\Core\Authentication\Clients\Google_Site_Kit_Client->fetchAccessTokenWithRefreshToken()
#6 /var/www/html/caprichoslaser.com/wp-content/plugins/google-site-kit/third-party/google/apiclient/src/Client.php(732): Google\Site_Kit\Core\Authentication\Clients\Google_Site_Kit_Client->authorize()
#7 /var/www/html/caprichoslaser.com/wp-content/plugins/google-site-kit/includes/Core/Authentication/Clients/Google_Site_Kit_Client.php(220): Google\Site_Kit_Dependencies\Google\Client->execute()
#8 /var/www/html/caprichoslaser.com/wp-content/plugins/google-site-kit/includes/Core/Modules/Module.php(370): Google\Site_Kit\Core\Authentication\Clients\Google_Site_Kit_Client->execute()
#9 /var/www/html/caprichoslaser.com/wp-content/plugins/google-site-kit/includes/Core/Modules/Module.php(214): Google\Site_Kit\Core\Modules\Module->execute_data_request()
#10 /var/www/html/caprichoslaser.com/wp-content/plugins/google-site-kit/includes/Core/Modules/REST_Modules_Controller.php(538): Google\Site_Kit\Core\Modules\Module->get_data()
#11 /var/www/html/caprichoslaser.com/wp-includes/rest-api/class-wp-rest-server.php(1181): Google\Site_Kit\Core\Modules\REST_Modules_Controller->Google\Site_Kit\Core\Modules\{closure}()
#12 /var/www/html/caprichoslaser.com/wp-includes/rest-api/class-wp-rest-server.php(1028): WP_REST_Server->respond_to_request()
#13 /var/www/html/caprichoslaser.com/wp-includes/rest-api/class-wp-rest-server.php(442): WP_REST_Server->dispatch()
#14 /var/www/html/caprichoslaser.com/wp-includes/rest-api.php(410): WP_REST_Server->serve_request()
#15 /var/www/html/caprichoslaser.com/wp-includes/class-wp-hook.php(308): rest_api_loaded()
#16 /var/www/html/caprichoslaser.com/wp-includes/class-wp-hook.php(332): WP_Hook->apply_filters()
#17 /var/www/html/caprichoslaser.com/wp-includes/plugin.php(565): WP_Hook->do_action()
#18 /var/www/html/caprichoslaser.com/wp-includes/class-wp.php(399): do_action_ref_array()
#19 /var/www/html/caprichoslaser.com/wp-includes/class-wp.php(780): WP->parse_request()
#20 /var/www/html/caprichoslaser.com/wp-includes/functions.php(1334): WP->main()
#21 /var/www/html/caprichoslaser.com/wp-blog-header.php(16): wp()
#22 /var/www/html/caprichoslaser.com/index.php(17): require('...')
#23 {main}
  thrown en /var/www/html/caprichoslaser.com/wp-content/plugins/google-site-kit/includes/Core/Authentication/Clients/OAuth_Client.php en la línea 535

