2023-05-30T03:36:45+00:00 CRITICAL Allowed memory size of 134217728 bytes exhausted (tried to allocate 524288 bytes) en /var/www/html/caprichoslaser.com/wp-content/plugins/woocommerce/i18n/states.php en la línea 904

2023-05-30T03:37:24+00:00 CRITICAL Allowed memory size of 134217728 bytes exhausted (tried to allocate 20480 bytes) en /var/www/html/caprichoslaser.com/wp-content/themes/astra/inc/addons/breadcrumbs/class-astra-breadcrumb-trail.php en la línea 790

2023-05-30T03:51:42+00:00 CRITICAL Allowed memory size of 134217728 bytes exhausted (tried to allocate 20480 bytes) en /var/www/html/caprichoslaser.com/wp-includes/pomo/mo.php en la línea 328

2023-05-30T04:04:09+00:00 CRITICAL Allowed memory size of 134217728 bytes exhausted (tried to allocate 544768 bytes) en /var/www/html/caprichoslaser.com/wp-includes/pomo/streams.php en la línea 229

2023-05-30T04:09:14+00:00 CRITICAL Allowed memory size of 134217728 bytes exhausted (tried to allocate 544768 bytes) en /var/www/html/caprichoslaser.com/wp-includes/pomo/streams.php en la línea 229

2023-05-30T04:54:50+00:00 CRITICAL Allowed memory size of 134217728 bytes exhausted (tried to allocate 20480 bytes) en /var/www/html/caprichoslaser.com/wp-content/plugins/wordpress-seo/src/integrations/exclude-oembed-cache-post-type.php en la línea 19

2023-05-30T05:13:46+00:00 CRITICAL Allowed memory size of 134217728 bytes exhausted (tried to allocate 32768 bytes) en /var/www/html/caprichoslaser.com/wp-content/plugins/woocommerce-payments/includes/multi-currency/PaymentMethodsCompatibility.php en la línea 1

2023-05-30T05:45:37+00:00 CRITICAL Allowed memory size of 134217728 bytes exhausted (tried to allocate 163840 bytes) en /var/www/html/caprichoslaser.com/wp-includes/plugin.php en la línea 177

2023-05-30T06:01:09+00:00 CRITICAL Allowed memory size of 134217728 bytes exhausted (tried to allocate 49152 bytes) en /var/www/html/caprichoslaser.com/wp-content/themes/astra/inc/addons/breadcrumbs/class-astra-breadcrumbs.php en la línea 53

2023-05-30T06:01:09+00:00 CRITICAL Allowed memory size of 134217728 bytes exhausted (tried to allocate 49152 bytes) en /var/www/html/caprichoslaser.com/wp-content/themes/astra/inc/addons/breadcrumbs/class-astra-breadcrumbs.php en la línea 53

2023-05-30T06:01:10+00:00 CRITICAL Allowed memory size of 134217728 bytes exhausted (tried to allocate 40960 bytes) en /var/www/html/caprichoslaser.com/wp-content/themes/astra/inc/addons/transparent-header/classes/dynamic-css/dynamic.css.php en la línea 527

2023-05-30T06:01:11+00:00 CRITICAL Allowed memory size of 134217728 bytes exhausted (tried to allocate 49152 bytes) en /var/www/html/caprichoslaser.com/wp-content/themes/astra/inc/addons/breadcrumbs/class-astra-breadcrumbs.php en la línea 53

2023-05-30T06:01:11+00:00 CRITICAL Allowed memory size of 134217728 bytes exhausted (tried to allocate 49152 bytes) en /var/www/html/caprichoslaser.com/wp-content/themes/astra/inc/addons/breadcrumbs/class-astra-breadcrumbs.php en la línea 53

2023-05-30T06:01:12+00:00 CRITICAL Allowed memory size of 134217728 bytes exhausted (tried to allocate 49152 bytes) en /var/www/html/caprichoslaser.com/wp-content/themes/astra/inc/addons/breadcrumbs/class-astra-breadcrumbs.php en la línea 53

2023-05-30T06:01:12+00:00 CRITICAL Allowed memory size of 134217728 bytes exhausted (tried to allocate 49152 bytes) en /var/www/html/caprichoslaser.com/wp-content/themes/astra/inc/addons/breadcrumbs/class-astra-breadcrumbs.php en la línea 53

2023-05-30T06:01:35+00:00 CRITICAL Allowed memory size of 134217728 bytes exhausted (tried to allocate 49152 bytes) en /var/www/html/caprichoslaser.com/wp-content/themes/astra/inc/addons/breadcrumbs/class-astra-breadcrumbs.php en la línea 53

2023-05-30T06:04:01+00:00 CRITICAL Allowed memory size of 134217728 bytes exhausted (tried to allocate 20480 bytes) en /var/www/html/caprichoslaser.com/wp-content/themes/astra/inc/addons/breadcrumbs/class-astra-breadcrumb-trail.php en la línea 1257

2023-05-30T06:04:02+00:00 CRITICAL Allowed memory size of 134217728 bytes exhausted (tried to allocate 20480 bytes) en /var/www/html/caprichoslaser.com/wp-content/themes/astra/inc/addons/breadcrumbs/class-astra-breadcrumb-trail.php en la línea 1257

2023-05-30T06:20:52+00:00 CRITICAL Allowed memory size of 134217728 bytes exhausted (tried to allocate 217088 bytes) en /var/www/html/caprichoslaser.com/xmlrpc.php en la línea 66

2023-05-30T06:24:54+00:00 CRITICAL Allowed memory size of 134217728 bytes exhausted (tried to allocate 12288 bytes) en /var/www/html/caprichoslaser.com/wp-content/plugins/wordpress-seo/src/helpers/permalink-helper.php en la línea 45

2023-05-30T06:25:02+00:00 CRITICAL Allowed memory size of 134217728 bytes exhausted (tried to allocate 20480 bytes) en /var/www/html/caprichoslaser.com/wp-includes/pomo/mo.php en la línea 328

2023-05-30T06:34:33+00:00 CRITICAL Allowed memory size of 134217728 bytes exhausted (tried to allocate 32768 bytes) en /var/www/html/caprichoslaser.com/wp-content/plugins/woocommerce/packages/woocommerce-blocks/src/BlockTypes/Checkout.php en la línea 301

2023-05-30T06:47:53+00:00 CRITICAL Allowed memory size of 134217728 bytes exhausted (tried to allocate 20480 bytes) en /var/www/html/caprichoslaser.com/wp-content/themes/astra/inc/addons/breadcrumbs/class-astra-breadcrumb-trail.php en la línea 1257

2023-05-30T06:56:59+00:00 CRITICAL Allowed memory size of 134217728 bytes exhausted (tried to allocate 49152 bytes) en /var/www/html/caprichoslaser.com/wp-content/themes/astra/inc/addons/breadcrumbs/class-astra-breadcrumbs.php en la línea 53

2023-05-30T06:57:01+00:00 CRITICAL Allowed memory size of 134217728 bytes exhausted (tried to allocate 49152 bytes) en /var/www/html/caprichoslaser.com/wp-content/themes/astra/inc/addons/breadcrumbs/class-astra-breadcrumbs.php en la línea 53

2023-05-30T06:57:01+00:00 CRITICAL Allowed memory size of 134217728 bytes exhausted (tried to allocate 32768 bytes) en /var/www/html/caprichoslaser.com/wp-content/themes/astra/inc/addons/transparent-header/classes/dynamic-css/header-sections-dynamic.css.php en la línea 80

2023-05-30T06:57:01+00:00 CRITICAL Allowed memory size of 134217728 bytes exhausted (tried to allocate 32768 bytes) en /var/www/html/caprichoslaser.com/wp-content/themes/astra/inc/addons/transparent-header/classes/dynamic-css/header-sections-dynamic.css.php en la línea 342

2023-05-30T06:57:03+00:00 CRITICAL Allowed memory size of 134217728 bytes exhausted (tried to allocate 49152 bytes) en /var/www/html/caprichoslaser.com/wp-content/themes/astra/inc/addons/breadcrumbs/class-astra-breadcrumbs.php en la línea 53

2023-05-30T07:19:54+00:00 CRITICAL Allowed memory size of 134217728 bytes exhausted (tried to allocate 12288 bytes) en /var/www/html/caprichoslaser.com/wp-content/themes/astra/inc/addons/breadcrumbs/class-astra-breadcrumb-trail.php en la línea 1140

2023-05-30T07:20:15+00:00 CRITICAL Allowed memory size of 134217728 bytes exhausted (tried to allocate 32768 bytes) en /var/www/html/caprichoslaser.com/wp-content/plugins/wordpress-seo/inc/class-wpseo-replace-vars.php en la línea 1486

2023-05-30T07:37:05+00:00 CRITICAL Allowed memory size of 134217728 bytes exhausted (tried to allocate 32768 bytes) en /var/www/html/caprichoslaser.com/wp-admin/includes/update.php en la línea 757

2023-05-30T07:41:27+00:00 CRITICAL Allowed memory size of 134217728 bytes exhausted (tried to allocate 65536 bytes) en /var/www/html/caprichoslaser.com/wp-content/plugins/wordpress-seo/src/integrations/front-end/crawl-cleanup-searches.php en la línea 14

2023-05-30T08:05:25+00:00 CRITICAL Allowed memory size of 134217728 bytes exhausted (tried to allocate 81920 bytes) en /var/www/html/caprichoslaser.com/wp-content/plugins/mailpoet/vendor/composer/ClassLoader.php en la línea 223

2023-05-30T08:15:11+00:00 CRITICAL Allowed memory size of 134217728 bytes exhausted (tried to allocate 327680 bytes) in /var/www/html/caprichoslaser.com/wp-includes/pomo/mo.php on line 302

2023-05-30T08:20:55+00:00 CRITICAL Allowed memory size of 134217728 bytes exhausted (tried to allocate 49152 bytes) en /var/www/html/caprichoslaser.com/wp-content/themes/astra/inc/addons/breadcrumbs/class-astra-breadcrumbs.php en la línea 53

2023-05-30T08:20:57+00:00 CRITICAL Allowed memory size of 134217728 bytes exhausted (tried to allocate 49152 bytes) en /var/www/html/caprichoslaser.com/wp-content/themes/astra/inc/addons/breadcrumbs/class-astra-breadcrumbs.php en la línea 53

2023-05-30T08:20:57+00:00 CRITICAL Allowed memory size of 134217728 bytes exhausted (tried to allocate 49152 bytes) en /var/www/html/caprichoslaser.com/wp-content/themes/astra/inc/addons/breadcrumbs/class-astra-breadcrumbs.php en la línea 53

2023-05-30T08:20:57+00:00 CRITICAL Allowed memory size of 134217728 bytes exhausted (tried to allocate 49152 bytes) en /var/www/html/caprichoslaser.com/wp-content/themes/astra/inc/addons/breadcrumbs/class-astra-breadcrumbs.php en la línea 53

2023-05-30T08:20:57+00:00 CRITICAL Allowed memory size of 134217728 bytes exhausted (tried to allocate 32768 bytes) en /var/www/html/caprichoslaser.com/wp-content/themes/astra/inc/addons/breadcrumbs/class-astra-breadcrumb-trail.php en la línea 497

2023-05-30T08:20:57+00:00 CRITICAL Allowed memory size of 134217728 bytes exhausted (tried to allocate 49152 bytes) en /var/www/html/caprichoslaser.com/wp-content/themes/astra/inc/addons/breadcrumbs/class-astra-breadcrumbs.php en la línea 53

2023-05-30T08:21:00+00:00 CRITICAL Allowed memory size of 134217728 bytes exhausted (tried to allocate 49152 bytes) en /var/www/html/caprichoslaser.com/wp-content/themes/astra/inc/addons/breadcrumbs/class-astra-breadcrumbs.php en la línea 53

2023-05-30T08:21:01+00:00 CRITICAL Allowed memory size of 134217728 bytes exhausted (tried to allocate 49152 bytes) en /var/www/html/caprichoslaser.com/wp-content/themes/astra/inc/addons/breadcrumbs/class-astra-breadcrumbs.php en la línea 53

2023-05-30T08:21:02+00:00 CRITICAL Allowed memory size of 134217728 bytes exhausted (tried to allocate 49152 bytes) en /var/www/html/caprichoslaser.com/wp-content/themes/astra/inc/addons/breadcrumbs/class-astra-breadcrumbs.php en la línea 53

2023-05-30T08:21:02+00:00 CRITICAL Allowed memory size of 134217728 bytes exhausted (tried to allocate 49152 bytes) en /var/www/html/caprichoslaser.com/wp-content/themes/astra/inc/addons/breadcrumbs/class-astra-breadcrumbs.php en la línea 53

2023-05-30T08:21:02+00:00 CRITICAL Allowed memory size of 134217728 bytes exhausted (tried to allocate 49152 bytes) en /var/www/html/caprichoslaser.com/wp-content/themes/astra/inc/addons/breadcrumbs/class-astra-breadcrumbs.php en la línea 53

2023-05-30T08:21:02+00:00 CRITICAL Allowed memory size of 134217728 bytes exhausted (tried to allocate 49152 bytes) en /var/www/html/caprichoslaser.com/wp-content/themes/astra/inc/addons/breadcrumbs/class-astra-breadcrumbs.php en la línea 53

2023-05-30T08:22:27+00:00 CRITICAL Allowed memory size of 134217728 bytes exhausted (tried to allocate 32768 bytes) en /var/www/html/caprichoslaser.com/wp-content/themes/astra/inc/addons/breadcrumbs/class-astra-breadcrumb-trail.php en la línea 497

2023-05-30T08:22:27+00:00 CRITICAL Allowed memory size of 134217728 bytes exhausted (tried to allocate 49152 bytes) en /var/www/html/caprichoslaser.com/wp-content/themes/astra/inc/addons/breadcrumbs/class-astra-breadcrumbs.php en la línea 53

2023-05-30T08:22:28+00:00 CRITICAL Allowed memory size of 134217728 bytes exhausted (tried to allocate 49152 bytes) en /var/www/html/caprichoslaser.com/wp-content/themes/astra/inc/addons/breadcrumbs/class-astra-breadcrumbs.php en la línea 53

2023-05-30T08:22:28+00:00 CRITICAL Allowed memory size of 134217728 bytes exhausted (tried to allocate 40960 bytes) en /var/www/html/caprichoslaser.com/wp-content/themes/astra/inc/addons/transparent-header/classes/dynamic-css/dynamic.css.php en la línea 527

2023-05-30T08:24:29+00:00 CRITICAL Allowed memory size of 134217728 bytes exhausted (tried to allocate 32768 bytes) en /var/www/html/caprichoslaser.com/wp-content/themes/astra/inc/addons/breadcrumbs/class-astra-breadcrumb-trail.php en la línea 497

2023-05-30T09:08:47+00:00 CRITICAL Allowed memory size of 134217728 bytes exhausted (tried to allocate 49152 bytes) en /var/www/html/caprichoslaser.com/wp-content/themes/astra/inc/addons/breadcrumbs/class-astra-breadcrumbs.php en la línea 53

2023-05-30T09:08:47+00:00 CRITICAL Allowed memory size of 134217728 bytes exhausted (tried to allocate 49152 bytes) en /var/www/html/caprichoslaser.com/wp-content/themes/astra/inc/addons/breadcrumbs/class-astra-breadcrumbs.php en la línea 53

2023-05-30T09:08:47+00:00 CRITICAL Allowed memory size of 134217728 bytes exhausted (tried to allocate 49152 bytes) en /var/www/html/caprichoslaser.com/wp-content/themes/astra/inc/addons/breadcrumbs/class-astra-breadcrumbs.php en la línea 53

2023-05-30T09:08:48+00:00 CRITICAL Allowed memory size of 134217728 bytes exhausted (tried to allocate 49152 bytes) en /var/www/html/caprichoslaser.com/wp-content/themes/astra/inc/addons/breadcrumbs/class-astra-breadcrumbs.php en la línea 53

2023-05-30T09:08:49+00:00 CRITICAL Allowed memory size of 134217728 bytes exhausted (tried to allocate 49152 bytes) en /var/www/html/caprichoslaser.com/wp-content/themes/astra/inc/addons/breadcrumbs/class-astra-breadcrumbs.php en la línea 53

2023-05-30T09:37:31+00:00 CRITICAL Allowed memory size of 134217728 bytes exhausted (tried to allocate 36864 bytes) en /var/www/html/caprichoslaser.com/wp-includes/pomo/streams.php en la línea 229

2023-05-30T09:37:32+00:00 CRITICAL Allowed memory size of 134217728 bytes exhausted (tried to allocate 45056 bytes) en /var/www/html/caprichoslaser.com/wp-content/themes/astra/inc/addons/breadcrumbs/dynamic-css/dynamic.css.php en la línea 582

2023-05-30T09:38:00+00:00 CRITICAL Allowed memory size of 134217728 bytes exhausted (tried to allocate 65536 bytes) en /var/www/html/caprichoslaser.com/wp-content/plugins/mailpoet/lib/Automation/Integrations/Core/Filters/EnumArrayFilter.php en la línea 31

2023-05-30T09:40:41+00:00 CRITICAL Allowed memory size of 134217728 bytes exhausted (tried to allocate 32768 bytes) en /var/www/html/caprichoslaser.com/wp-content/plugins/wordpress-seo/inc/class-wpseo-replace-vars.php en la línea 1512

2023-05-30T09:43:36+00:00 CRITICAL Allowed memory size of 134217728 bytes exhausted (tried to allocate 45056 bytes) en /var/www/html/caprichoslaser.com/wp-content/themes/astra/inc/addons/breadcrumbs/dynamic-css/dynamic.css.php en la línea 582

2023-05-30T09:45:47+00:00 CRITICAL Allowed memory size of 134217728 bytes exhausted (tried to allocate 163840 bytes) en /var/www/html/caprichoslaser.com/wp-includes/functions.php en la línea 649

2023-05-30T09:45:59+00:00 CRITICAL Allowed memory size of 134217728 bytes exhausted (tried to allocate 4096 bytes) in /var/www/html/caprichoslaser.com/wp-includes/pomo/streams.php on line 127

2023-05-30T09:46:58+00:00 CRITICAL Allowed memory size of 134217728 bytes exhausted (tried to allocate 32768 bytes) en /var/www/html/caprichoslaser.com/wp-content/plugins/wordpress-seo/inc/class-wpseo-replace-vars.php en la línea 1512

2023-05-30T09:57:00+00:00 CRITICAL Allowed memory size of 134217728 bytes exhausted (tried to allocate 12288 bytes) en /var/www/html/caprichoslaser.com/wp-content/themes/astra/inc/addons/breadcrumbs/class-astra-breadcrumb-trail.php en la línea 1140

2023-05-30T09:59:23+00:00 CRITICAL Allowed memory size of 134217728 bytes exhausted (tried to allocate 45056 bytes) en /var/www/html/caprichoslaser.com/wp-content/themes/astra/inc/addons/breadcrumbs/dynamic-css/dynamic.css.php en la línea 582

2023-05-30T10:08:28+00:00 CRITICAL Allowed memory size of 134217728 bytes exhausted (tried to allocate 49152 bytes) en /var/www/html/caprichoslaser.com/wp-content/themes/astra/inc/addons/breadcrumbs/class-astra-breadcrumbs.php en la línea 53

2023-05-30T10:08:29+00:00 CRITICAL Allowed memory size of 134217728 bytes exhausted (tried to allocate 32768 bytes) en /var/www/html/caprichoslaser.com/wp-content/themes/astra/inc/addons/breadcrumbs/class-astra-breadcrumb-trail.php en la línea 497

2023-05-30T10:08:29+00:00 CRITICAL Allowed memory size of 134217728 bytes exhausted (tried to allocate 49152 bytes) en /var/www/html/caprichoslaser.com/wp-content/themes/astra/inc/addons/breadcrumbs/class-astra-breadcrumbs.php en la línea 53

2023-05-30T10:08:29+00:00 CRITICAL Allowed memory size of 134217728 bytes exhausted (tried to allocate 49152 bytes) en /var/www/html/caprichoslaser.com/wp-content/themes/astra/inc/addons/breadcrumbs/class-astra-breadcrumbs.php en la línea 53

2023-05-30T10:08:31+00:00 CRITICAL Allowed memory size of 134217728 bytes exhausted (tried to allocate 49152 bytes) en /var/www/html/caprichoslaser.com/wp-content/themes/astra/inc/addons/breadcrumbs/class-astra-breadcrumbs.php en la línea 53

2023-05-30T10:08:31+00:00 CRITICAL Allowed memory size of 134217728 bytes exhausted (tried to allocate 49152 bytes) en /var/www/html/caprichoslaser.com/wp-content/themes/astra/inc/addons/breadcrumbs/class-astra-breadcrumbs.php en la línea 53

2023-05-30T10:08:34+00:00 CRITICAL Allowed memory size of 134217728 bytes exhausted (tried to allocate 49152 bytes) en /var/www/html/caprichoslaser.com/wp-content/themes/astra/inc/addons/breadcrumbs/class-astra-breadcrumbs.php en la línea 53

2023-05-30T10:08:35+00:00 CRITICAL Allowed memory size of 134217728 bytes exhausted (tried to allocate 40960 bytes) en /var/www/html/caprichoslaser.com/wp-content/themes/astra/inc/addons/transparent-header/classes/dynamic-css/dynamic.css.php en la línea 527

2023-05-30T10:12:20+00:00 CRITICAL Allowed memory size of 134217728 bytes exhausted (tried to allocate 798720 bytes) in /var/www/html/caprichoslaser.com/wp-includes/pomo/streams.php on line 229

